[  0%] Built target pedsim_msgs_generate_messages_cpp
[  0%] Built target actionlib_msgs_generate_messages_cpp
[  0%] Built target geometry_msgs_generate_messages_cpp
[  0%] Built target std_msgs_generate_messages_cpp
[  0%] Built target std_msgs_generate_messages_py
[  0%] Built target actionlib_msgs_generate_messages_py
[  0%] Built target _smf_move_base_msgs_generate_messages_check_deps_GotoRegion2DResult
[  0%] Built target geometry_msgs_generate_messages_py
[  0%] Built target _smf_move_base_msgs_generate_messages_check_deps_GotoRegion2DActionFeedback
[  0%] Built target _smf_move_base_msgs_generate_messages_check_deps_Goto2DGoal
[  0%] Built target _smf_move_base_msgs_generate_messages_check_deps_Goto2DFeedback
[  0%] Built target _smf_move_base_msgs_generate_messages_check_deps_Goto2DAction
[  0%] Built target _smf_move_base_msgs_generate_messages_check_deps_GotoRegion2DAction
[  0%] Built target _smf_move_base_msgs_generate_messages_check_deps_GotoRegion2DGoal
[  0%] Built target _smf_move_base_msgs_generate_messages_check_deps_RelevantAgentState
[  0%] Built target _smf_move_base_msgs_generate_messages_check_deps_Goto2DActionGoal
[  0%] Built target _smf_move_base_msgs_generate_messages_check_deps_GotoRegion2DActionResult
[  0%] Built target _smf_move_base_msgs_generate_messages_check_deps_RelevantAgentStates
[  0%] Built target _smf_move_base_msgs_generate_messages_check_deps_GotoRegion2DActionGoal
[  0%] Built target pedsim_msgs_generate_messages_lisp
[  0%] Built target _smf_move_base_msgs_generate_messages_check_deps_GotoRegion2DFeedback
[  0%] Built target pedsim_msgs_generate_messages_py
[  0%] Built target std_msgs_generate_messages_lisp
[  0%] Built target pedsim_msgs_generate_messages_eus
[  0%] Built target _smf_move_base_msgs_generate_messages_check_deps_Goto2DActionResult
[  0%] Built target geometry_msgs_generate_messages_eus
[  0%] Built target geometry_msgs_generate_messages_lisp
[  0%] Built target actionlib_msgs_generate_messages_lisp
[  0%] Built target _smf_move_base_msgs_generate_messages_check_deps_Goto2DResult
[  0%] Built target actionlib_msgs_generate_messages_eus
[  0%] Built target std_msgs_generate_messages_nodejs
[  0%] Built target actionlib_msgs_generate_messages_nodejs
[  0%] Built target pedsim_msgs_generate_messages_nodejs
[  0%] Built target std_msgs_generate_messages_eus
[  0%] Built target _smf_move_base_msgs_generate_messages_check_deps_Path2D
[  0%] Built target geometry_msgs_generate_messages_nodejs
[  0%] Built target _smf_move_base_msgs_generate_messages_check_deps_Goto2DActionFeedback
[ 74%] Built target smf_move_base_msgs_generate_messages_lisp
[ 74%] Built target smf_move_base_msgs_generate_messages_cpp
[ 80%] Built target smf_move_base_msgs_generate_messages_py
[ 90%] Built target smf_move_base_msgs_generate_messages_eus
[100%] Built target smf_move_base_msgs_generate_messages_nodejs
[100%] Built target smf_move_base_msgs_generate_messages
