Linked: (/home/luigi/amr/Walter_AMR/amr_ws/devel/.private/arlo_auto_docking/include/arlo_auto_docking/AutoDockActionGoal.h, /home/luigi/amr/Walter_AMR/amr_ws/devel/include/arlo_auto_docking/AutoDockActionGoal.h)
Linked: (/home/luigi/amr/Walter_AMR/amr_ws/devel/.private/arlo_auto_docking/include/arlo_auto_docking/AutoDockActionResult.h, /home/luigi/amr/Walter_AMR/amr_ws/devel/include/arlo_auto_docking/AutoDockActionResult.h)
Linked: (/home/luigi/amr/Walter_AMR/amr_ws/devel/.private/arlo_auto_docking/include/arlo_auto_docking/AutoDockResult.h, /home/luigi/amr/Walter_AMR/amr_ws/devel/include/arlo_auto_docking/AutoDockResult.h)
Linked: (/home/luigi/amr/Walter_AMR/amr_ws/devel/.private/arlo_auto_docking/include/arlo_auto_docking/AutoDockActionFeedback.h, /home/luigi/amr/Walter_AMR/amr_ws/devel/include/arlo_auto_docking/AutoDockActionFeedback.h)
Linked: (/home/luigi/amr/Walter_AMR/amr_ws/devel/.private/arlo_auto_docking/include/arlo_auto_docking/AutoDockAction.h, /home/luigi/amr/Walter_AMR/amr_ws/devel/include/arlo_auto_docking/AutoDockAction.h)
Linked: (/home/luigi/amr/Walter_AMR/amr_ws/devel/.private/arlo_auto_docking/include/arlo_auto_docking/AutoDockFeedback.h, /home/luigi/amr/Walter_AMR/amr_ws/devel/include/arlo_auto_docking/AutoDockFeedback.h)
Linked: (/home/luigi/amr/Walter_AMR/amr_ws/devel/.private/arlo_auto_docking/include/arlo_auto_docking/AutoDockGoal.h, /home/luigi/amr/Walter_AMR/amr_ws/devel/include/arlo_auto_docking/AutoDockGoal.h)
Linked: (/home/luigi/amr/Walter_AMR/amr_ws/devel/.private/arlo_auto_docking/share/roseus/ros/arlo_auto_docking/manifest.l, /home/luigi/amr/Walter_AMR/amr_ws/devel/share/roseus/ros/arlo_auto_docking/manifest.l)
Linked: (/home/luigi/amr/Walter_AMR/amr_ws/devel/.private/arlo_auto_docking/share/roseus/ros/arlo_auto_docking/msg/AutoDockGoal.l, /home/luigi/amr/Walter_AMR/amr_ws/devel/share/roseus/ros/arlo_auto_docking/msg/AutoDockGoal.l)
Linked: (/home/luigi/amr/Walter_AMR/amr_ws/devel/.private/arlo_auto_docking/share/roseus/ros/arlo_auto_docking/msg/AutoDockResult.l, /home/luigi/amr/Walter_AMR/amr_ws/devel/share/roseus/ros/arlo_auto_docking/msg/AutoDockResult.l)
Linked: (/home/luigi/amr/Walter_AMR/amr_ws/devel/.private/arlo_auto_docking/share/roseus/ros/arlo_auto_docking/msg/AutoDockAction.l, /home/luigi/amr/Walter_AMR/amr_ws/devel/share/roseus/ros/arlo_auto_docking/msg/AutoDockAction.l)
Linked: (/home/luigi/amr/Walter_AMR/amr_ws/devel/.private/arlo_auto_docking/share/roseus/ros/arlo_auto_docking/msg/AutoDockFeedback.l, /home/luigi/amr/Walter_AMR/amr_ws/devel/share/roseus/ros/arlo_auto_docking/msg/AutoDockFeedback.l)
Linked: (/home/luigi/amr/Walter_AMR/amr_ws/devel/.private/arlo_auto_docking/share/roseus/ros/arlo_auto_docking/msg/AutoDockActionGoal.l, /home/luigi/amr/Walter_AMR/amr_ws/devel/share/roseus/ros/arlo_auto_docking/msg/AutoDockActionGoal.l)
Linked: (/home/luigi/amr/Walter_AMR/amr_ws/devel/.private/arlo_auto_docking/share/roseus/ros/arlo_auto_docking/msg/AutoDockActionFeedback.l, /home/luigi/amr/Walter_AMR/amr_ws/devel/share/roseus/ros/arlo_auto_docking/msg/AutoDockActionFeedback.l)
Linked: (/home/luigi/amr/Walter_AMR/amr_ws/devel/.private/arlo_auto_docking/share/roseus/ros/arlo_auto_docking/msg/AutoDockActionResult.l, /home/luigi/amr/Walter_AMR/amr_ws/devel/share/roseus/ros/arlo_auto_docking/msg/AutoDockActionResult.l)
Linked: (/home/luigi/amr/Walter_AMR/amr_ws/devel/.private/arlo_auto_docking/share/common-lisp/ros/arlo_auto_docking/msg/AutoDockResult.lisp, /home/luigi/amr/Walter_AMR/amr_ws/devel/share/common-lisp/ros/arlo_auto_docking/msg/AutoDockResult.lisp)
Linked: (/home/luigi/amr/Walter_AMR/amr_ws/devel/.private/arlo_auto_docking/share/common-lisp/ros/arlo_auto_docking/msg/_package_AutoDockAction.lisp, /home/luigi/amr/Walter_AMR/amr_ws/devel/share/common-lisp/ros/arlo_auto_docking/msg/_package_AutoDockAction.lisp)
Linked: (/home/luigi/amr/Walter_AMR/amr_ws/devel/.private/arlo_auto_docking/share/common-lisp/ros/arlo_auto_docking/msg/_package_AutoDockActionResult.lisp, /home/luigi/amr/Walter_AMR/amr_ws/devel/share/common-lisp/ros/arlo_auto_docking/msg/_package_AutoDockActionResult.lisp)
Linked: (/home/luigi/amr/Walter_AMR/amr_ws/devel/.private/arlo_auto_docking/share/common-lisp/ros/arlo_auto_docking/msg/arlo_auto_docking-msg.asd, /home/luigi/amr/Walter_AMR/amr_ws/devel/share/common-lisp/ros/arlo_auto_docking/msg/arlo_auto_docking-msg.asd)
Linked: (/home/luigi/amr/Walter_AMR/amr_ws/devel/.private/arlo_auto_docking/share/common-lisp/ros/arlo_auto_docking/msg/_package.lisp, /home/luigi/amr/Walter_AMR/amr_ws/devel/share/common-lisp/ros/arlo_auto_docking/msg/_package.lisp)
Linked: (/home/luigi/amr/Walter_AMR/amr_ws/devel/.private/arlo_auto_docking/share/common-lisp/ros/arlo_auto_docking/msg/AutoDockAction.lisp, /home/luigi/amr/Walter_AMR/amr_ws/devel/share/common-lisp/ros/arlo_auto_docking/msg/AutoDockAction.lisp)
Linked: (/home/luigi/amr/Walter_AMR/amr_ws/devel/.private/arlo_auto_docking/share/common-lisp/ros/arlo_auto_docking/msg/_package_AutoDockFeedback.lisp, /home/luigi/amr/Walter_AMR/amr_ws/devel/share/common-lisp/ros/arlo_auto_docking/msg/_package_AutoDockFeedback.lisp)
Linked: (/home/luigi/amr/Walter_AMR/amr_ws/devel/.private/arlo_auto_docking/share/common-lisp/ros/arlo_auto_docking/msg/_package_AutoDockActionGoal.lisp, /home/luigi/amr/Walter_AMR/amr_ws/devel/share/common-lisp/ros/arlo_auto_docking/msg/_package_AutoDockActionGoal.lisp)
Linked: (/home/luigi/amr/Walter_AMR/amr_ws/devel/.private/arlo_auto_docking/share/common-lisp/ros/arlo_auto_docking/msg/AutoDockActionFeedback.lisp, /home/luigi/amr/Walter_AMR/amr_ws/devel/share/common-lisp/ros/arlo_auto_docking/msg/AutoDockActionFeedback.lisp)
Linked: (/home/luigi/amr/Walter_AMR/amr_ws/devel/.private/arlo_auto_docking/share/common-lisp/ros/arlo_auto_docking/msg/AutoDockActionGoal.lisp, /home/luigi/amr/Walter_AMR/amr_ws/devel/share/common-lisp/ros/arlo_auto_docking/msg/AutoDockActionGoal.lisp)
Linked: (/home/luigi/amr/Walter_AMR/amr_ws/devel/.private/arlo_auto_docking/share/common-lisp/ros/arlo_auto_docking/msg/_package_AutoDockGoal.lisp, /home/luigi/amr/Walter_AMR/amr_ws/devel/share/common-lisp/ros/arlo_auto_docking/msg/_package_AutoDockGoal.lisp)
Linked: (/home/luigi/amr/Walter_AMR/amr_ws/devel/.private/arlo_auto_docking/share/common-lisp/ros/arlo_auto_docking/msg/AutoDockGoal.lisp, /home/luigi/amr/Walter_AMR/amr_ws/devel/share/common-lisp/ros/arlo_auto_docking/msg/AutoDockGoal.lisp)
Linked: (/home/luigi/amr/Walter_AMR/amr_ws/devel/.private/arlo_auto_docking/share/common-lisp/ros/arlo_auto_docking/msg/AutoDockFeedback.lisp, /home/luigi/amr/Walter_AMR/amr_ws/devel/share/common-lisp/ros/arlo_auto_docking/msg/AutoDockFeedback.lisp)
Linked: (/home/luigi/amr/Walter_AMR/amr_ws/devel/.private/arlo_auto_docking/share/common-lisp/ros/arlo_auto_docking/msg/_package_AutoDockResult.lisp, /home/luigi/amr/Walter_AMR/amr_ws/devel/share/common-lisp/ros/arlo_auto_docking/msg/_package_AutoDockResult.lisp)
Linked: (/home/luigi/amr/Walter_AMR/amr_ws/devel/.private/arlo_auto_docking/share/common-lisp/ros/arlo_auto_docking/msg/_package_AutoDockActionFeedback.lisp, /home/luigi/amr/Walter_AMR/amr_ws/devel/share/common-lisp/ros/arlo_auto_docking/msg/_package_AutoDockActionFeedback.lisp)
Linked: (/home/luigi/amr/Walter_AMR/amr_ws/devel/.private/arlo_auto_docking/share/common-lisp/ros/arlo_auto_docking/msg/AutoDockActionResult.lisp, /home/luigi/amr/Walter_AMR/amr_ws/devel/share/common-lisp/ros/arlo_auto_docking/msg/AutoDockActionResult.lisp)
Linked: (/home/luigi/amr/Walter_AMR/amr_ws/devel/.private/arlo_auto_docking/share/gennodejs/ros/arlo_auto_docking/_index.js, /home/luigi/amr/Walter_AMR/amr_ws/devel/share/gennodejs/ros/arlo_auto_docking/_index.js)
Linked: (/home/luigi/amr/Walter_AMR/amr_ws/devel/.private/arlo_auto_docking/share/gennodejs/ros/arlo_auto_docking/msg/AutoDockAction.js, /home/luigi/amr/Walter_AMR/amr_ws/devel/share/gennodejs/ros/arlo_auto_docking/msg/AutoDockAction.js)
Linked: (/home/luigi/amr/Walter_AMR/amr_ws/devel/.private/arlo_auto_docking/share/gennodejs/ros/arlo_auto_docking/msg/AutoDockActionGoal.js, /home/luigi/amr/Walter_AMR/amr_ws/devel/share/gennodejs/ros/arlo_auto_docking/msg/AutoDockActionGoal.js)
Linked: (/home/luigi/amr/Walter_AMR/amr_ws/devel/.private/arlo_auto_docking/share/gennodejs/ros/arlo_auto_docking/msg/AutoDockResult.js, /home/luigi/amr/Walter_AMR/amr_ws/devel/share/gennodejs/ros/arlo_auto_docking/msg/AutoDockResult.js)
Linked: (/home/luigi/amr/Walter_AMR/amr_ws/devel/.private/arlo_auto_docking/share/gennodejs/ros/arlo_auto_docking/msg/AutoDockFeedback.js, /home/luigi/amr/Walter_AMR/amr_ws/devel/share/gennodejs/ros/arlo_auto_docking/msg/AutoDockFeedback.js)
Linked: (/home/luigi/amr/Walter_AMR/amr_ws/devel/.private/arlo_auto_docking/share/gennodejs/ros/arlo_auto_docking/msg/_index.js, /home/luigi/amr/Walter_AMR/amr_ws/devel/share/gennodejs/ros/arlo_auto_docking/msg/_index.js)
Linked: (/home/luigi/amr/Walter_AMR/amr_ws/devel/.private/arlo_auto_docking/share/gennodejs/ros/arlo_auto_docking/msg/AutoDockGoal.js, /home/luigi/amr/Walter_AMR/amr_ws/devel/share/gennodejs/ros/arlo_auto_docking/msg/AutoDockGoal.js)
Linked: (/home/luigi/amr/Walter_AMR/amr_ws/devel/.private/arlo_auto_docking/share/gennodejs/ros/arlo_auto_docking/msg/AutoDockActionFeedback.js, /home/luigi/amr/Walter_AMR/amr_ws/devel/share/gennodejs/ros/arlo_auto_docking/msg/AutoDockActionFeedback.js)
Linked: (/home/luigi/amr/Walter_AMR/amr_ws/devel/.private/arlo_auto_docking/share/gennodejs/ros/arlo_auto_docking/msg/AutoDockActionResult.js, /home/luigi/amr/Walter_AMR/amr_ws/devel/share/gennodejs/ros/arlo_auto_docking/msg/AutoDockActionResult.js)
Linked: (/home/luigi/amr/Walter_AMR/amr_ws/devel/.private/arlo_auto_docking/share/arlo_auto_docking/msg/AutoDockAction.msg, /home/luigi/amr/Walter_AMR/amr_ws/devel/share/arlo_auto_docking/msg/AutoDockAction.msg)
Linked: (/home/luigi/amr/Walter_AMR/amr_ws/devel/.private/arlo_auto_docking/share/arlo_auto_docking/msg/AutoDockResult.msg, /home/luigi/amr/Walter_AMR/amr_ws/devel/share/arlo_auto_docking/msg/AutoDockResult.msg)
Linked: (/home/luigi/amr/Walter_AMR/amr_ws/devel/.private/arlo_auto_docking/share/arlo_auto_docking/msg/AutoDockActionResult.msg, /home/luigi/amr/Walter_AMR/amr_ws/devel/share/arlo_auto_docking/msg/AutoDockActionResult.msg)
Linked: (/home/luigi/amr/Walter_AMR/amr_ws/devel/.private/arlo_auto_docking/share/arlo_auto_docking/msg/AutoDockFeedback.msg, /home/luigi/amr/Walter_AMR/amr_ws/devel/share/arlo_auto_docking/msg/AutoDockFeedback.msg)
Linked: (/home/luigi/amr/Walter_AMR/amr_ws/devel/.private/arlo_auto_docking/share/arlo_auto_docking/msg/AutoDockGoal.msg, /home/luigi/amr/Walter_AMR/amr_ws/devel/share/arlo_auto_docking/msg/AutoDockGoal.msg)
Linked: (/home/luigi/amr/Walter_AMR/amr_ws/devel/.private/arlo_auto_docking/share/arlo_auto_docking/msg/AutoDockActionGoal.msg, /home/luigi/amr/Walter_AMR/amr_ws/devel/share/arlo_auto_docking/msg/AutoDockActionGoal.msg)
Linked: (/home/luigi/amr/Walter_AMR/amr_ws/devel/.private/arlo_auto_docking/share/arlo_auto_docking/msg/AutoDockActionFeedback.msg, /home/luigi/amr/Walter_AMR/amr_ws/devel/share/arlo_auto_docking/msg/AutoDockActionFeedback.msg)
Linked: (/home/luigi/amr/Walter_AMR/amr_ws/devel/.private/arlo_auto_docking/share/arlo_auto_docking/cmake/arlo_auto_dockingConfig.cmake, /home/luigi/amr/Walter_AMR/amr_ws/devel/share/arlo_auto_docking/cmake/arlo_auto_dockingConfig.cmake)
Linked: (/home/luigi/amr/Walter_AMR/amr_ws/devel/.private/arlo_auto_docking/share/arlo_auto_docking/cmake/arlo_auto_dockingConfig-version.cmake, /home/luigi/amr/Walter_AMR/amr_ws/devel/share/arlo_auto_docking/cmake/arlo_auto_dockingConfig-version.cmake)
Linked: (/home/luigi/amr/Walter_AMR/amr_ws/devel/.private/arlo_auto_docking/share/arlo_auto_docking/cmake/arlo_auto_docking-msg-extras.cmake, /home/luigi/amr/Walter_AMR/amr_ws/devel/share/arlo_auto_docking/cmake/arlo_auto_docking-msg-extras.cmake)
Linked: (/home/luigi/amr/Walter_AMR/amr_ws/devel/.private/arlo_auto_docking/share/arlo_auto_docking/cmake/arlo_auto_docking-msg-paths.cmake, /home/luigi/amr/Walter_AMR/amr_ws/devel/share/arlo_auto_docking/cmake/arlo_auto_docking-msg-paths.cmake)
Linked: (/home/luigi/amr/Walter_AMR/amr_ws/devel/.private/arlo_auto_docking/lib/python3/dist-packages/arlo_auto_docking/__init__.py, /home/luigi/amr/Walter_AMR/amr_ws/devel/lib/python3/dist-packages/arlo_auto_docking/__init__.py)
Linked: (/home/luigi/amr/Walter_AMR/amr_ws/devel/.private/arlo_auto_docking/lib/python3/dist-packages/arlo_auto_docking/msg/_AutoDockFeedback.py, /home/luigi/amr/Walter_AMR/amr_ws/devel/lib/python3/dist-packages/arlo_auto_docking/msg/_AutoDockFeedback.py)
Linked: (/home/luigi/amr/Walter_AMR/amr_ws/devel/.private/arlo_auto_docking/lib/python3/dist-packages/arlo_auto_docking/msg/_AutoDockResult.py, /home/luigi/amr/Walter_AMR/amr_ws/devel/lib/python3/dist-packages/arlo_auto_docking/msg/_AutoDockResult.py)
Linked: (/home/luigi/amr/Walter_AMR/amr_ws/devel/.private/arlo_auto_docking/lib/python3/dist-packages/arlo_auto_docking/msg/_AutoDockAction.py, /home/luigi/amr/Walter_AMR/amr_ws/devel/lib/python3/dist-packages/arlo_auto_docking/msg/_AutoDockAction.py)
Linked: (/home/luigi/amr/Walter_AMR/amr_ws/devel/.private/arlo_auto_docking/lib/python3/dist-packages/arlo_auto_docking/msg/_AutoDockGoal.py, /home/luigi/amr/Walter_AMR/amr_ws/devel/lib/python3/dist-packages/arlo_auto_docking/msg/_AutoDockGoal.py)
Linked: (/home/luigi/amr/Walter_AMR/amr_ws/devel/.private/arlo_auto_docking/lib/python3/dist-packages/arlo_auto_docking/msg/_AutoDockActionGoal.py, /home/luigi/amr/Walter_AMR/amr_ws/devel/lib/python3/dist-packages/arlo_auto_docking/msg/_AutoDockActionGoal.py)
Linked: (/home/luigi/amr/Walter_AMR/amr_ws/devel/.private/arlo_auto_docking/lib/python3/dist-packages/arlo_auto_docking/msg/_AutoDockActionFeedback.py, /home/luigi/amr/Walter_AMR/amr_ws/devel/lib/python3/dist-packages/arlo_auto_docking/msg/_AutoDockActionFeedback.py)
Linked: (/home/luigi/amr/Walter_AMR/amr_ws/devel/.private/arlo_auto_docking/lib/python3/dist-packages/arlo_auto_docking/msg/_AutoDockActionResult.py, /home/luigi/amr/Walter_AMR/amr_ws/devel/lib/python3/dist-packages/arlo_auto_docking/msg/_AutoDockActionResult.py)
Linked: (/home/luigi/amr/Walter_AMR/amr_ws/devel/.private/arlo_auto_docking/lib/python3/dist-packages/arlo_auto_docking/msg/__init__.py, /home/luigi/amr/Walter_AMR/amr_ws/devel/lib/python3/dist-packages/arlo_auto_docking/msg/__init__.py)
Linked: (/home/luigi/amr/Walter_AMR/amr_ws/devel/.private/arlo_auto_docking/lib/pkgconfig/arlo_auto_docking.pc, /home/luigi/amr/Walter_AMR/amr_ws/devel/lib/pkgconfig/arlo_auto_docking.pc)
