Symlinking /home/luigi/amr/Walter_AMR/amr_ws/devel/include/arlo_auto_docking/AutoDockActionGoal.h
Symlinking /home/luigi/amr/Walter_AMR/amr_ws/devel/include/arlo_auto_docking/AutoDockActionResult.h
Symlinking /home/luigi/amr/Walter_AMR/amr_ws/devel/include/arlo_auto_docking/AutoDockResult.h
Symlinking /home/luigi/amr/Walter_AMR/amr_ws/devel/include/arlo_auto_docking/AutoDockActionFeedback.h
Symlinking /home/luigi/amr/Walter_AMR/amr_ws/devel/include/arlo_auto_docking/AutoDockAction.h
Symlinking /home/luigi/amr/Walter_AMR/amr_ws/devel/include/arlo_auto_docking/AutoDockFeedback.h
Symlinking /home/luigi/amr/Walter_AMR/amr_ws/devel/include/arlo_auto_docking/AutoDockGoal.h
Symlinking /home/luigi/amr/Walter_AMR/amr_ws/devel/share/roseus/ros/arlo_auto_docking/manifest.l
Symlinking /home/luigi/amr/Walter_AMR/amr_ws/devel/share/roseus/ros/arlo_auto_docking/msg/AutoDockGoal.l
Symlinking /home/luigi/amr/Walter_AMR/amr_ws/devel/share/roseus/ros/arlo_auto_docking/msg/AutoDockResult.l
Symlinking /home/luigi/amr/Walter_AMR/amr_ws/devel/share/roseus/ros/arlo_auto_docking/msg/AutoDockAction.l
Symlinking /home/luigi/amr/Walter_AMR/amr_ws/devel/share/roseus/ros/arlo_auto_docking/msg/AutoDockFeedback.l
Symlinking /home/luigi/amr/Walter_AMR/amr_ws/devel/share/roseus/ros/arlo_auto_docking/msg/AutoDockActionGoal.l
Symlinking /home/luigi/amr/Walter_AMR/amr_ws/devel/share/roseus/ros/arlo_auto_docking/msg/AutoDockActionFeedback.l
Symlinking /home/luigi/amr/Walter_AMR/amr_ws/devel/share/roseus/ros/arlo_auto_docking/msg/AutoDockActionResult.l
Symlinking /home/luigi/amr/Walter_AMR/amr_ws/devel/share/common-lisp/ros/arlo_auto_docking/msg/AutoDockResult.lisp
Symlinking /home/luigi/amr/Walter_AMR/amr_ws/devel/share/common-lisp/ros/arlo_auto_docking/msg/_package_AutoDockAction.lisp
Symlinking /home/luigi/amr/Walter_AMR/amr_ws/devel/share/common-lisp/ros/arlo_auto_docking/msg/_package_AutoDockActionResult.lisp
Symlinking /home/luigi/amr/Walter_AMR/amr_ws/devel/share/common-lisp/ros/arlo_auto_docking/msg/arlo_auto_docking-msg.asd
Symlinking /home/luigi/amr/Walter_AMR/amr_ws/devel/share/common-lisp/ros/arlo_auto_docking/msg/_package.lisp
Symlinking /home/luigi/amr/Walter_AMR/amr_ws/devel/share/common-lisp/ros/arlo_auto_docking/msg/AutoDockAction.lisp
Symlinking /home/luigi/amr/Walter_AMR/amr_ws/devel/share/common-lisp/ros/arlo_auto_docking/msg/_package_AutoDockFeedback.lisp
Symlinking /home/luigi/amr/Walter_AMR/amr_ws/devel/share/common-lisp/ros/arlo_auto_docking/msg/_package_AutoDockActionGoal.lisp
Symlinking /home/luigi/amr/Walter_AMR/amr_ws/devel/share/common-lisp/ros/arlo_auto_docking/msg/AutoDockActionFeedback.lisp
Symlinking /home/luigi/amr/Walter_AMR/amr_ws/devel/share/common-lisp/ros/arlo_auto_docking/msg/AutoDockActionGoal.lisp
Symlinking /home/luigi/amr/Walter_AMR/amr_ws/devel/share/common-lisp/ros/arlo_auto_docking/msg/_package_AutoDockGoal.lisp
Symlinking /home/luigi/amr/Walter_AMR/amr_ws/devel/share/common-lisp/ros/arlo_auto_docking/msg/AutoDockGoal.lisp
Symlinking /home/luigi/amr/Walter_AMR/amr_ws/devel/share/common-lisp/ros/arlo_auto_docking/msg/AutoDockFeedback.lisp
Symlinking /home/luigi/amr/Walter_AMR/amr_ws/devel/share/common-lisp/ros/arlo_auto_docking/msg/_package_AutoDockResult.lisp
Symlinking /home/luigi/amr/Walter_AMR/amr_ws/devel/share/common-lisp/ros/arlo_auto_docking/msg/_package_AutoDockActionFeedback.lisp
Symlinking /home/luigi/amr/Walter_AMR/amr_ws/devel/share/common-lisp/ros/arlo_auto_docking/msg/AutoDockActionResult.lisp
Symlinking /home/luigi/amr/Walter_AMR/amr_ws/devel/share/gennodejs/ros/arlo_auto_docking/_index.js
Symlinking /home/luigi/amr/Walter_AMR/amr_ws/devel/share/gennodejs/ros/arlo_auto_docking/msg/AutoDockAction.js
Symlinking /home/luigi/amr/Walter_AMR/amr_ws/devel/share/gennodejs/ros/arlo_auto_docking/msg/AutoDockActionGoal.js
Symlinking /home/luigi/amr/Walter_AMR/amr_ws/devel/share/gennodejs/ros/arlo_auto_docking/msg/AutoDockResult.js
Symlinking /home/luigi/amr/Walter_AMR/amr_ws/devel/share/gennodejs/ros/arlo_auto_docking/msg/AutoDockFeedback.js
Symlinking /home/luigi/amr/Walter_AMR/amr_ws/devel/share/gennodejs/ros/arlo_auto_docking/msg/_index.js
Symlinking /home/luigi/amr/Walter_AMR/amr_ws/devel/share/gennodejs/ros/arlo_auto_docking/msg/AutoDockGoal.js
Symlinking /home/luigi/amr/Walter_AMR/amr_ws/devel/share/gennodejs/ros/arlo_auto_docking/msg/AutoDockActionFeedback.js
Symlinking /home/luigi/amr/Walter_AMR/amr_ws/devel/share/gennodejs/ros/arlo_auto_docking/msg/AutoDockActionResult.js
Symlinking /home/luigi/amr/Walter_AMR/amr_ws/devel/share/arlo_auto_docking/msg/AutoDockAction.msg
Symlinking /home/luigi/amr/Walter_AMR/amr_ws/devel/share/arlo_auto_docking/msg/AutoDockResult.msg
Symlinking /home/luigi/amr/Walter_AMR/amr_ws/devel/share/arlo_auto_docking/msg/AutoDockActionResult.msg
Symlinking /home/luigi/amr/Walter_AMR/amr_ws/devel/share/arlo_auto_docking/msg/AutoDockFeedback.msg
Symlinking /home/luigi/amr/Walter_AMR/amr_ws/devel/share/arlo_auto_docking/msg/AutoDockGoal.msg
Symlinking /home/luigi/amr/Walter_AMR/amr_ws/devel/share/arlo_auto_docking/msg/AutoDockActionGoal.msg
Symlinking /home/luigi/amr/Walter_AMR/amr_ws/devel/share/arlo_auto_docking/msg/AutoDockActionFeedback.msg
Symlinking /home/luigi/amr/Walter_AMR/amr_ws/devel/share/arlo_auto_docking/cmake/arlo_auto_dockingConfig.cmake
Symlinking /home/luigi/amr/Walter_AMR/amr_ws/devel/share/arlo_auto_docking/cmake/arlo_auto_dockingConfig-version.cmake
Symlinking /home/luigi/amr/Walter_AMR/amr_ws/devel/share/arlo_auto_docking/cmake/arlo_auto_docking-msg-extras.cmake
Symlinking /home/luigi/amr/Walter_AMR/amr_ws/devel/share/arlo_auto_docking/cmake/arlo_auto_docking-msg-paths.cmake
Symlinking /home/luigi/amr/Walter_AMR/amr_ws/devel/lib/python3/dist-packages/arlo_auto_docking/__init__.py
Symlinking /home/luigi/amr/Walter_AMR/amr_ws/devel/lib/python3/dist-packages/arlo_auto_docking/msg/_AutoDockFeedback.py
Symlinking /home/luigi/amr/Walter_AMR/amr_ws/devel/lib/python3/dist-packages/arlo_auto_docking/msg/_AutoDockResult.py
Symlinking /home/luigi/amr/Walter_AMR/amr_ws/devel/lib/python3/dist-packages/arlo_auto_docking/msg/_AutoDockAction.py
Symlinking /home/luigi/amr/Walter_AMR/amr_ws/devel/lib/python3/dist-packages/arlo_auto_docking/msg/_AutoDockGoal.py
Symlinking /home/luigi/amr/Walter_AMR/amr_ws/devel/lib/python3/dist-packages/arlo_auto_docking/msg/_AutoDockActionGoal.py
Symlinking /home/luigi/amr/Walter_AMR/amr_ws/devel/lib/python3/dist-packages/arlo_auto_docking/msg/_AutoDockActionFeedback.py
Symlinking /home/luigi/amr/Walter_AMR/amr_ws/devel/lib/python3/dist-packages/arlo_auto_docking/msg/_AutoDockActionResult.py
Symlinking /home/luigi/amr/Walter_AMR/amr_ws/devel/lib/python3/dist-packages/arlo_auto_docking/msg/__init__.py
Symlinking /home/luigi/amr/Walter_AMR/amr_ws/devel/lib/pkgconfig/arlo_auto_docking.pc
