[35m[1mScanning dependencies of target std_msgs_generate_messages_nodejs[0m
[  0%] Built target std_msgs_generate_messages_nodejs
[35m[1mScanning dependencies of target _arlo_auto_docking_generate_messages_check_deps_AutoDockFeedback[0m
[  0%] Built target _arlo_auto_docking_generate_messages_check_deps_AutoDockFeedback
[35m[1mScanning dependencies of target _arlo_auto_docking_generate_messages_check_deps_AutoDockActionGoal[0m
[35m[1mScanning dependencies of target _arlo_auto_docking_generate_messages_check_deps_AutoDockResult[0m
[  0%] Built target _arlo_auto_docking_generate_messages_check_deps_AutoDockActionGoal
[  0%] Built target _arlo_auto_docking_generate_messages_check_deps_AutoDockResult
[35m[1mScanning dependencies of target _arlo_auto_docking_generate_messages_check_deps_AutoDockGoal[0m
[  0%] Built target _arlo_auto_docking_generate_messages_check_deps_AutoDockGoal
[35m[1mScanning dependencies of target _arlo_auto_docking_generate_messages_check_deps_AutoDockActionResult[0m
[  0%] Built target _arlo_auto_docking_generate_messages_check_deps_AutoDockActionResult
[35m[1mScanning dependencies of target actionlib_msgs_generate_messages_nodejs[0m
[35m[1mScanning dependencies of target _arlo_auto_docking_generate_messages_check_deps_AutoDockActionFeedback[0m
[  0%] Built target actionlib_msgs_generate_messages_nodejs
[  0%] Built target _arlo_auto_docking_generate_messages_check_deps_AutoDockActionFeedback
[35m[1mScanning dependencies of target _arlo_auto_docking_generate_messages_check_deps_AutoDockAction[0m
[  0%] Built target _arlo_auto_docking_generate_messages_check_deps_AutoDockAction
[35m[1mScanning dependencies of target std_msgs_generate_messages_py[0m
[  0%] Built target std_msgs_generate_messages_py
[35m[1mScanning dependencies of target actionlib_msgs_generate_messages_py[0m
[  0%] Built target actionlib_msgs_generate_messages_py
[35m[1mScanning dependencies of target std_msgs_generate_messages_lisp[0m
[35m[1mScanning dependencies of target actionlib_msgs_generate_messages_lisp[0m
[  0%] Built target std_msgs_generate_messages_lisp
[  0%] Built target actionlib_msgs_generate_messages_lisp
[35m[1mScanning dependencies of target actionlib_msgs_generate_messages_eus[0m
[35m[1mScanning dependencies of target std_msgs_generate_messages_eus[0m
[  0%] Built target std_msgs_generate_messages_eus
[35m[1mScanning dependencies of target actionlib_msgs_generate_messages_cpp[0m
[  0%] Built target actionlib_msgs_generate_messages_eus
[35m[1mScanning dependencies of target std_msgs_generate_messages_cpp[0m
[  0%] Built target actionlib_msgs_generate_messages_cpp
[  0%] Built target std_msgs_generate_messages_cpp
[35m[1mScanning dependencies of target arlo_auto_docking_generate_messages_nodejs[0m
[35m[1mScanning dependencies of target arlo_auto_docking_generate_messages_py[0m
[  2%] [34m[1mGenerating Javascript code from arlo_auto_docking/AutoDockAction.msg[0m
[  5%] [34m[1mGenerating Python from MSG arlo_auto_docking/AutoDockAction[0m
[35m[1mScanning dependencies of target arlo_auto_docking_generate_messages_lisp[0m
[  8%] [34m[1mGenerating Lisp code from arlo_auto_docking/AutoDockAction.msg[0m
[ 10%] [34m[1mGenerating Javascript code from arlo_auto_docking/AutoDockActionGoal.msg[0m
[ 13%] [34m[1mGenerating Lisp code from arlo_auto_docking/AutoDockActionGoal.msg[0m
[ 16%] [34m[1mGenerating Javascript code from arlo_auto_docking/AutoDockActionResult.msg[0m
[35m[1mScanning dependencies of target arlo_auto_docking_generate_messages_eus[0m
[ 18%] [34m[1mGenerating Lisp code from arlo_auto_docking/AutoDockActionResult.msg[0m
[ 21%] [34m[1mGenerating EusLisp code from arlo_auto_docking/AutoDockAction.msg[0m
[ 24%] [34m[1mGenerating Javascript code from arlo_auto_docking/AutoDockActionFeedback.msg[0m
[ 27%] [34m[1mGenerating Python from MSG arlo_auto_docking/AutoDockActionGoal[0m
[ 29%] [34m[1mGenerating EusLisp code from arlo_auto_docking/AutoDockActionGoal.msg[0m
[ 32%] [34m[1mGenerating Lisp code from arlo_auto_docking/AutoDockActionFeedback.msg[0m
[ 35%] [34m[1mGenerating Lisp code from arlo_auto_docking/AutoDockGoal.msg[0m
[ 37%] [34m[1mGenerating Javascript code from arlo_auto_docking/AutoDockGoal.msg[0m
[ 40%] [34m[1mGenerating Javascript code from arlo_auto_docking/AutoDockResult.msg[0m
[ 43%] [34m[1mGenerating Javascript code from arlo_auto_docking/AutoDockFeedback.msg[0m
[ 45%] [34m[1mGenerating Lisp code from arlo_auto_docking/AutoDockResult.msg[0m
[ 48%] [34m[1mGenerating EusLisp code from arlo_auto_docking/AutoDockActionResult.msg[0m
[35m[1mScanning dependencies of target arlo_auto_docking_generate_messages_cpp[0m
[ 51%] [34m[1mGenerating Lisp code from arlo_auto_docking/AutoDockFeedback.msg[0m
[ 54%] [34m[1mGenerating Python from MSG arlo_auto_docking/AutoDockActionResult[0m
[ 56%] [34m[1mGenerating C++ code from arlo_auto_docking/AutoDockAction.msg[0m
[ 56%] Built target arlo_auto_docking_generate_messages_nodejs
[ 59%] [34m[1mGenerating Python from MSG arlo_auto_docking/AutoDockActionFeedback[0m
[ 62%] [34m[1mGenerating C++ code from arlo_auto_docking/AutoDockActionGoal.msg[0m
[ 64%] [34m[1mGenerating C++ code from arlo_auto_docking/AutoDockActionResult.msg[0m
[ 67%] [34m[1mGenerating EusLisp code from arlo_auto_docking/AutoDockActionFeedback.msg[0m
[ 70%] [34m[1mGenerating C++ code from arlo_auto_docking/AutoDockActionFeedback.msg[0m
[ 70%] Built target arlo_auto_docking_generate_messages_lisp
[ 72%] [34m[1mGenerating C++ code from arlo_auto_docking/AutoDockGoal.msg[0m
[ 78%] [34m[1mGenerating Python from MSG arlo_auto_docking/AutoDockGoal[0m
[ 78%] [34m[1mGenerating C++ code from arlo_auto_docking/AutoDockResult.msg[0m
[ 81%] [34m[1mGenerating EusLisp code from arlo_auto_docking/AutoDockGoal.msg[0m
[ 83%] [34m[1mGenerating C++ code from arlo_auto_docking/AutoDockFeedback.msg[0m
[ 86%] [34m[1mGenerating EusLisp code from arlo_auto_docking/AutoDockResult.msg[0m
[ 89%] [34m[1mGenerating EusLisp code from arlo_auto_docking/AutoDockFeedback.msg[0m
[ 91%] [34m[1mGenerating EusLisp manifest code for arlo_auto_docking[0m
[ 94%] [34m[1mGenerating Python from MSG arlo_auto_docking/AutoDockResult[0m
[ 97%] [34m[1mGenerating Python from MSG arlo_auto_docking/AutoDockFeedback[0m
[ 97%] Built target arlo_auto_docking_generate_messages_cpp
WARNING: Package name "ArloBot_description" does not follow the naming conventions. It should start with a lower case letter and only contain lower case letters, digits, underscores, and dashes.
WARNING: Package name "robotPV_V1_description" does not follow the naming conventions. It should start with a lower case letter and only contain lower case letters, digits, underscores, and dashes.
[100%] [34m[1mGenerating Python msg __init__.py for arlo_auto_docking[0m
WARNING: Package name "ArloBot_description" does not follow the naming conventions. It should start with a lower case letter and only contain lower case letters, digits, underscores, and dashes.
WARNING: Package name "robotPV_V1_description" does not follow the naming conventions. It should start with a lower case letter and only contain lower case letters, digits, underscores, and dashes.
[100%] Built target arlo_auto_docking_generate_messages_py
[100%] Built target arlo_auto_docking_generate_messages_eus
[35m[1mScanning dependencies of target arlo_auto_docking_generate_messages[0m
[100%] Built target arlo_auto_docking_generate_messages
