Symlinking /home/luigi/amr/Walter_AMR/amr_ws/devel/include/pedsim_msgs/AgentStates.h
Symlinking /home/luigi/amr/Walter_AMR/amr_ws/devel/include/pedsim_msgs/Waypoints.h
Symlinking /home/luigi/amr/Walter_AMR/amr_ws/devel/include/pedsim_msgs/FrozenAgent.h
Symlinking /home/luigi/amr/Walter_AMR/amr_ws/devel/include/pedsim_msgs/Waypoint.h
Symlinking /home/luigi/amr/Walter_AMR/amr_ws/devel/include/pedsim_msgs/TrackedGroups.h
Symlinking /home/luigi/amr/Walter_AMR/amr_ws/devel/include/pedsim_msgs/AgentGroup.h
Symlinking /home/luigi/amr/Walter_AMR/amr_ws/devel/include/pedsim_msgs/SocialActivities.h
Symlinking /home/luigi/amr/Walter_AMR/amr_ws/devel/include/pedsim_msgs/FrozenAgents.h
Symlinking /home/luigi/amr/Walter_AMR/amr_ws/devel/include/pedsim_msgs/AgentState.h
Symlinking /home/luigi/amr/Walter_AMR/amr_ws/devel/include/pedsim_msgs/TrackedPerson.h
Symlinking /home/luigi/amr/Walter_AMR/amr_ws/devel/include/pedsim_msgs/TrackedPersons.h
Symlinking /home/luigi/amr/Walter_AMR/amr_ws/devel/include/pedsim_msgs/LineObstacles.h
Symlinking /home/luigi/amr/Walter_AMR/amr_ws/devel/include/pedsim_msgs/SocialRelation.h
Symlinking /home/luigi/amr/Walter_AMR/amr_ws/devel/include/pedsim_msgs/LineObstacle.h
Symlinking /home/luigi/amr/Walter_AMR/amr_ws/devel/include/pedsim_msgs/TrackedGroup.h
Symlinking /home/luigi/amr/Walter_AMR/amr_ws/devel/include/pedsim_msgs/SocialActivity.h
Symlinking /home/luigi/amr/Walter_AMR/amr_ws/devel/include/pedsim_msgs/AgentForce.h
Symlinking /home/luigi/amr/Walter_AMR/amr_ws/devel/include/pedsim_msgs/AgentGroups.h
Symlinking /home/luigi/amr/Walter_AMR/amr_ws/devel/include/pedsim_msgs/SocialRelations.h
Symlinking /home/luigi/amr/Walter_AMR/amr_ws/devel/share/roseus/ros/pedsim_msgs/manifest.l
Symlinking /home/luigi/amr/Walter_AMR/amr_ws/devel/share/roseus/ros/pedsim_msgs/msg/Waypoint.l
Symlinking /home/luigi/amr/Walter_AMR/amr_ws/devel/share/roseus/ros/pedsim_msgs/msg/LineObstacles.l
Symlinking /home/luigi/amr/Walter_AMR/amr_ws/devel/share/roseus/ros/pedsim_msgs/msg/TrackedGroups.l
Symlinking /home/luigi/amr/Walter_AMR/amr_ws/devel/share/roseus/ros/pedsim_msgs/msg/LineObstacle.l
Symlinking /home/luigi/amr/Walter_AMR/amr_ws/devel/share/roseus/ros/pedsim_msgs/msg/SocialActivity.l
Symlinking /home/luigi/amr/Walter_AMR/amr_ws/devel/share/roseus/ros/pedsim_msgs/msg/AgentForce.l
Symlinking /home/luigi/amr/Walter_AMR/amr_ws/devel/share/roseus/ros/pedsim_msgs/msg/SocialRelation.l
Symlinking /home/luigi/amr/Walter_AMR/amr_ws/devel/share/roseus/ros/pedsim_msgs/msg/TrackedPerson.l
Symlinking /home/luigi/amr/Walter_AMR/amr_ws/devel/share/roseus/ros/pedsim_msgs/msg/AgentState.l
Symlinking /home/luigi/amr/Walter_AMR/amr_ws/devel/share/roseus/ros/pedsim_msgs/msg/AgentStates.l
Symlinking /home/luigi/amr/Walter_AMR/amr_ws/devel/share/roseus/ros/pedsim_msgs/msg/FrozenAgents.l
Symlinking /home/luigi/amr/Walter_AMR/amr_ws/devel/share/roseus/ros/pedsim_msgs/msg/TrackedPersons.l
Symlinking /home/luigi/amr/Walter_AMR/amr_ws/devel/share/roseus/ros/pedsim_msgs/msg/FrozenAgent.l
Symlinking /home/luigi/amr/Walter_AMR/amr_ws/devel/share/roseus/ros/pedsim_msgs/msg/AgentGroups.l
Symlinking /home/luigi/amr/Walter_AMR/amr_ws/devel/share/roseus/ros/pedsim_msgs/msg/SocialRelations.l
Symlinking /home/luigi/amr/Walter_AMR/amr_ws/devel/share/roseus/ros/pedsim_msgs/msg/Waypoints.l
Symlinking /home/luigi/amr/Walter_AMR/amr_ws/devel/share/roseus/ros/pedsim_msgs/msg/SocialActivities.l
Symlinking /home/luigi/amr/Walter_AMR/amr_ws/devel/share/roseus/ros/pedsim_msgs/msg/AgentGroup.l
Symlinking /home/luigi/amr/Walter_AMR/amr_ws/devel/share/roseus/ros/pedsim_msgs/msg/TrackedGroup.l
Symlinking /home/luigi/amr/Walter_AMR/amr_ws/devel/share/common-lisp/ros/pedsim_msgs/msg/SocialActivity.lisp
Symlinking /home/luigi/amr/Walter_AMR/amr_ws/devel/share/common-lisp/ros/pedsim_msgs/msg/_package_LineObstacle.lisp
Symlinking /home/luigi/amr/Walter_AMR/amr_ws/devel/share/common-lisp/ros/pedsim_msgs/msg/SocialRelations.lisp
Symlinking /home/luigi/amr/Walter_AMR/amr_ws/devel/share/common-lisp/ros/pedsim_msgs/msg/TrackedGroup.lisp
Symlinking /home/luigi/amr/Walter_AMR/amr_ws/devel/share/common-lisp/ros/pedsim_msgs/msg/AgentStates.lisp
Symlinking /home/luigi/amr/Walter_AMR/amr_ws/devel/share/common-lisp/ros/pedsim_msgs/msg/_package.lisp
Symlinking /home/luigi/amr/Walter_AMR/amr_ws/devel/share/common-lisp/ros/pedsim_msgs/msg/TrackedGroups.lisp
Symlinking /home/luigi/amr/Walter_AMR/amr_ws/devel/share/common-lisp/ros/pedsim_msgs/msg/_package_SocialActivity.lisp
Symlinking /home/luigi/amr/Walter_AMR/amr_ws/devel/share/common-lisp/ros/pedsim_msgs/msg/_package_TrackedGroups.lisp
Symlinking /home/luigi/amr/Walter_AMR/amr_ws/devel/share/common-lisp/ros/pedsim_msgs/msg/LineObstacle.lisp
Symlinking /home/luigi/amr/Walter_AMR/amr_ws/devel/share/common-lisp/ros/pedsim_msgs/msg/SocialRelation.lisp
Symlinking /home/luigi/amr/Walter_AMR/amr_ws/devel/share/common-lisp/ros/pedsim_msgs/msg/AgentGroups.lisp
Symlinking /home/luigi/amr/Walter_AMR/amr_ws/devel/share/common-lisp/ros/pedsim_msgs/msg/FrozenAgents.lisp
Symlinking /home/luigi/amr/Walter_AMR/amr_ws/devel/share/common-lisp/ros/pedsim_msgs/msg/_package_AgentStates.lisp
Symlinking /home/luigi/amr/Walter_AMR/amr_ws/devel/share/common-lisp/ros/pedsim_msgs/msg/_package_Waypoint.lisp
Symlinking /home/luigi/amr/Walter_AMR/amr_ws/devel/share/common-lisp/ros/pedsim_msgs/msg/_package_AgentGroups.lisp
Symlinking /home/luigi/amr/Walter_AMR/amr_ws/devel/share/common-lisp/ros/pedsim_msgs/msg/Waypoint.lisp
Symlinking /home/luigi/amr/Walter_AMR/amr_ws/devel/share/common-lisp/ros/pedsim_msgs/msg/_package_FrozenAgent.lisp
Symlinking /home/luigi/amr/Walter_AMR/amr_ws/devel/share/common-lisp/ros/pedsim_msgs/msg/AgentForce.lisp
Symlinking /home/luigi/amr/Walter_AMR/amr_ws/devel/share/common-lisp/ros/pedsim_msgs/msg/pedsim_msgs-msg.asd
Symlinking /home/luigi/amr/Walter_AMR/amr_ws/devel/share/common-lisp/ros/pedsim_msgs/msg/_package_SocialRelation.lisp
Symlinking /home/luigi/amr/Walter_AMR/amr_ws/devel/share/common-lisp/ros/pedsim_msgs/msg/_package_Waypoints.lisp
Symlinking /home/luigi/amr/Walter_AMR/amr_ws/devel/share/common-lisp/ros/pedsim_msgs/msg/FrozenAgent.lisp
Symlinking /home/luigi/amr/Walter_AMR/amr_ws/devel/share/common-lisp/ros/pedsim_msgs/msg/_package_FrozenAgents.lisp
Symlinking /home/luigi/amr/Walter_AMR/amr_ws/devel/share/common-lisp/ros/pedsim_msgs/msg/_package_TrackedPersons.lisp
Symlinking /home/luigi/amr/Walter_AMR/amr_ws/devel/share/common-lisp/ros/pedsim_msgs/msg/_package_SocialActivities.lisp
Symlinking /home/luigi/amr/Walter_AMR/amr_ws/devel/share/common-lisp/ros/pedsim_msgs/msg/SocialActivities.lisp
Symlinking /home/luigi/amr/Walter_AMR/amr_ws/devel/share/common-lisp/ros/pedsim_msgs/msg/_package_LineObstacles.lisp
Symlinking /home/luigi/amr/Walter_AMR/amr_ws/devel/share/common-lisp/ros/pedsim_msgs/msg/_package_TrackedPerson.lisp
Symlinking /home/luigi/amr/Walter_AMR/amr_ws/devel/share/common-lisp/ros/pedsim_msgs/msg/Waypoints.lisp
Symlinking /home/luigi/amr/Walter_AMR/amr_ws/devel/share/common-lisp/ros/pedsim_msgs/msg/AgentGroup.lisp
Symlinking /home/luigi/amr/Walter_AMR/amr_ws/devel/share/common-lisp/ros/pedsim_msgs/msg/AgentState.lisp
Symlinking /home/luigi/amr/Walter_AMR/amr_ws/devel/share/common-lisp/ros/pedsim_msgs/msg/_package_AgentForce.lisp
Symlinking /home/luigi/amr/Walter_AMR/amr_ws/devel/share/common-lisp/ros/pedsim_msgs/msg/_package_AgentState.lisp
Symlinking /home/luigi/amr/Walter_AMR/amr_ws/devel/share/common-lisp/ros/pedsim_msgs/msg/LineObstacles.lisp
Symlinking /home/luigi/amr/Walter_AMR/amr_ws/devel/share/common-lisp/ros/pedsim_msgs/msg/TrackedPersons.lisp
Symlinking /home/luigi/amr/Walter_AMR/amr_ws/devel/share/common-lisp/ros/pedsim_msgs/msg/_package_SocialRelations.lisp
Symlinking /home/luigi/amr/Walter_AMR/amr_ws/devel/share/common-lisp/ros/pedsim_msgs/msg/TrackedPerson.lisp
Symlinking /home/luigi/amr/Walter_AMR/amr_ws/devel/share/common-lisp/ros/pedsim_msgs/msg/_package_AgentGroup.lisp
Symlinking /home/luigi/amr/Walter_AMR/amr_ws/devel/share/common-lisp/ros/pedsim_msgs/msg/_package_TrackedGroup.lisp
Symlinking /home/luigi/amr/Walter_AMR/amr_ws/devel/share/gennodejs/ros/pedsim_msgs/_index.js
Symlinking /home/luigi/amr/Walter_AMR/amr_ws/devel/share/gennodejs/ros/pedsim_msgs/msg/TrackedGroups.js
Symlinking /home/luigi/amr/Walter_AMR/amr_ws/devel/share/gennodejs/ros/pedsim_msgs/msg/TrackedPersons.js
Symlinking /home/luigi/amr/Walter_AMR/amr_ws/devel/share/gennodejs/ros/pedsim_msgs/msg/SocialActivities.js
Symlinking /home/luigi/amr/Walter_AMR/amr_ws/devel/share/gennodejs/ros/pedsim_msgs/msg/TrackedGroup.js
Symlinking /home/luigi/amr/Walter_AMR/amr_ws/devel/share/gennodejs/ros/pedsim_msgs/msg/TrackedPerson.js
Symlinking /home/luigi/amr/Walter_AMR/amr_ws/devel/share/gennodejs/ros/pedsim_msgs/msg/SocialRelation.js
Symlinking /home/luigi/amr/Walter_AMR/amr_ws/devel/share/gennodejs/ros/pedsim_msgs/msg/AgentForce.js
Symlinking /home/luigi/amr/Walter_AMR/amr_ws/devel/share/gennodejs/ros/pedsim_msgs/msg/AgentStates.js
Symlinking /home/luigi/amr/Walter_AMR/amr_ws/devel/share/gennodejs/ros/pedsim_msgs/msg/_index.js
Symlinking /home/luigi/amr/Walter_AMR/amr_ws/devel/share/gennodejs/ros/pedsim_msgs/msg/Waypoint.js
Symlinking /home/luigi/amr/Walter_AMR/amr_ws/devel/share/gennodejs/ros/pedsim_msgs/msg/SocialRelations.js
Symlinking /home/luigi/amr/Walter_AMR/amr_ws/devel/share/gennodejs/ros/pedsim_msgs/msg/LineObstacle.js
Symlinking /home/luigi/amr/Walter_AMR/amr_ws/devel/share/gennodejs/ros/pedsim_msgs/msg/SocialActivity.js
Symlinking /home/luigi/amr/Walter_AMR/amr_ws/devel/share/gennodejs/ros/pedsim_msgs/msg/AgentGroup.js
Symlinking /home/luigi/amr/Walter_AMR/amr_ws/devel/share/gennodejs/ros/pedsim_msgs/msg/Waypoints.js
Symlinking /home/luigi/amr/Walter_AMR/amr_ws/devel/share/gennodejs/ros/pedsim_msgs/msg/AgentGroups.js
Symlinking /home/luigi/amr/Walter_AMR/amr_ws/devel/share/gennodejs/ros/pedsim_msgs/msg/AgentState.js
Symlinking /home/luigi/amr/Walter_AMR/amr_ws/devel/share/gennodejs/ros/pedsim_msgs/msg/FrozenAgent.js
Symlinking /home/luigi/amr/Walter_AMR/amr_ws/devel/share/gennodejs/ros/pedsim_msgs/msg/FrozenAgents.js
Symlinking /home/luigi/amr/Walter_AMR/amr_ws/devel/share/gennodejs/ros/pedsim_msgs/msg/LineObstacles.js
Symlinking /home/luigi/amr/Walter_AMR/amr_ws/devel/share/pedsim_msgs/cmake/pedsim_msgsConfig.cmake
Symlinking /home/luigi/amr/Walter_AMR/amr_ws/devel/share/pedsim_msgs/cmake/pedsim_msgsConfig-version.cmake
Symlinking /home/luigi/amr/Walter_AMR/amr_ws/devel/share/pedsim_msgs/cmake/pedsim_msgs-msg-extras.cmake
Symlinking /home/luigi/amr/Walter_AMR/amr_ws/devel/share/pedsim_msgs/cmake/pedsim_msgs-msg-paths.cmake
Symlinking /home/luigi/amr/Walter_AMR/amr_ws/devel/lib/python3/dist-packages/pedsim_msgs/__init__.py
Symlinking /home/luigi/amr/Walter_AMR/amr_ws/devel/lib/python3/dist-packages/pedsim_msgs/msg/_SocialActivities.py
Symlinking /home/luigi/amr/Walter_AMR/amr_ws/devel/lib/python3/dist-packages/pedsim_msgs/msg/_FrozenAgent.py
Symlinking /home/luigi/amr/Walter_AMR/amr_ws/devel/lib/python3/dist-packages/pedsim_msgs/msg/_SocialRelations.py
Symlinking /home/luigi/amr/Walter_AMR/amr_ws/devel/lib/python3/dist-packages/pedsim_msgs/msg/_SocialActivity.py
Symlinking /home/luigi/amr/Walter_AMR/amr_ws/devel/lib/python3/dist-packages/pedsim_msgs/msg/_TrackedGroup.py
Symlinking /home/luigi/amr/Walter_AMR/amr_ws/devel/lib/python3/dist-packages/pedsim_msgs/msg/_Waypoints.py
Symlinking /home/luigi/amr/Walter_AMR/amr_ws/devel/lib/python3/dist-packages/pedsim_msgs/msg/_SocialRelation.py
Symlinking /home/luigi/amr/Walter_AMR/amr_ws/devel/lib/python3/dist-packages/pedsim_msgs/msg/_TrackedGroups.py
Symlinking /home/luigi/amr/Walter_AMR/amr_ws/devel/lib/python3/dist-packages/pedsim_msgs/msg/_TrackedPerson.py
Symlinking /home/luigi/amr/Walter_AMR/amr_ws/devel/lib/python3/dist-packages/pedsim_msgs/msg/_LineObstacles.py
Symlinking /home/luigi/amr/Walter_AMR/amr_ws/devel/lib/python3/dist-packages/pedsim_msgs/msg/_AgentStates.py
Symlinking /home/luigi/amr/Walter_AMR/amr_ws/devel/lib/python3/dist-packages/pedsim_msgs/msg/_AgentState.py
Symlinking /home/luigi/amr/Walter_AMR/amr_ws/devel/lib/python3/dist-packages/pedsim_msgs/msg/_FrozenAgents.py
Symlinking /home/luigi/amr/Walter_AMR/amr_ws/devel/lib/python3/dist-packages/pedsim_msgs/msg/_LineObstacle.py
Symlinking /home/luigi/amr/Walter_AMR/amr_ws/devel/lib/python3/dist-packages/pedsim_msgs/msg/_Waypoint.py
Symlinking /home/luigi/amr/Walter_AMR/amr_ws/devel/lib/python3/dist-packages/pedsim_msgs/msg/_TrackedPersons.py
Symlinking /home/luigi/amr/Walter_AMR/amr_ws/devel/lib/python3/dist-packages/pedsim_msgs/msg/_AgentGroups.py
Symlinking /home/luigi/amr/Walter_AMR/amr_ws/devel/lib/python3/dist-packages/pedsim_msgs/msg/__init__.py
Symlinking /home/luigi/amr/Walter_AMR/amr_ws/devel/lib/python3/dist-packages/pedsim_msgs/msg/_AgentGroup.py
Symlinking /home/luigi/amr/Walter_AMR/amr_ws/devel/lib/python3/dist-packages/pedsim_msgs/msg/_AgentForce.py
Symlinking /home/luigi/amr/Walter_AMR/amr_ws/devel/lib/pkgconfig/pedsim_msgs.pc
