Linked: (/home/luigi/amr/Walter_AMR/amr_ws/devel/.private/pedsim_msgs/include/pedsim_msgs/AgentStates.h, /home/luigi/amr/Walter_AMR/amr_ws/devel/include/pedsim_msgs/AgentStates.h)
Linked: (/home/luigi/amr/Walter_AMR/amr_ws/devel/.private/pedsim_msgs/include/pedsim_msgs/Waypoints.h, /home/luigi/amr/Walter_AMR/amr_ws/devel/include/pedsim_msgs/Waypoints.h)
Linked: (/home/luigi/amr/Walter_AMR/amr_ws/devel/.private/pedsim_msgs/include/pedsim_msgs/FrozenAgent.h, /home/luigi/amr/Walter_AMR/amr_ws/devel/include/pedsim_msgs/FrozenAgent.h)
Linked: (/home/luigi/amr/Walter_AMR/amr_ws/devel/.private/pedsim_msgs/include/pedsim_msgs/Waypoint.h, /home/luigi/amr/Walter_AMR/amr_ws/devel/include/pedsim_msgs/Waypoint.h)
Linked: (/home/luigi/amr/Walter_AMR/amr_ws/devel/.private/pedsim_msgs/include/pedsim_msgs/TrackedGroups.h, /home/luigi/amr/Walter_AMR/amr_ws/devel/include/pedsim_msgs/TrackedGroups.h)
Linked: (/home/luigi/amr/Walter_AMR/amr_ws/devel/.private/pedsim_msgs/include/pedsim_msgs/AgentGroup.h, /home/luigi/amr/Walter_AMR/amr_ws/devel/include/pedsim_msgs/AgentGroup.h)
Linked: (/home/luigi/amr/Walter_AMR/amr_ws/devel/.private/pedsim_msgs/include/pedsim_msgs/SocialActivities.h, /home/luigi/amr/Walter_AMR/amr_ws/devel/include/pedsim_msgs/SocialActivities.h)
Linked: (/home/luigi/amr/Walter_AMR/amr_ws/devel/.private/pedsim_msgs/include/pedsim_msgs/FrozenAgents.h, /home/luigi/amr/Walter_AMR/amr_ws/devel/include/pedsim_msgs/FrozenAgents.h)
Linked: (/home/luigi/amr/Walter_AMR/amr_ws/devel/.private/pedsim_msgs/include/pedsim_msgs/AgentState.h, /home/luigi/amr/Walter_AMR/amr_ws/devel/include/pedsim_msgs/AgentState.h)
Linked: (/home/luigi/amr/Walter_AMR/amr_ws/devel/.private/pedsim_msgs/include/pedsim_msgs/TrackedPerson.h, /home/luigi/amr/Walter_AMR/amr_ws/devel/include/pedsim_msgs/TrackedPerson.h)
Linked: (/home/luigi/amr/Walter_AMR/amr_ws/devel/.private/pedsim_msgs/include/pedsim_msgs/TrackedPersons.h, /home/luigi/amr/Walter_AMR/amr_ws/devel/include/pedsim_msgs/TrackedPersons.h)
Linked: (/home/luigi/amr/Walter_AMR/amr_ws/devel/.private/pedsim_msgs/include/pedsim_msgs/LineObstacles.h, /home/luigi/amr/Walter_AMR/amr_ws/devel/include/pedsim_msgs/LineObstacles.h)
Linked: (/home/luigi/amr/Walter_AMR/amr_ws/devel/.private/pedsim_msgs/include/pedsim_msgs/SocialRelation.h, /home/luigi/amr/Walter_AMR/amr_ws/devel/include/pedsim_msgs/SocialRelation.h)
Linked: (/home/luigi/amr/Walter_AMR/amr_ws/devel/.private/pedsim_msgs/include/pedsim_msgs/LineObstacle.h, /home/luigi/amr/Walter_AMR/amr_ws/devel/include/pedsim_msgs/LineObstacle.h)
Linked: (/home/luigi/amr/Walter_AMR/amr_ws/devel/.private/pedsim_msgs/include/pedsim_msgs/TrackedGroup.h, /home/luigi/amr/Walter_AMR/amr_ws/devel/include/pedsim_msgs/TrackedGroup.h)
Linked: (/home/luigi/amr/Walter_AMR/amr_ws/devel/.private/pedsim_msgs/include/pedsim_msgs/SocialActivity.h, /home/luigi/amr/Walter_AMR/amr_ws/devel/include/pedsim_msgs/SocialActivity.h)
Linked: (/home/luigi/amr/Walter_AMR/amr_ws/devel/.private/pedsim_msgs/include/pedsim_msgs/AgentForce.h, /home/luigi/amr/Walter_AMR/amr_ws/devel/include/pedsim_msgs/AgentForce.h)
Linked: (/home/luigi/amr/Walter_AMR/amr_ws/devel/.private/pedsim_msgs/include/pedsim_msgs/AgentGroups.h, /home/luigi/amr/Walter_AMR/amr_ws/devel/include/pedsim_msgs/AgentGroups.h)
Linked: (/home/luigi/amr/Walter_AMR/amr_ws/devel/.private/pedsim_msgs/include/pedsim_msgs/SocialRelations.h, /home/luigi/amr/Walter_AMR/amr_ws/devel/include/pedsim_msgs/SocialRelations.h)
Linked: (/home/luigi/amr/Walter_AMR/amr_ws/devel/.private/pedsim_msgs/share/roseus/ros/pedsim_msgs/manifest.l, /home/luigi/amr/Walter_AMR/amr_ws/devel/share/roseus/ros/pedsim_msgs/manifest.l)
Linked: (/home/luigi/amr/Walter_AMR/amr_ws/devel/.private/pedsim_msgs/share/roseus/ros/pedsim_msgs/msg/Waypoint.l, /home/luigi/amr/Walter_AMR/amr_ws/devel/share/roseus/ros/pedsim_msgs/msg/Waypoint.l)
Linked: (/home/luigi/amr/Walter_AMR/amr_ws/devel/.private/pedsim_msgs/share/roseus/ros/pedsim_msgs/msg/LineObstacles.l, /home/luigi/amr/Walter_AMR/amr_ws/devel/share/roseus/ros/pedsim_msgs/msg/LineObstacles.l)
Linked: (/home/luigi/amr/Walter_AMR/amr_ws/devel/.private/pedsim_msgs/share/roseus/ros/pedsim_msgs/msg/TrackedGroups.l, /home/luigi/amr/Walter_AMR/amr_ws/devel/share/roseus/ros/pedsim_msgs/msg/TrackedGroups.l)
Linked: (/home/luigi/amr/Walter_AMR/amr_ws/devel/.private/pedsim_msgs/share/roseus/ros/pedsim_msgs/msg/LineObstacle.l, /home/luigi/amr/Walter_AMR/amr_ws/devel/share/roseus/ros/pedsim_msgs/msg/LineObstacle.l)
Linked: (/home/luigi/amr/Walter_AMR/amr_ws/devel/.private/pedsim_msgs/share/roseus/ros/pedsim_msgs/msg/SocialActivity.l, /home/luigi/amr/Walter_AMR/amr_ws/devel/share/roseus/ros/pedsim_msgs/msg/SocialActivity.l)
Linked: (/home/luigi/amr/Walter_AMR/amr_ws/devel/.private/pedsim_msgs/share/roseus/ros/pedsim_msgs/msg/AgentForce.l, /home/luigi/amr/Walter_AMR/amr_ws/devel/share/roseus/ros/pedsim_msgs/msg/AgentForce.l)
Linked: (/home/luigi/amr/Walter_AMR/amr_ws/devel/.private/pedsim_msgs/share/roseus/ros/pedsim_msgs/msg/SocialRelation.l, /home/luigi/amr/Walter_AMR/amr_ws/devel/share/roseus/ros/pedsim_msgs/msg/SocialRelation.l)
Linked: (/home/luigi/amr/Walter_AMR/amr_ws/devel/.private/pedsim_msgs/share/roseus/ros/pedsim_msgs/msg/TrackedPerson.l, /home/luigi/amr/Walter_AMR/amr_ws/devel/share/roseus/ros/pedsim_msgs/msg/TrackedPerson.l)
Linked: (/home/luigi/amr/Walter_AMR/amr_ws/devel/.private/pedsim_msgs/share/roseus/ros/pedsim_msgs/msg/AgentState.l, /home/luigi/amr/Walter_AMR/amr_ws/devel/share/roseus/ros/pedsim_msgs/msg/AgentState.l)
Linked: (/home/luigi/amr/Walter_AMR/amr_ws/devel/.private/pedsim_msgs/share/roseus/ros/pedsim_msgs/msg/AgentStates.l, /home/luigi/amr/Walter_AMR/amr_ws/devel/share/roseus/ros/pedsim_msgs/msg/AgentStates.l)
Linked: (/home/luigi/amr/Walter_AMR/amr_ws/devel/.private/pedsim_msgs/share/roseus/ros/pedsim_msgs/msg/FrozenAgents.l, /home/luigi/amr/Walter_AMR/amr_ws/devel/share/roseus/ros/pedsim_msgs/msg/FrozenAgents.l)
Linked: (/home/luigi/amr/Walter_AMR/amr_ws/devel/.private/pedsim_msgs/share/roseus/ros/pedsim_msgs/msg/TrackedPersons.l, /home/luigi/amr/Walter_AMR/amr_ws/devel/share/roseus/ros/pedsim_msgs/msg/TrackedPersons.l)
Linked: (/home/luigi/amr/Walter_AMR/amr_ws/devel/.private/pedsim_msgs/share/roseus/ros/pedsim_msgs/msg/FrozenAgent.l, /home/luigi/amr/Walter_AMR/amr_ws/devel/share/roseus/ros/pedsim_msgs/msg/FrozenAgent.l)
Linked: (/home/luigi/amr/Walter_AMR/amr_ws/devel/.private/pedsim_msgs/share/roseus/ros/pedsim_msgs/msg/AgentGroups.l, /home/luigi/amr/Walter_AMR/amr_ws/devel/share/roseus/ros/pedsim_msgs/msg/AgentGroups.l)
Linked: (/home/luigi/amr/Walter_AMR/amr_ws/devel/.private/pedsim_msgs/share/roseus/ros/pedsim_msgs/msg/SocialRelations.l, /home/luigi/amr/Walter_AMR/amr_ws/devel/share/roseus/ros/pedsim_msgs/msg/SocialRelations.l)
Linked: (/home/luigi/amr/Walter_AMR/amr_ws/devel/.private/pedsim_msgs/share/roseus/ros/pedsim_msgs/msg/Waypoints.l, /home/luigi/amr/Walter_AMR/amr_ws/devel/share/roseus/ros/pedsim_msgs/msg/Waypoints.l)
Linked: (/home/luigi/amr/Walter_AMR/amr_ws/devel/.private/pedsim_msgs/share/roseus/ros/pedsim_msgs/msg/SocialActivities.l, /home/luigi/amr/Walter_AMR/amr_ws/devel/share/roseus/ros/pedsim_msgs/msg/SocialActivities.l)
Linked: (/home/luigi/amr/Walter_AMR/amr_ws/devel/.private/pedsim_msgs/share/roseus/ros/pedsim_msgs/msg/AgentGroup.l, /home/luigi/amr/Walter_AMR/amr_ws/devel/share/roseus/ros/pedsim_msgs/msg/AgentGroup.l)
Linked: (/home/luigi/amr/Walter_AMR/amr_ws/devel/.private/pedsim_msgs/share/roseus/ros/pedsim_msgs/msg/TrackedGroup.l, /home/luigi/amr/Walter_AMR/amr_ws/devel/share/roseus/ros/pedsim_msgs/msg/TrackedGroup.l)
Linked: (/home/luigi/amr/Walter_AMR/amr_ws/devel/.private/pedsim_msgs/share/common-lisp/ros/pedsim_msgs/msg/SocialActivity.lisp, /home/luigi/amr/Walter_AMR/amr_ws/devel/share/common-lisp/ros/pedsim_msgs/msg/SocialActivity.lisp)
Linked: (/home/luigi/amr/Walter_AMR/amr_ws/devel/.private/pedsim_msgs/share/common-lisp/ros/pedsim_msgs/msg/_package_LineObstacle.lisp, /home/luigi/amr/Walter_AMR/amr_ws/devel/share/common-lisp/ros/pedsim_msgs/msg/_package_LineObstacle.lisp)
Linked: (/home/luigi/amr/Walter_AMR/amr_ws/devel/.private/pedsim_msgs/share/common-lisp/ros/pedsim_msgs/msg/SocialRelations.lisp, /home/luigi/amr/Walter_AMR/amr_ws/devel/share/common-lisp/ros/pedsim_msgs/msg/SocialRelations.lisp)
Linked: (/home/luigi/amr/Walter_AMR/amr_ws/devel/.private/pedsim_msgs/share/common-lisp/ros/pedsim_msgs/msg/TrackedGroup.lisp, /home/luigi/amr/Walter_AMR/amr_ws/devel/share/common-lisp/ros/pedsim_msgs/msg/TrackedGroup.lisp)
Linked: (/home/luigi/amr/Walter_AMR/amr_ws/devel/.private/pedsim_msgs/share/common-lisp/ros/pedsim_msgs/msg/AgentStates.lisp, /home/luigi/amr/Walter_AMR/amr_ws/devel/share/common-lisp/ros/pedsim_msgs/msg/AgentStates.lisp)
Linked: (/home/luigi/amr/Walter_AMR/amr_ws/devel/.private/pedsim_msgs/share/common-lisp/ros/pedsim_msgs/msg/_package.lisp, /home/luigi/amr/Walter_AMR/amr_ws/devel/share/common-lisp/ros/pedsim_msgs/msg/_package.lisp)
Linked: (/home/luigi/amr/Walter_AMR/amr_ws/devel/.private/pedsim_msgs/share/common-lisp/ros/pedsim_msgs/msg/TrackedGroups.lisp, /home/luigi/amr/Walter_AMR/amr_ws/devel/share/common-lisp/ros/pedsim_msgs/msg/TrackedGroups.lisp)
Linked: (/home/luigi/amr/Walter_AMR/amr_ws/devel/.private/pedsim_msgs/share/common-lisp/ros/pedsim_msgs/msg/_package_SocialActivity.lisp, /home/luigi/amr/Walter_AMR/amr_ws/devel/share/common-lisp/ros/pedsim_msgs/msg/_package_SocialActivity.lisp)
Linked: (/home/luigi/amr/Walter_AMR/amr_ws/devel/.private/pedsim_msgs/share/common-lisp/ros/pedsim_msgs/msg/_package_TrackedGroups.lisp, /home/luigi/amr/Walter_AMR/amr_ws/devel/share/common-lisp/ros/pedsim_msgs/msg/_package_TrackedGroups.lisp)
Linked: (/home/luigi/amr/Walter_AMR/amr_ws/devel/.private/pedsim_msgs/share/common-lisp/ros/pedsim_msgs/msg/LineObstacle.lisp, /home/luigi/amr/Walter_AMR/amr_ws/devel/share/common-lisp/ros/pedsim_msgs/msg/LineObstacle.lisp)
Linked: (/home/luigi/amr/Walter_AMR/amr_ws/devel/.private/pedsim_msgs/share/common-lisp/ros/pedsim_msgs/msg/SocialRelation.lisp, /home/luigi/amr/Walter_AMR/amr_ws/devel/share/common-lisp/ros/pedsim_msgs/msg/SocialRelation.lisp)
Linked: (/home/luigi/amr/Walter_AMR/amr_ws/devel/.private/pedsim_msgs/share/common-lisp/ros/pedsim_msgs/msg/AgentGroups.lisp, /home/luigi/amr/Walter_AMR/amr_ws/devel/share/common-lisp/ros/pedsim_msgs/msg/AgentGroups.lisp)
Linked: (/home/luigi/amr/Walter_AMR/amr_ws/devel/.private/pedsim_msgs/share/common-lisp/ros/pedsim_msgs/msg/FrozenAgents.lisp, /home/luigi/amr/Walter_AMR/amr_ws/devel/share/common-lisp/ros/pedsim_msgs/msg/FrozenAgents.lisp)
Linked: (/home/luigi/amr/Walter_AMR/amr_ws/devel/.private/pedsim_msgs/share/common-lisp/ros/pedsim_msgs/msg/_package_AgentStates.lisp, /home/luigi/amr/Walter_AMR/amr_ws/devel/share/common-lisp/ros/pedsim_msgs/msg/_package_AgentStates.lisp)
Linked: (/home/luigi/amr/Walter_AMR/amr_ws/devel/.private/pedsim_msgs/share/common-lisp/ros/pedsim_msgs/msg/_package_Waypoint.lisp, /home/luigi/amr/Walter_AMR/amr_ws/devel/share/common-lisp/ros/pedsim_msgs/msg/_package_Waypoint.lisp)
Linked: (/home/luigi/amr/Walter_AMR/amr_ws/devel/.private/pedsim_msgs/share/common-lisp/ros/pedsim_msgs/msg/_package_AgentGroups.lisp, /home/luigi/amr/Walter_AMR/amr_ws/devel/share/common-lisp/ros/pedsim_msgs/msg/_package_AgentGroups.lisp)
Linked: (/home/luigi/amr/Walter_AMR/amr_ws/devel/.private/pedsim_msgs/share/common-lisp/ros/pedsim_msgs/msg/Waypoint.lisp, /home/luigi/amr/Walter_AMR/amr_ws/devel/share/common-lisp/ros/pedsim_msgs/msg/Waypoint.lisp)
Linked: (/home/luigi/amr/Walter_AMR/amr_ws/devel/.private/pedsim_msgs/share/common-lisp/ros/pedsim_msgs/msg/_package_FrozenAgent.lisp, /home/luigi/amr/Walter_AMR/amr_ws/devel/share/common-lisp/ros/pedsim_msgs/msg/_package_FrozenAgent.lisp)
Linked: (/home/luigi/amr/Walter_AMR/amr_ws/devel/.private/pedsim_msgs/share/common-lisp/ros/pedsim_msgs/msg/AgentForce.lisp, /home/luigi/amr/Walter_AMR/amr_ws/devel/share/common-lisp/ros/pedsim_msgs/msg/AgentForce.lisp)
Linked: (/home/luigi/amr/Walter_AMR/amr_ws/devel/.private/pedsim_msgs/share/common-lisp/ros/pedsim_msgs/msg/pedsim_msgs-msg.asd, /home/luigi/amr/Walter_AMR/amr_ws/devel/share/common-lisp/ros/pedsim_msgs/msg/pedsim_msgs-msg.asd)
Linked: (/home/luigi/amr/Walter_AMR/amr_ws/devel/.private/pedsim_msgs/share/common-lisp/ros/pedsim_msgs/msg/_package_SocialRelation.lisp, /home/luigi/amr/Walter_AMR/amr_ws/devel/share/common-lisp/ros/pedsim_msgs/msg/_package_SocialRelation.lisp)
Linked: (/home/luigi/amr/Walter_AMR/amr_ws/devel/.private/pedsim_msgs/share/common-lisp/ros/pedsim_msgs/msg/_package_Waypoints.lisp, /home/luigi/amr/Walter_AMR/amr_ws/devel/share/common-lisp/ros/pedsim_msgs/msg/_package_Waypoints.lisp)
Linked: (/home/luigi/amr/Walter_AMR/amr_ws/devel/.private/pedsim_msgs/share/common-lisp/ros/pedsim_msgs/msg/FrozenAgent.lisp, /home/luigi/amr/Walter_AMR/amr_ws/devel/share/common-lisp/ros/pedsim_msgs/msg/FrozenAgent.lisp)
Linked: (/home/luigi/amr/Walter_AMR/amr_ws/devel/.private/pedsim_msgs/share/common-lisp/ros/pedsim_msgs/msg/_package_FrozenAgents.lisp, /home/luigi/amr/Walter_AMR/amr_ws/devel/share/common-lisp/ros/pedsim_msgs/msg/_package_FrozenAgents.lisp)
Linked: (/home/luigi/amr/Walter_AMR/amr_ws/devel/.private/pedsim_msgs/share/common-lisp/ros/pedsim_msgs/msg/_package_TrackedPersons.lisp, /home/luigi/amr/Walter_AMR/amr_ws/devel/share/common-lisp/ros/pedsim_msgs/msg/_package_TrackedPersons.lisp)
Linked: (/home/luigi/amr/Walter_AMR/amr_ws/devel/.private/pedsim_msgs/share/common-lisp/ros/pedsim_msgs/msg/_package_SocialActivities.lisp, /home/luigi/amr/Walter_AMR/amr_ws/devel/share/common-lisp/ros/pedsim_msgs/msg/_package_SocialActivities.lisp)
Linked: (/home/luigi/amr/Walter_AMR/amr_ws/devel/.private/pedsim_msgs/share/common-lisp/ros/pedsim_msgs/msg/SocialActivities.lisp, /home/luigi/amr/Walter_AMR/amr_ws/devel/share/common-lisp/ros/pedsim_msgs/msg/SocialActivities.lisp)
Linked: (/home/luigi/amr/Walter_AMR/amr_ws/devel/.private/pedsim_msgs/share/common-lisp/ros/pedsim_msgs/msg/_package_LineObstacles.lisp, /home/luigi/amr/Walter_AMR/amr_ws/devel/share/common-lisp/ros/pedsim_msgs/msg/_package_LineObstacles.lisp)
Linked: (/home/luigi/amr/Walter_AMR/amr_ws/devel/.private/pedsim_msgs/share/common-lisp/ros/pedsim_msgs/msg/_package_TrackedPerson.lisp, /home/luigi/amr/Walter_AMR/amr_ws/devel/share/common-lisp/ros/pedsim_msgs/msg/_package_TrackedPerson.lisp)
Linked: (/home/luigi/amr/Walter_AMR/amr_ws/devel/.private/pedsim_msgs/share/common-lisp/ros/pedsim_msgs/msg/Waypoints.lisp, /home/luigi/amr/Walter_AMR/amr_ws/devel/share/common-lisp/ros/pedsim_msgs/msg/Waypoints.lisp)
Linked: (/home/luigi/amr/Walter_AMR/amr_ws/devel/.private/pedsim_msgs/share/common-lisp/ros/pedsim_msgs/msg/AgentGroup.lisp, /home/luigi/amr/Walter_AMR/amr_ws/devel/share/common-lisp/ros/pedsim_msgs/msg/AgentGroup.lisp)
Linked: (/home/luigi/amr/Walter_AMR/amr_ws/devel/.private/pedsim_msgs/share/common-lisp/ros/pedsim_msgs/msg/AgentState.lisp, /home/luigi/amr/Walter_AMR/amr_ws/devel/share/common-lisp/ros/pedsim_msgs/msg/AgentState.lisp)
Linked: (/home/luigi/amr/Walter_AMR/amr_ws/devel/.private/pedsim_msgs/share/common-lisp/ros/pedsim_msgs/msg/_package_AgentForce.lisp, /home/luigi/amr/Walter_AMR/amr_ws/devel/share/common-lisp/ros/pedsim_msgs/msg/_package_AgentForce.lisp)
Linked: (/home/luigi/amr/Walter_AMR/amr_ws/devel/.private/pedsim_msgs/share/common-lisp/ros/pedsim_msgs/msg/_package_AgentState.lisp, /home/luigi/amr/Walter_AMR/amr_ws/devel/share/common-lisp/ros/pedsim_msgs/msg/_package_AgentState.lisp)
Linked: (/home/luigi/amr/Walter_AMR/amr_ws/devel/.private/pedsim_msgs/share/common-lisp/ros/pedsim_msgs/msg/LineObstacles.lisp, /home/luigi/amr/Walter_AMR/amr_ws/devel/share/common-lisp/ros/pedsim_msgs/msg/LineObstacles.lisp)
Linked: (/home/luigi/amr/Walter_AMR/amr_ws/devel/.private/pedsim_msgs/share/common-lisp/ros/pedsim_msgs/msg/TrackedPersons.lisp, /home/luigi/amr/Walter_AMR/amr_ws/devel/share/common-lisp/ros/pedsim_msgs/msg/TrackedPersons.lisp)
Linked: (/home/luigi/amr/Walter_AMR/amr_ws/devel/.private/pedsim_msgs/share/common-lisp/ros/pedsim_msgs/msg/_package_SocialRelations.lisp, /home/luigi/amr/Walter_AMR/amr_ws/devel/share/common-lisp/ros/pedsim_msgs/msg/_package_SocialRelations.lisp)
Linked: (/home/luigi/amr/Walter_AMR/amr_ws/devel/.private/pedsim_msgs/share/common-lisp/ros/pedsim_msgs/msg/TrackedPerson.lisp, /home/luigi/amr/Walter_AMR/amr_ws/devel/share/common-lisp/ros/pedsim_msgs/msg/TrackedPerson.lisp)
Linked: (/home/luigi/amr/Walter_AMR/amr_ws/devel/.private/pedsim_msgs/share/common-lisp/ros/pedsim_msgs/msg/_package_AgentGroup.lisp, /home/luigi/amr/Walter_AMR/amr_ws/devel/share/common-lisp/ros/pedsim_msgs/msg/_package_AgentGroup.lisp)
Linked: (/home/luigi/amr/Walter_AMR/amr_ws/devel/.private/pedsim_msgs/share/common-lisp/ros/pedsim_msgs/msg/_package_TrackedGroup.lisp, /home/luigi/amr/Walter_AMR/amr_ws/devel/share/common-lisp/ros/pedsim_msgs/msg/_package_TrackedGroup.lisp)
Linked: (/home/luigi/amr/Walter_AMR/amr_ws/devel/.private/pedsim_msgs/share/gennodejs/ros/pedsim_msgs/_index.js, /home/luigi/amr/Walter_AMR/amr_ws/devel/share/gennodejs/ros/pedsim_msgs/_index.js)
Linked: (/home/luigi/amr/Walter_AMR/amr_ws/devel/.private/pedsim_msgs/share/gennodejs/ros/pedsim_msgs/msg/TrackedGroups.js, /home/luigi/amr/Walter_AMR/amr_ws/devel/share/gennodejs/ros/pedsim_msgs/msg/TrackedGroups.js)
Linked: (/home/luigi/amr/Walter_AMR/amr_ws/devel/.private/pedsim_msgs/share/gennodejs/ros/pedsim_msgs/msg/TrackedPersons.js, /home/luigi/amr/Walter_AMR/amr_ws/devel/share/gennodejs/ros/pedsim_msgs/msg/TrackedPersons.js)
Linked: (/home/luigi/amr/Walter_AMR/amr_ws/devel/.private/pedsim_msgs/share/gennodejs/ros/pedsim_msgs/msg/SocialActivities.js, /home/luigi/amr/Walter_AMR/amr_ws/devel/share/gennodejs/ros/pedsim_msgs/msg/SocialActivities.js)
Linked: (/home/luigi/amr/Walter_AMR/amr_ws/devel/.private/pedsim_msgs/share/gennodejs/ros/pedsim_msgs/msg/TrackedGroup.js, /home/luigi/amr/Walter_AMR/amr_ws/devel/share/gennodejs/ros/pedsim_msgs/msg/TrackedGroup.js)
Linked: (/home/luigi/amr/Walter_AMR/amr_ws/devel/.private/pedsim_msgs/share/gennodejs/ros/pedsim_msgs/msg/TrackedPerson.js, /home/luigi/amr/Walter_AMR/amr_ws/devel/share/gennodejs/ros/pedsim_msgs/msg/TrackedPerson.js)
Linked: (/home/luigi/amr/Walter_AMR/amr_ws/devel/.private/pedsim_msgs/share/gennodejs/ros/pedsim_msgs/msg/SocialRelation.js, /home/luigi/amr/Walter_AMR/amr_ws/devel/share/gennodejs/ros/pedsim_msgs/msg/SocialRelation.js)
Linked: (/home/luigi/amr/Walter_AMR/amr_ws/devel/.private/pedsim_msgs/share/gennodejs/ros/pedsim_msgs/msg/AgentForce.js, /home/luigi/amr/Walter_AMR/amr_ws/devel/share/gennodejs/ros/pedsim_msgs/msg/AgentForce.js)
Linked: (/home/luigi/amr/Walter_AMR/amr_ws/devel/.private/pedsim_msgs/share/gennodejs/ros/pedsim_msgs/msg/AgentStates.js, /home/luigi/amr/Walter_AMR/amr_ws/devel/share/gennodejs/ros/pedsim_msgs/msg/AgentStates.js)
Linked: (/home/luigi/amr/Walter_AMR/amr_ws/devel/.private/pedsim_msgs/share/gennodejs/ros/pedsim_msgs/msg/_index.js, /home/luigi/amr/Walter_AMR/amr_ws/devel/share/gennodejs/ros/pedsim_msgs/msg/_index.js)
Linked: (/home/luigi/amr/Walter_AMR/amr_ws/devel/.private/pedsim_msgs/share/gennodejs/ros/pedsim_msgs/msg/Waypoint.js, /home/luigi/amr/Walter_AMR/amr_ws/devel/share/gennodejs/ros/pedsim_msgs/msg/Waypoint.js)
Linked: (/home/luigi/amr/Walter_AMR/amr_ws/devel/.private/pedsim_msgs/share/gennodejs/ros/pedsim_msgs/msg/SocialRelations.js, /home/luigi/amr/Walter_AMR/amr_ws/devel/share/gennodejs/ros/pedsim_msgs/msg/SocialRelations.js)
Linked: (/home/luigi/amr/Walter_AMR/amr_ws/devel/.private/pedsim_msgs/share/gennodejs/ros/pedsim_msgs/msg/LineObstacle.js, /home/luigi/amr/Walter_AMR/amr_ws/devel/share/gennodejs/ros/pedsim_msgs/msg/LineObstacle.js)
Linked: (/home/luigi/amr/Walter_AMR/amr_ws/devel/.private/pedsim_msgs/share/gennodejs/ros/pedsim_msgs/msg/SocialActivity.js, /home/luigi/amr/Walter_AMR/amr_ws/devel/share/gennodejs/ros/pedsim_msgs/msg/SocialActivity.js)
Linked: (/home/luigi/amr/Walter_AMR/amr_ws/devel/.private/pedsim_msgs/share/gennodejs/ros/pedsim_msgs/msg/AgentGroup.js, /home/luigi/amr/Walter_AMR/amr_ws/devel/share/gennodejs/ros/pedsim_msgs/msg/AgentGroup.js)
Linked: (/home/luigi/amr/Walter_AMR/amr_ws/devel/.private/pedsim_msgs/share/gennodejs/ros/pedsim_msgs/msg/Waypoints.js, /home/luigi/amr/Walter_AMR/amr_ws/devel/share/gennodejs/ros/pedsim_msgs/msg/Waypoints.js)
Linked: (/home/luigi/amr/Walter_AMR/amr_ws/devel/.private/pedsim_msgs/share/gennodejs/ros/pedsim_msgs/msg/AgentGroups.js, /home/luigi/amr/Walter_AMR/amr_ws/devel/share/gennodejs/ros/pedsim_msgs/msg/AgentGroups.js)
Linked: (/home/luigi/amr/Walter_AMR/amr_ws/devel/.private/pedsim_msgs/share/gennodejs/ros/pedsim_msgs/msg/AgentState.js, /home/luigi/amr/Walter_AMR/amr_ws/devel/share/gennodejs/ros/pedsim_msgs/msg/AgentState.js)
Linked: (/home/luigi/amr/Walter_AMR/amr_ws/devel/.private/pedsim_msgs/share/gennodejs/ros/pedsim_msgs/msg/FrozenAgent.js, /home/luigi/amr/Walter_AMR/amr_ws/devel/share/gennodejs/ros/pedsim_msgs/msg/FrozenAgent.js)
Linked: (/home/luigi/amr/Walter_AMR/amr_ws/devel/.private/pedsim_msgs/share/gennodejs/ros/pedsim_msgs/msg/FrozenAgents.js, /home/luigi/amr/Walter_AMR/amr_ws/devel/share/gennodejs/ros/pedsim_msgs/msg/FrozenAgents.js)
Linked: (/home/luigi/amr/Walter_AMR/amr_ws/devel/.private/pedsim_msgs/share/gennodejs/ros/pedsim_msgs/msg/LineObstacles.js, /home/luigi/amr/Walter_AMR/amr_ws/devel/share/gennodejs/ros/pedsim_msgs/msg/LineObstacles.js)
Linked: (/home/luigi/amr/Walter_AMR/amr_ws/devel/.private/pedsim_msgs/share/pedsim_msgs/cmake/pedsim_msgsConfig.cmake, /home/luigi/amr/Walter_AMR/amr_ws/devel/share/pedsim_msgs/cmake/pedsim_msgsConfig.cmake)
Linked: (/home/luigi/amr/Walter_AMR/amr_ws/devel/.private/pedsim_msgs/share/pedsim_msgs/cmake/pedsim_msgsConfig-version.cmake, /home/luigi/amr/Walter_AMR/amr_ws/devel/share/pedsim_msgs/cmake/pedsim_msgsConfig-version.cmake)
Linked: (/home/luigi/amr/Walter_AMR/amr_ws/devel/.private/pedsim_msgs/share/pedsim_msgs/cmake/pedsim_msgs-msg-extras.cmake, /home/luigi/amr/Walter_AMR/amr_ws/devel/share/pedsim_msgs/cmake/pedsim_msgs-msg-extras.cmake)
Linked: (/home/luigi/amr/Walter_AMR/amr_ws/devel/.private/pedsim_msgs/share/pedsim_msgs/cmake/pedsim_msgs-msg-paths.cmake, /home/luigi/amr/Walter_AMR/amr_ws/devel/share/pedsim_msgs/cmake/pedsim_msgs-msg-paths.cmake)
Linked: (/home/luigi/amr/Walter_AMR/amr_ws/devel/.private/pedsim_msgs/lib/python3/dist-packages/pedsim_msgs/__init__.py, /home/luigi/amr/Walter_AMR/amr_ws/devel/lib/python3/dist-packages/pedsim_msgs/__init__.py)
Linked: (/home/luigi/amr/Walter_AMR/amr_ws/devel/.private/pedsim_msgs/lib/python3/dist-packages/pedsim_msgs/msg/_SocialActivities.py, /home/luigi/amr/Walter_AMR/amr_ws/devel/lib/python3/dist-packages/pedsim_msgs/msg/_SocialActivities.py)
Linked: (/home/luigi/amr/Walter_AMR/amr_ws/devel/.private/pedsim_msgs/lib/python3/dist-packages/pedsim_msgs/msg/_FrozenAgent.py, /home/luigi/amr/Walter_AMR/amr_ws/devel/lib/python3/dist-packages/pedsim_msgs/msg/_FrozenAgent.py)
Linked: (/home/luigi/amr/Walter_AMR/amr_ws/devel/.private/pedsim_msgs/lib/python3/dist-packages/pedsim_msgs/msg/_SocialRelations.py, /home/luigi/amr/Walter_AMR/amr_ws/devel/lib/python3/dist-packages/pedsim_msgs/msg/_SocialRelations.py)
Linked: (/home/luigi/amr/Walter_AMR/amr_ws/devel/.private/pedsim_msgs/lib/python3/dist-packages/pedsim_msgs/msg/_SocialActivity.py, /home/luigi/amr/Walter_AMR/amr_ws/devel/lib/python3/dist-packages/pedsim_msgs/msg/_SocialActivity.py)
Linked: (/home/luigi/amr/Walter_AMR/amr_ws/devel/.private/pedsim_msgs/lib/python3/dist-packages/pedsim_msgs/msg/_TrackedGroup.py, /home/luigi/amr/Walter_AMR/amr_ws/devel/lib/python3/dist-packages/pedsim_msgs/msg/_TrackedGroup.py)
Linked: (/home/luigi/amr/Walter_AMR/amr_ws/devel/.private/pedsim_msgs/lib/python3/dist-packages/pedsim_msgs/msg/_Waypoints.py, /home/luigi/amr/Walter_AMR/amr_ws/devel/lib/python3/dist-packages/pedsim_msgs/msg/_Waypoints.py)
Linked: (/home/luigi/amr/Walter_AMR/amr_ws/devel/.private/pedsim_msgs/lib/python3/dist-packages/pedsim_msgs/msg/_SocialRelation.py, /home/luigi/amr/Walter_AMR/amr_ws/devel/lib/python3/dist-packages/pedsim_msgs/msg/_SocialRelation.py)
Linked: (/home/luigi/amr/Walter_AMR/amr_ws/devel/.private/pedsim_msgs/lib/python3/dist-packages/pedsim_msgs/msg/_TrackedGroups.py, /home/luigi/amr/Walter_AMR/amr_ws/devel/lib/python3/dist-packages/pedsim_msgs/msg/_TrackedGroups.py)
Linked: (/home/luigi/amr/Walter_AMR/amr_ws/devel/.private/pedsim_msgs/lib/python3/dist-packages/pedsim_msgs/msg/_TrackedPerson.py, /home/luigi/amr/Walter_AMR/amr_ws/devel/lib/python3/dist-packages/pedsim_msgs/msg/_TrackedPerson.py)
Linked: (/home/luigi/amr/Walter_AMR/amr_ws/devel/.private/pedsim_msgs/lib/python3/dist-packages/pedsim_msgs/msg/_LineObstacles.py, /home/luigi/amr/Walter_AMR/amr_ws/devel/lib/python3/dist-packages/pedsim_msgs/msg/_LineObstacles.py)
Linked: (/home/luigi/amr/Walter_AMR/amr_ws/devel/.private/pedsim_msgs/lib/python3/dist-packages/pedsim_msgs/msg/_AgentStates.py, /home/luigi/amr/Walter_AMR/amr_ws/devel/lib/python3/dist-packages/pedsim_msgs/msg/_AgentStates.py)
Linked: (/home/luigi/amr/Walter_AMR/amr_ws/devel/.private/pedsim_msgs/lib/python3/dist-packages/pedsim_msgs/msg/_AgentState.py, /home/luigi/amr/Walter_AMR/amr_ws/devel/lib/python3/dist-packages/pedsim_msgs/msg/_AgentState.py)
Linked: (/home/luigi/amr/Walter_AMR/amr_ws/devel/.private/pedsim_msgs/lib/python3/dist-packages/pedsim_msgs/msg/_FrozenAgents.py, /home/luigi/amr/Walter_AMR/amr_ws/devel/lib/python3/dist-packages/pedsim_msgs/msg/_FrozenAgents.py)
Linked: (/home/luigi/amr/Walter_AMR/amr_ws/devel/.private/pedsim_msgs/lib/python3/dist-packages/pedsim_msgs/msg/_LineObstacle.py, /home/luigi/amr/Walter_AMR/amr_ws/devel/lib/python3/dist-packages/pedsim_msgs/msg/_LineObstacle.py)
Linked: (/home/luigi/amr/Walter_AMR/amr_ws/devel/.private/pedsim_msgs/lib/python3/dist-packages/pedsim_msgs/msg/_Waypoint.py, /home/luigi/amr/Walter_AMR/amr_ws/devel/lib/python3/dist-packages/pedsim_msgs/msg/_Waypoint.py)
Linked: (/home/luigi/amr/Walter_AMR/amr_ws/devel/.private/pedsim_msgs/lib/python3/dist-packages/pedsim_msgs/msg/_TrackedPersons.py, /home/luigi/amr/Walter_AMR/amr_ws/devel/lib/python3/dist-packages/pedsim_msgs/msg/_TrackedPersons.py)
Linked: (/home/luigi/amr/Walter_AMR/amr_ws/devel/.private/pedsim_msgs/lib/python3/dist-packages/pedsim_msgs/msg/_AgentGroups.py, /home/luigi/amr/Walter_AMR/amr_ws/devel/lib/python3/dist-packages/pedsim_msgs/msg/_AgentGroups.py)
Linked: (/home/luigi/amr/Walter_AMR/amr_ws/devel/.private/pedsim_msgs/lib/python3/dist-packages/pedsim_msgs/msg/__init__.py, /home/luigi/amr/Walter_AMR/amr_ws/devel/lib/python3/dist-packages/pedsim_msgs/msg/__init__.py)
Linked: (/home/luigi/amr/Walter_AMR/amr_ws/devel/.private/pedsim_msgs/lib/python3/dist-packages/pedsim_msgs/msg/_AgentGroup.py, /home/luigi/amr/Walter_AMR/amr_ws/devel/lib/python3/dist-packages/pedsim_msgs/msg/_AgentGroup.py)
Linked: (/home/luigi/amr/Walter_AMR/amr_ws/devel/.private/pedsim_msgs/lib/python3/dist-packages/pedsim_msgs/msg/_AgentForce.py, /home/luigi/amr/Walter_AMR/amr_ws/devel/lib/python3/dist-packages/pedsim_msgs/msg/_AgentForce.py)
Linked: (/home/luigi/amr/Walter_AMR/amr_ws/devel/.private/pedsim_msgs/lib/pkgconfig/pedsim_msgs.pc, /home/luigi/amr/Walter_AMR/amr_ws/devel/lib/pkgconfig/pedsim_msgs.pc)
