[  0%] Built target nav_msgs_generate_messages_eus
[  0%] Built target sensor_msgs_generate_messages_eus
[  0%] Built target geometry_msgs_generate_messages_eus
[  0%] Built target std_msgs_generate_messages_eus
[  0%] Built target _pedsim_msgs_generate_messages_check_deps_FrozenAgents
[  0%] Built target _pedsim_msgs_generate_messages_check_deps_AgentStates
[  0%] Built target _pedsim_msgs_generate_messages_check_deps_AgentGroup
[  0%] Built target _pedsim_msgs_generate_messages_check_deps_TrackedPersons
[  0%] Built target _pedsim_msgs_generate_messages_check_deps_SocialRelation
[  0%] Built target _pedsim_msgs_generate_messages_check_deps_SocialRelations
[  0%] Built target _pedsim_msgs_generate_messages_check_deps_SocialActivities
[  0%] Built target _pedsim_msgs_generate_messages_check_deps_AgentState
[  0%] Built target _pedsim_msgs_generate_messages_check_deps_AgentGroups
[  0%] Built target _pedsim_msgs_generate_messages_check_deps_TrackedGroup
[  0%] Built target _pedsim_msgs_generate_messages_check_deps_AgentForce
[  0%] Built target _pedsim_msgs_generate_messages_check_deps_LineObstacle
[  0%] Built target _pedsim_msgs_generate_messages_check_deps_SocialActivity
[  0%] Built target nav_msgs_generate_messages_cpp
[  0%] Built target _pedsim_msgs_generate_messages_check_deps_LineObstacles
[  0%] Built target geometry_msgs_generate_messages_cpp
[  0%] Built target _pedsim_msgs_generate_messages_check_deps_TrackedGroups
[  0%] Built target _pedsim_msgs_generate_messages_check_deps_Waypoints
[  0%] Built target _pedsim_msgs_generate_messages_check_deps_Waypoint
[  0%] Built target std_msgs_generate_messages_cpp
[  0%] Built target _pedsim_msgs_generate_messages_check_deps_FrozenAgent
[  0%] Built target sensor_msgs_generate_messages_cpp
[  0%] Built target std_msgs_generate_messages_nodejs
[  0%] Built target _pedsim_msgs_generate_messages_check_deps_TrackedPerson
[  0%] Built target geometry_msgs_generate_messages_nodejs
[  0%] Built target nav_msgs_generate_messages_nodejs
[  0%] Built target sensor_msgs_generate_messages_py
[  0%] Built target sensor_msgs_generate_messages_nodejs
[  0%] Built target geometry_msgs_generate_messages_py
[  0%] Built target std_msgs_generate_messages_py
[  0%] Built target sensor_msgs_generate_messages_lisp
[  0%] Built target nav_msgs_generate_messages_py
[  0%] Built target nav_msgs_generate_messages_lisp
[  0%] Built target std_msgs_generate_messages_lisp
[  0%] Built target geometry_msgs_generate_messages_lisp
[ 20%] Built target pedsim_msgs_generate_messages_eus
[ 39%] Built target pedsim_msgs_generate_messages_cpp
[ 59%] Built target pedsim_msgs_generate_messages_nodejs
[ 80%] Built target pedsim_msgs_generate_messages_py
[100%] Built target pedsim_msgs_generate_messages_lisp
[100%] Built target pedsim_msgs_generate_messages
