Linked: (/home/luigi/amr/Walter_AMR/amr_ws/devel/.private/leg_tracker/include/leg_tracker/LegArray.h, /home/luigi/amr/Walter_AMR/amr_ws/devel/include/leg_tracker/LegArray.h)
Linked: (/home/luigi/amr/Walter_AMR/amr_ws/devel/.private/leg_tracker/include/leg_tracker/Leg.h, /home/luigi/amr/Walter_AMR/amr_ws/devel/include/leg_tracker/Leg.h)
Linked: (/home/luigi/amr/Walter_AMR/amr_ws/devel/.private/leg_tracker/include/leg_tracker/Person.h, /home/luigi/amr/Walter_AMR/amr_ws/devel/include/leg_tracker/Person.h)
Linked: (/home/luigi/amr/Walter_AMR/amr_ws/devel/.private/leg_tracker/include/leg_tracker/PersonArray.h, /home/luigi/amr/Walter_AMR/amr_ws/devel/include/leg_tracker/PersonArray.h)
Linked: (/home/luigi/amr/Walter_AMR/amr_ws/devel/.private/leg_tracker/share/roseus/ros/leg_tracker/manifest.l, /home/luigi/amr/Walter_AMR/amr_ws/devel/share/roseus/ros/leg_tracker/manifest.l)
Linked: (/home/luigi/amr/Walter_AMR/amr_ws/devel/.private/leg_tracker/share/roseus/ros/leg_tracker/msg/LegArray.l, /home/luigi/amr/Walter_AMR/amr_ws/devel/share/roseus/ros/leg_tracker/msg/LegArray.l)
Linked: (/home/luigi/amr/Walter_AMR/amr_ws/devel/.private/leg_tracker/share/roseus/ros/leg_tracker/msg/Leg.l, /home/luigi/amr/Walter_AMR/amr_ws/devel/share/roseus/ros/leg_tracker/msg/Leg.l)
Linked: (/home/luigi/amr/Walter_AMR/amr_ws/devel/.private/leg_tracker/share/roseus/ros/leg_tracker/msg/Person.l, /home/luigi/amr/Walter_AMR/amr_ws/devel/share/roseus/ros/leg_tracker/msg/Person.l)
Linked: (/home/luigi/amr/Walter_AMR/amr_ws/devel/.private/leg_tracker/share/roseus/ros/leg_tracker/msg/PersonArray.l, /home/luigi/amr/Walter_AMR/amr_ws/devel/share/roseus/ros/leg_tracker/msg/PersonArray.l)
Linked: (/home/luigi/amr/Walter_AMR/amr_ws/devel/.private/leg_tracker/share/common-lisp/ros/leg_tracker/msg/_package_PersonArray.lisp, /home/luigi/amr/Walter_AMR/amr_ws/devel/share/common-lisp/ros/leg_tracker/msg/_package_PersonArray.lisp)
Linked: (/home/luigi/amr/Walter_AMR/amr_ws/devel/.private/leg_tracker/share/common-lisp/ros/leg_tracker/msg/Person.lisp, /home/luigi/amr/Walter_AMR/amr_ws/devel/share/common-lisp/ros/leg_tracker/msg/Person.lisp)
Linked: (/home/luigi/amr/Walter_AMR/amr_ws/devel/.private/leg_tracker/share/common-lisp/ros/leg_tracker/msg/_package.lisp, /home/luigi/amr/Walter_AMR/amr_ws/devel/share/common-lisp/ros/leg_tracker/msg/_package.lisp)
Linked: (/home/luigi/amr/Walter_AMR/amr_ws/devel/.private/leg_tracker/share/common-lisp/ros/leg_tracker/msg/_package_Person.lisp, /home/luigi/amr/Walter_AMR/amr_ws/devel/share/common-lisp/ros/leg_tracker/msg/_package_Person.lisp)
Linked: (/home/luigi/amr/Walter_AMR/amr_ws/devel/.private/leg_tracker/share/common-lisp/ros/leg_tracker/msg/LegArray.lisp, /home/luigi/amr/Walter_AMR/amr_ws/devel/share/common-lisp/ros/leg_tracker/msg/LegArray.lisp)
Linked: (/home/luigi/amr/Walter_AMR/amr_ws/devel/.private/leg_tracker/share/common-lisp/ros/leg_tracker/msg/Leg.lisp, /home/luigi/amr/Walter_AMR/amr_ws/devel/share/common-lisp/ros/leg_tracker/msg/Leg.lisp)
Linked: (/home/luigi/amr/Walter_AMR/amr_ws/devel/.private/leg_tracker/share/common-lisp/ros/leg_tracker/msg/_package_LegArray.lisp, /home/luigi/amr/Walter_AMR/amr_ws/devel/share/common-lisp/ros/leg_tracker/msg/_package_LegArray.lisp)
Linked: (/home/luigi/amr/Walter_AMR/amr_ws/devel/.private/leg_tracker/share/common-lisp/ros/leg_tracker/msg/_package_Leg.lisp, /home/luigi/amr/Walter_AMR/amr_ws/devel/share/common-lisp/ros/leg_tracker/msg/_package_Leg.lisp)
Linked: (/home/luigi/amr/Walter_AMR/amr_ws/devel/.private/leg_tracker/share/common-lisp/ros/leg_tracker/msg/PersonArray.lisp, /home/luigi/amr/Walter_AMR/amr_ws/devel/share/common-lisp/ros/leg_tracker/msg/PersonArray.lisp)
Linked: (/home/luigi/amr/Walter_AMR/amr_ws/devel/.private/leg_tracker/share/common-lisp/ros/leg_tracker/msg/leg_tracker-msg.asd, /home/luigi/amr/Walter_AMR/amr_ws/devel/share/common-lisp/ros/leg_tracker/msg/leg_tracker-msg.asd)
Linked: (/home/luigi/amr/Walter_AMR/amr_ws/devel/.private/leg_tracker/share/gennodejs/ros/leg_tracker/_index.js, /home/luigi/amr/Walter_AMR/amr_ws/devel/share/gennodejs/ros/leg_tracker/_index.js)
Linked: (/home/luigi/amr/Walter_AMR/amr_ws/devel/.private/leg_tracker/share/gennodejs/ros/leg_tracker/msg/Person.js, /home/luigi/amr/Walter_AMR/amr_ws/devel/share/gennodejs/ros/leg_tracker/msg/Person.js)
Linked: (/home/luigi/amr/Walter_AMR/amr_ws/devel/.private/leg_tracker/share/gennodejs/ros/leg_tracker/msg/_index.js, /home/luigi/amr/Walter_AMR/amr_ws/devel/share/gennodejs/ros/leg_tracker/msg/_index.js)
Linked: (/home/luigi/amr/Walter_AMR/amr_ws/devel/.private/leg_tracker/share/gennodejs/ros/leg_tracker/msg/LegArray.js, /home/luigi/amr/Walter_AMR/amr_ws/devel/share/gennodejs/ros/leg_tracker/msg/LegArray.js)
Linked: (/home/luigi/amr/Walter_AMR/amr_ws/devel/.private/leg_tracker/share/gennodejs/ros/leg_tracker/msg/PersonArray.js, /home/luigi/amr/Walter_AMR/amr_ws/devel/share/gennodejs/ros/leg_tracker/msg/PersonArray.js)
Linked: (/home/luigi/amr/Walter_AMR/amr_ws/devel/.private/leg_tracker/share/gennodejs/ros/leg_tracker/msg/Leg.js, /home/luigi/amr/Walter_AMR/amr_ws/devel/share/gennodejs/ros/leg_tracker/msg/Leg.js)
Linked: (/home/luigi/amr/Walter_AMR/amr_ws/devel/.private/leg_tracker/share/leg_tracker/cmake/leg_tracker-msg-extras.cmake, /home/luigi/amr/Walter_AMR/amr_ws/devel/share/leg_tracker/cmake/leg_tracker-msg-extras.cmake)
Linked: (/home/luigi/amr/Walter_AMR/amr_ws/devel/.private/leg_tracker/share/leg_tracker/cmake/leg_tracker-msg-paths.cmake, /home/luigi/amr/Walter_AMR/amr_ws/devel/share/leg_tracker/cmake/leg_tracker-msg-paths.cmake)
Linked: (/home/luigi/amr/Walter_AMR/amr_ws/devel/.private/leg_tracker/share/leg_tracker/cmake/leg_trackerConfig-version.cmake, /home/luigi/amr/Walter_AMR/amr_ws/devel/share/leg_tracker/cmake/leg_trackerConfig-version.cmake)
Linked: (/home/luigi/amr/Walter_AMR/amr_ws/devel/.private/leg_tracker/share/leg_tracker/cmake/leg_trackerConfig.cmake, /home/luigi/amr/Walter_AMR/amr_ws/devel/share/leg_tracker/cmake/leg_trackerConfig.cmake)
Linked: (/home/luigi/amr/Walter_AMR/amr_ws/devel/.private/leg_tracker/lib/python3/dist-packages/leg_tracker/__init__.py, /home/luigi/amr/Walter_AMR/amr_ws/devel/lib/python3/dist-packages/leg_tracker/__init__.py)
Linked: (/home/luigi/amr/Walter_AMR/amr_ws/devel/.private/leg_tracker/lib/python3/dist-packages/leg_tracker/msg/_Person.py, /home/luigi/amr/Walter_AMR/amr_ws/devel/lib/python3/dist-packages/leg_tracker/msg/_Person.py)
Linked: (/home/luigi/amr/Walter_AMR/amr_ws/devel/.private/leg_tracker/lib/python3/dist-packages/leg_tracker/msg/_LegArray.py, /home/luigi/amr/Walter_AMR/amr_ws/devel/lib/python3/dist-packages/leg_tracker/msg/_LegArray.py)
Linked: (/home/luigi/amr/Walter_AMR/amr_ws/devel/.private/leg_tracker/lib/python3/dist-packages/leg_tracker/msg/_Leg.py, /home/luigi/amr/Walter_AMR/amr_ws/devel/lib/python3/dist-packages/leg_tracker/msg/_Leg.py)
Linked: (/home/luigi/amr/Walter_AMR/amr_ws/devel/.private/leg_tracker/lib/python3/dist-packages/leg_tracker/msg/_PersonArray.py, /home/luigi/amr/Walter_AMR/amr_ws/devel/lib/python3/dist-packages/leg_tracker/msg/_PersonArray.py)
Linked: (/home/luigi/amr/Walter_AMR/amr_ws/devel/.private/leg_tracker/lib/python3/dist-packages/leg_tracker/msg/__init__.py, /home/luigi/amr/Walter_AMR/amr_ws/devel/lib/python3/dist-packages/leg_tracker/msg/__init__.py)
Linked: (/home/luigi/amr/Walter_AMR/amr_ws/devel/.private/leg_tracker/lib/pkgconfig/leg_tracker.pc, /home/luigi/amr/Walter_AMR/amr_ws/devel/lib/pkgconfig/leg_tracker.pc)
Linked: (/home/luigi/amr/Walter_AMR/amr_ws/devel/.private/leg_tracker/lib/leg_tracker/extract_positive_training_clusters, /home/luigi/amr/Walter_AMR/amr_ws/devel/lib/leg_tracker/extract_positive_training_clusters)
Linked: (/home/luigi/amr/Walter_AMR/amr_ws/devel/.private/leg_tracker/lib/leg_tracker/train_leg_detector, /home/luigi/amr/Walter_AMR/amr_ws/devel/lib/leg_tracker/train_leg_detector)
Linked: (/home/luigi/amr/Walter_AMR/amr_ws/devel/.private/leg_tracker/lib/leg_tracker/local_occupancy_grid_mapping, /home/luigi/amr/Walter_AMR/amr_ws/devel/lib/leg_tracker/local_occupancy_grid_mapping)
Linked: (/home/luigi/amr/Walter_AMR/amr_ws/devel/.private/leg_tracker/lib/leg_tracker/detect_leg_clusters, /home/luigi/amr/Walter_AMR/amr_ws/devel/lib/leg_tracker/detect_leg_clusters)
