[  0%] Built target _leg_tracker_generate_messages_check_deps_LegArray
[  0%] Built target _leg_tracker_generate_messages_check_deps_PersonArray
[  0%] Built target std_msgs_generate_messages_cpp
[  0%] Built target _leg_tracker_generate_messages_check_deps_Person
[  0%] Built target geometry_msgs_generate_messages_cpp
[  0%] Built target std_msgs_generate_messages_eus
[  0%] Built target geometry_msgs_generate_messages_eus
[  0%] Built target geometry_msgs_generate_messages_py
[  0%] Built target std_msgs_generate_messages_nodejs
[  0%] Built target std_msgs_generate_messages_py
[  0%] Built target _leg_tracker_generate_messages_check_deps_Leg
[  0%] Built target geometry_msgs_generate_messages_nodejs
[  0%] Built target std_msgs_generate_messages_lisp
[  0%] Built target geometry_msgs_generate_messages_lisp
[ 13%] Built target leg_tracker_generate_messages_eus
[ 25%] Built target leg_tracker_generate_messages_cpp
[ 38%] Built target leg_tracker_generate_messages_py
[ 50%] Built target leg_tracker_generate_messages_nodejs
[ 61%] Built target leg_tracker_generate_messages_lisp
[ 61%] Built target leg_tracker_gencpp
[ 61%] Built target leg_tracker_generate_messages
[ 69%] Built target local_occupancy_grid_mapping
[ 80%] Built target detect_leg_clusters
[ 91%] Built target train_leg_detector
[100%] Built target extract_positive_training_clusters
