Symlinking /home/luigi/amr/Walter_AMR/amr_ws/devel/include/esc_move_base_msgs/GotoRegion2DActionResult.h
Symlinking /home/luigi/amr/Walter_AMR/amr_ws/devel/include/esc_move_base_msgs/GotoRegion2DFeedback.h
Symlinking /home/luigi/amr/Walter_AMR/amr_ws/devel/include/esc_move_base_msgs/Goto2DGoal.h
Symlinking /home/luigi/amr/Walter_AMR/amr_ws/devel/include/esc_move_base_msgs/GotoRegion2DActionGoal.h
Symlinking /home/luigi/amr/Walter_AMR/amr_ws/devel/include/esc_move_base_msgs/Goto2DResult.h
Symlinking /home/luigi/amr/Walter_AMR/amr_ws/devel/include/esc_move_base_msgs/GotoRegion2DGoal.h
Symlinking /home/luigi/amr/Walter_AMR/amr_ws/devel/include/esc_move_base_msgs/Goto2DActionFeedback.h
Symlinking /home/luigi/amr/Walter_AMR/amr_ws/devel/include/esc_move_base_msgs/GotoRegion2DActionFeedback.h
Symlinking /home/luigi/amr/Walter_AMR/amr_ws/devel/include/esc_move_base_msgs/GotoRegion2DAction.h
Symlinking /home/luigi/amr/Walter_AMR/amr_ws/devel/include/esc_move_base_msgs/Goto2DActionGoal.h
Symlinking /home/luigi/amr/Walter_AMR/amr_ws/devel/include/esc_move_base_msgs/Goto2DActionResult.h
Symlinking /home/luigi/amr/Walter_AMR/amr_ws/devel/include/esc_move_base_msgs/Goto2DFeedback.h
Symlinking /home/luigi/amr/Walter_AMR/amr_ws/devel/include/esc_move_base_msgs/Path2D.h
Symlinking /home/luigi/amr/Walter_AMR/amr_ws/devel/include/esc_move_base_msgs/GotoRegion2DResult.h
Symlinking /home/luigi/amr/Walter_AMR/amr_ws/devel/include/esc_move_base_msgs/Goto2DAction.h
Symlinking /home/luigi/amr/Walter_AMR/amr_ws/devel/share/roseus/ros/esc_move_base_msgs/manifest.l
Symlinking /home/luigi/amr/Walter_AMR/amr_ws/devel/share/roseus/ros/esc_move_base_msgs/msg/Goto2DGoal.l
Symlinking /home/luigi/amr/Walter_AMR/amr_ws/devel/share/roseus/ros/esc_move_base_msgs/msg/Goto2DActionFeedback.l
Symlinking /home/luigi/amr/Walter_AMR/amr_ws/devel/share/roseus/ros/esc_move_base_msgs/msg/GotoRegion2DFeedback.l
Symlinking /home/luigi/amr/Walter_AMR/amr_ws/devel/share/roseus/ros/esc_move_base_msgs/msg/Goto2DActionGoal.l
Symlinking /home/luigi/amr/Walter_AMR/amr_ws/devel/share/roseus/ros/esc_move_base_msgs/msg/GotoRegion2DGoal.l
Symlinking /home/luigi/amr/Walter_AMR/amr_ws/devel/share/roseus/ros/esc_move_base_msgs/msg/GotoRegion2DActionFeedback.l
Symlinking /home/luigi/amr/Walter_AMR/amr_ws/devel/share/roseus/ros/esc_move_base_msgs/msg/GotoRegion2DActionResult.l
Symlinking /home/luigi/amr/Walter_AMR/amr_ws/devel/share/roseus/ros/esc_move_base_msgs/msg/Goto2DResult.l
Symlinking /home/luigi/amr/Walter_AMR/amr_ws/devel/share/roseus/ros/esc_move_base_msgs/msg/Goto2DFeedback.l
Symlinking /home/luigi/amr/Walter_AMR/amr_ws/devel/share/roseus/ros/esc_move_base_msgs/msg/Goto2DActionResult.l
Symlinking /home/luigi/amr/Walter_AMR/amr_ws/devel/share/roseus/ros/esc_move_base_msgs/msg/GotoRegion2DAction.l
Symlinking /home/luigi/amr/Walter_AMR/amr_ws/devel/share/roseus/ros/esc_move_base_msgs/msg/GotoRegion2DActionGoal.l
Symlinking /home/luigi/amr/Walter_AMR/amr_ws/devel/share/roseus/ros/esc_move_base_msgs/msg/GotoRegion2DResult.l
Symlinking /home/luigi/amr/Walter_AMR/amr_ws/devel/share/roseus/ros/esc_move_base_msgs/msg/Goto2DAction.l
Symlinking /home/luigi/amr/Walter_AMR/amr_ws/devel/share/roseus/ros/esc_move_base_msgs/msg/Path2D.l
Symlinking /home/luigi/amr/Walter_AMR/amr_ws/devel/share/common-lisp/ros/esc_move_base_msgs/msg/_package_Path2D.lisp
Symlinking /home/luigi/amr/Walter_AMR/amr_ws/devel/share/common-lisp/ros/esc_move_base_msgs/msg/_package_Goto2DActionGoal.lisp
Symlinking /home/luigi/amr/Walter_AMR/amr_ws/devel/share/common-lisp/ros/esc_move_base_msgs/msg/Goto2DActionResult.lisp
Symlinking /home/luigi/amr/Walter_AMR/amr_ws/devel/share/common-lisp/ros/esc_move_base_msgs/msg/_package_GotoRegion2DFeedback.lisp
Symlinking /home/luigi/amr/Walter_AMR/amr_ws/devel/share/common-lisp/ros/esc_move_base_msgs/msg/_package_Goto2DActionFeedback.lisp
Symlinking /home/luigi/amr/Walter_AMR/amr_ws/devel/share/common-lisp/ros/esc_move_base_msgs/msg/GotoRegion2DGoal.lisp
Symlinking /home/luigi/amr/Walter_AMR/amr_ws/devel/share/common-lisp/ros/esc_move_base_msgs/msg/_package_GotoRegion2DAction.lisp
Symlinking /home/luigi/amr/Walter_AMR/amr_ws/devel/share/common-lisp/ros/esc_move_base_msgs/msg/_package_Goto2DActionResult.lisp
Symlinking /home/luigi/amr/Walter_AMR/amr_ws/devel/share/common-lisp/ros/esc_move_base_msgs/msg/_package.lisp
Symlinking /home/luigi/amr/Walter_AMR/amr_ws/devel/share/common-lisp/ros/esc_move_base_msgs/msg/Goto2DActionFeedback.lisp
Symlinking /home/luigi/amr/Walter_AMR/amr_ws/devel/share/common-lisp/ros/esc_move_base_msgs/msg/GotoRegion2DFeedback.lisp
Symlinking /home/luigi/amr/Walter_AMR/amr_ws/devel/share/common-lisp/ros/esc_move_base_msgs/msg/_package_GotoRegion2DActionResult.lisp
Symlinking /home/luigi/amr/Walter_AMR/amr_ws/devel/share/common-lisp/ros/esc_move_base_msgs/msg/GotoRegion2DResult.lisp
Symlinking /home/luigi/amr/Walter_AMR/amr_ws/devel/share/common-lisp/ros/esc_move_base_msgs/msg/Goto2DAction.lisp
Symlinking /home/luigi/amr/Walter_AMR/amr_ws/devel/share/common-lisp/ros/esc_move_base_msgs/msg/Goto2DFeedback.lisp
Symlinking /home/luigi/amr/Walter_AMR/amr_ws/devel/share/common-lisp/ros/esc_move_base_msgs/msg/GotoRegion2DActionGoal.lisp
Symlinking /home/luigi/amr/Walter_AMR/amr_ws/devel/share/common-lisp/ros/esc_move_base_msgs/msg/GotoRegion2DActionResult.lisp
Symlinking /home/luigi/amr/Walter_AMR/amr_ws/devel/share/common-lisp/ros/esc_move_base_msgs/msg/_package_GotoRegion2DGoal.lisp
Symlinking /home/luigi/amr/Walter_AMR/amr_ws/devel/share/common-lisp/ros/esc_move_base_msgs/msg/Goto2DActionGoal.lisp
Symlinking /home/luigi/amr/Walter_AMR/amr_ws/devel/share/common-lisp/ros/esc_move_base_msgs/msg/GotoRegion2DActionFeedback.lisp
Symlinking /home/luigi/amr/Walter_AMR/amr_ws/devel/share/common-lisp/ros/esc_move_base_msgs/msg/_package_GotoRegion2DActionGoal.lisp
Symlinking /home/luigi/amr/Walter_AMR/amr_ws/devel/share/common-lisp/ros/esc_move_base_msgs/msg/Path2D.lisp
Symlinking /home/luigi/amr/Walter_AMR/amr_ws/devel/share/common-lisp/ros/esc_move_base_msgs/msg/_package_Goto2DFeedback.lisp
Symlinking /home/luigi/amr/Walter_AMR/amr_ws/devel/share/common-lisp/ros/esc_move_base_msgs/msg/_package_GotoRegion2DActionFeedback.lisp
Symlinking /home/luigi/amr/Walter_AMR/amr_ws/devel/share/common-lisp/ros/esc_move_base_msgs/msg/_package_Goto2DResult.lisp
Symlinking /home/luigi/amr/Walter_AMR/amr_ws/devel/share/common-lisp/ros/esc_move_base_msgs/msg/_package_Goto2DAction.lisp
Symlinking /home/luigi/amr/Walter_AMR/amr_ws/devel/share/common-lisp/ros/esc_move_base_msgs/msg/esc_move_base_msgs-msg.asd
Symlinking /home/luigi/amr/Walter_AMR/amr_ws/devel/share/common-lisp/ros/esc_move_base_msgs/msg/_package_Goto2DGoal.lisp
Symlinking /home/luigi/amr/Walter_AMR/amr_ws/devel/share/common-lisp/ros/esc_move_base_msgs/msg/Goto2DGoal.lisp
Symlinking /home/luigi/amr/Walter_AMR/amr_ws/devel/share/common-lisp/ros/esc_move_base_msgs/msg/_package_GotoRegion2DResult.lisp
Symlinking /home/luigi/amr/Walter_AMR/amr_ws/devel/share/common-lisp/ros/esc_move_base_msgs/msg/Goto2DResult.lisp
Symlinking /home/luigi/amr/Walter_AMR/amr_ws/devel/share/common-lisp/ros/esc_move_base_msgs/msg/GotoRegion2DAction.lisp
Symlinking /home/luigi/amr/Walter_AMR/amr_ws/devel/share/gennodejs/ros/esc_move_base_msgs/_index.js
Symlinking /home/luigi/amr/Walter_AMR/amr_ws/devel/share/gennodejs/ros/esc_move_base_msgs/msg/Goto2DFeedback.js
Symlinking /home/luigi/amr/Walter_AMR/amr_ws/devel/share/gennodejs/ros/esc_move_base_msgs/msg/GotoRegion2DAction.js
Symlinking /home/luigi/amr/Walter_AMR/amr_ws/devel/share/gennodejs/ros/esc_move_base_msgs/msg/GotoRegion2DActionFeedback.js
Symlinking /home/luigi/amr/Walter_AMR/amr_ws/devel/share/gennodejs/ros/esc_move_base_msgs/msg/Goto2DResult.js
Symlinking /home/luigi/amr/Walter_AMR/amr_ws/devel/share/gennodejs/ros/esc_move_base_msgs/msg/GotoRegion2DResult.js
Symlinking /home/luigi/amr/Walter_AMR/amr_ws/devel/share/gennodejs/ros/esc_move_base_msgs/msg/GotoRegion2DFeedback.js
Symlinking /home/luigi/amr/Walter_AMR/amr_ws/devel/share/gennodejs/ros/esc_move_base_msgs/msg/_index.js
Symlinking /home/luigi/amr/Walter_AMR/amr_ws/devel/share/gennodejs/ros/esc_move_base_msgs/msg/Goto2DAction.js
Symlinking /home/luigi/amr/Walter_AMR/amr_ws/devel/share/gennodejs/ros/esc_move_base_msgs/msg/GotoRegion2DActionGoal.js
Symlinking /home/luigi/amr/Walter_AMR/amr_ws/devel/share/gennodejs/ros/esc_move_base_msgs/msg/GotoRegion2DActionResult.js
Symlinking /home/luigi/amr/Walter_AMR/amr_ws/devel/share/gennodejs/ros/esc_move_base_msgs/msg/Goto2DActionGoal.js
Symlinking /home/luigi/amr/Walter_AMR/amr_ws/devel/share/gennodejs/ros/esc_move_base_msgs/msg/Goto2DGoal.js
Symlinking /home/luigi/amr/Walter_AMR/amr_ws/devel/share/gennodejs/ros/esc_move_base_msgs/msg/Goto2DActionFeedback.js
Symlinking /home/luigi/amr/Walter_AMR/amr_ws/devel/share/gennodejs/ros/esc_move_base_msgs/msg/GotoRegion2DGoal.js
Symlinking /home/luigi/amr/Walter_AMR/amr_ws/devel/share/gennodejs/ros/esc_move_base_msgs/msg/Path2D.js
Symlinking /home/luigi/amr/Walter_AMR/amr_ws/devel/share/gennodejs/ros/esc_move_base_msgs/msg/Goto2DActionResult.js
Symlinking /home/luigi/amr/Walter_AMR/amr_ws/devel/share/esc_move_base_msgs/msg/GotoRegion2DActionGoal.msg
Symlinking /home/luigi/amr/Walter_AMR/amr_ws/devel/share/esc_move_base_msgs/msg/Goto2DResult.msg
Symlinking /home/luigi/amr/Walter_AMR/amr_ws/devel/share/esc_move_base_msgs/msg/Goto2DAction.msg
Symlinking /home/luigi/amr/Walter_AMR/amr_ws/devel/share/esc_move_base_msgs/msg/Goto2DGoal.msg
Symlinking /home/luigi/amr/Walter_AMR/amr_ws/devel/share/esc_move_base_msgs/msg/Goto2DActionGoal.msg
Symlinking /home/luigi/amr/Walter_AMR/amr_ws/devel/share/esc_move_base_msgs/msg/GotoRegion2DAction.msg
Symlinking /home/luigi/amr/Walter_AMR/amr_ws/devel/share/esc_move_base_msgs/msg/GotoRegion2DResult.msg
Symlinking /home/luigi/amr/Walter_AMR/amr_ws/devel/share/esc_move_base_msgs/msg/GotoRegion2DActionResult.msg
Symlinking /home/luigi/amr/Walter_AMR/amr_ws/devel/share/esc_move_base_msgs/msg/Goto2DFeedback.msg
Symlinking /home/luigi/amr/Walter_AMR/amr_ws/devel/share/esc_move_base_msgs/msg/Goto2DActionFeedback.msg
Symlinking /home/luigi/amr/Walter_AMR/amr_ws/devel/share/esc_move_base_msgs/msg/GotoRegion2DFeedback.msg
Symlinking /home/luigi/amr/Walter_AMR/amr_ws/devel/share/esc_move_base_msgs/msg/GotoRegion2DActionFeedback.msg
Symlinking /home/luigi/amr/Walter_AMR/amr_ws/devel/share/esc_move_base_msgs/msg/Goto2DActionResult.msg
Symlinking /home/luigi/amr/Walter_AMR/amr_ws/devel/share/esc_move_base_msgs/msg/GotoRegion2DGoal.msg
Symlinking /home/luigi/amr/Walter_AMR/amr_ws/devel/share/esc_move_base_msgs/cmake/esc_move_base_msgs-msg-extras.cmake
Symlinking /home/luigi/amr/Walter_AMR/amr_ws/devel/share/esc_move_base_msgs/cmake/esc_move_base_msgsConfig.cmake
Symlinking /home/luigi/amr/Walter_AMR/amr_ws/devel/share/esc_move_base_msgs/cmake/esc_move_base_msgsConfig-version.cmake
Symlinking /home/luigi/amr/Walter_AMR/amr_ws/devel/share/esc_move_base_msgs/cmake/esc_move_base_msgs-msg-paths.cmake
Symlinking /home/luigi/amr/Walter_AMR/amr_ws/devel/lib/python3/dist-packages/esc_move_base_msgs/__init__.py
Symlinking /home/luigi/amr/Walter_AMR/amr_ws/devel/lib/python3/dist-packages/esc_move_base_msgs/msg/_Goto2DAction.py
Symlinking /home/luigi/amr/Walter_AMR/amr_ws/devel/lib/python3/dist-packages/esc_move_base_msgs/msg/_GotoRegion2DActionResult.py
Symlinking /home/luigi/amr/Walter_AMR/amr_ws/devel/lib/python3/dist-packages/esc_move_base_msgs/msg/_GotoRegion2DFeedback.py
Symlinking /home/luigi/amr/Walter_AMR/amr_ws/devel/lib/python3/dist-packages/esc_move_base_msgs/msg/_GotoRegion2DGoal.py
Symlinking /home/luigi/amr/Walter_AMR/amr_ws/devel/lib/python3/dist-packages/esc_move_base_msgs/msg/_Goto2DActionFeedback.py
Symlinking /home/luigi/amr/Walter_AMR/amr_ws/devel/lib/python3/dist-packages/esc_move_base_msgs/msg/_Goto2DResult.py
Symlinking /home/luigi/amr/Walter_AMR/amr_ws/devel/lib/python3/dist-packages/esc_move_base_msgs/msg/_Goto2DFeedback.py
Symlinking /home/luigi/amr/Walter_AMR/amr_ws/devel/lib/python3/dist-packages/esc_move_base_msgs/msg/_GotoRegion2DActionGoal.py
Symlinking /home/luigi/amr/Walter_AMR/amr_ws/devel/lib/python3/dist-packages/esc_move_base_msgs/msg/_Path2D.py
Symlinking /home/luigi/amr/Walter_AMR/amr_ws/devel/lib/python3/dist-packages/esc_move_base_msgs/msg/_GotoRegion2DAction.py
Symlinking /home/luigi/amr/Walter_AMR/amr_ws/devel/lib/python3/dist-packages/esc_move_base_msgs/msg/_Goto2DGoal.py
Symlinking /home/luigi/amr/Walter_AMR/amr_ws/devel/lib/python3/dist-packages/esc_move_base_msgs/msg/_Goto2DActionGoal.py
Symlinking /home/luigi/amr/Walter_AMR/amr_ws/devel/lib/python3/dist-packages/esc_move_base_msgs/msg/_Goto2DActionResult.py
Symlinking /home/luigi/amr/Walter_AMR/amr_ws/devel/lib/python3/dist-packages/esc_move_base_msgs/msg/_GotoRegion2DActionFeedback.py
Symlinking /home/luigi/amr/Walter_AMR/amr_ws/devel/lib/python3/dist-packages/esc_move_base_msgs/msg/__init__.py
Symlinking /home/luigi/amr/Walter_AMR/amr_ws/devel/lib/python3/dist-packages/esc_move_base_msgs/msg/_GotoRegion2DResult.py
Symlinking /home/luigi/amr/Walter_AMR/amr_ws/devel/lib/pkgconfig/esc_move_base_msgs.pc
