[  0%] Built target std_msgs_generate_messages_nodejs
[  0%] Built target _esc_move_base_msgs_generate_messages_check_deps_GotoRegion2DActionFeedback
[  0%] Built target _esc_move_base_msgs_generate_messages_check_deps_Goto2DResult
[  0%] Built target _esc_move_base_msgs_generate_messages_check_deps_GotoRegion2DGoal
[  0%] Built target geometry_msgs_generate_messages_nodejs
[  0%] Built target _esc_move_base_msgs_generate_messages_check_deps_GotoRegion2DResult
[  0%] Built target actionlib_msgs_generate_messages_nodejs
[  0%] Built target _esc_move_base_msgs_generate_messages_check_deps_GotoRegion2DActionResult
[  0%] Built target _esc_move_base_msgs_generate_messages_check_deps_GotoRegion2DAction
[  0%] Built target _esc_move_base_msgs_generate_messages_check_deps_Path2D
[  0%] Built target _esc_move_base_msgs_generate_messages_check_deps_GotoRegion2DFeedback
[  0%] Built target _esc_move_base_msgs_generate_messages_check_deps_GotoRegion2DActionGoal
[  0%] Built target _esc_move_base_msgs_generate_messages_check_deps_Goto2DAction
[  0%] Built target _esc_move_base_msgs_generate_messages_check_deps_Goto2DGoal
[  0%] Built target _esc_move_base_msgs_generate_messages_check_deps_Goto2DFeedback
[  0%] Built target _esc_move_base_msgs_generate_messages_check_deps_Goto2DActionGoal
[  0%] Built target _esc_move_base_msgs_generate_messages_check_deps_Goto2DActionResult
[  0%] Built target actionlib_msgs_generate_messages_cpp
[  0%] Built target _esc_move_base_msgs_generate_messages_check_deps_Goto2DActionFeedback
[  0%] Built target geometry_msgs_generate_messages_cpp
[  0%] Built target std_msgs_generate_messages_cpp
[  0%] Built target std_msgs_generate_messages_py
[  0%] Built target actionlib_msgs_generate_messages_py
[  0%] Built target geometry_msgs_generate_messages_py
[  0%] Built target geometry_msgs_generate_messages_eus
[  0%] Built target actionlib_msgs_generate_messages_eus
[  0%] Built target std_msgs_generate_messages_eus
[  0%] Built target std_msgs_generate_messages_lisp
[  0%] Built target geometry_msgs_generate_messages_lisp
[ 19%] Built target esc_move_base_msgs_generate_messages_nodejs
[ 19%] Built target actionlib_msgs_generate_messages_lisp
[ 59%] Built target esc_move_base_msgs_generate_messages_py
[ 59%] Built target esc_move_base_msgs_generate_messages_cpp
[ 80%] Built target esc_move_base_msgs_generate_messages_eus
[100%] Built target esc_move_base_msgs_generate_messages_lisp
[100%] Built target esc_move_base_msgs_generate_messages
