[35m[1mScanning dependencies of target _esc_move_base_msgs_generate_messages_check_deps_Goto2DResult[0m
[35m[1mScanning dependencies of target _esc_move_base_msgs_generate_messages_check_deps_GotoRegion2DGoal[0m
[  0%] Built target _esc_move_base_msgs_generate_messages_check_deps_Goto2DResult
[35m[1mScanning dependencies of target std_msgs_generate_messages_nodejs[0m
[35m[1mScanning dependencies of target _esc_move_base_msgs_generate_messages_check_deps_GotoRegion2DActionFeedback[0m
[  0%] Built target _esc_move_base_msgs_generate_messages_check_deps_GotoRegion2DGoal
[  0%] Built target std_msgs_generate_messages_nodejs
[35m[1mScanning dependencies of target _esc_move_base_msgs_generate_messages_check_deps_GotoRegion2DResult[0m
[35m[1mScanning dependencies of target geometry_msgs_generate_messages_nodejs[0m
[  0%] Built target geometry_msgs_generate_messages_nodejs
[35m[1mScanning dependencies of target _esc_move_base_msgs_generate_messages_check_deps_GotoRegion2DActionResult[0m
[35m[1mScanning dependencies of target _esc_move_base_msgs_generate_messages_check_deps_GotoRegion2DAction[0m
[  0%] Built target _esc_move_base_msgs_generate_messages_check_deps_GotoRegion2DActionFeedback
[  0%] Built target _esc_move_base_msgs_generate_messages_check_deps_GotoRegion2DResult
[  0%] Built target _esc_move_base_msgs_generate_messages_check_deps_GotoRegion2DActionResult
[  0%] Built target _esc_move_base_msgs_generate_messages_check_deps_GotoRegion2DAction
[35m[1mScanning dependencies of target actionlib_msgs_generate_messages_nodejs[0m
[  0%] Built target actionlib_msgs_generate_messages_nodejs
[35m[1mScanning dependencies of target _esc_move_base_msgs_generate_messages_check_deps_Path2D[0m
[35m[1mScanning dependencies of target _esc_move_base_msgs_generate_messages_check_deps_GotoRegion2DFeedback[0m
[  0%] Built target _esc_move_base_msgs_generate_messages_check_deps_Path2D
[  0%] Built target _esc_move_base_msgs_generate_messages_check_deps_GotoRegion2DFeedback
[35m[1mScanning dependencies of target _esc_move_base_msgs_generate_messages_check_deps_GotoRegion2DActionGoal[0m
[  0%] Built target _esc_move_base_msgs_generate_messages_check_deps_GotoRegion2DActionGoal
[35m[1mScanning dependencies of target _esc_move_base_msgs_generate_messages_check_deps_Goto2DAction[0m
[  0%] Built target _esc_move_base_msgs_generate_messages_check_deps_Goto2DAction
[35m[1mScanning dependencies of target _esc_move_base_msgs_generate_messages_check_deps_Goto2DGoal[0m
[  0%] Built target _esc_move_base_msgs_generate_messages_check_deps_Goto2DGoal
[35m[1mScanning dependencies of target _esc_move_base_msgs_generate_messages_check_deps_Goto2DFeedback[0m
[  0%] Built target _esc_move_base_msgs_generate_messages_check_deps_Goto2DFeedback
[35m[1mScanning dependencies of target _esc_move_base_msgs_generate_messages_check_deps_Goto2DActionGoal[0m
[  0%] Built target _esc_move_base_msgs_generate_messages_check_deps_Goto2DActionGoal
[35m[1mScanning dependencies of target _esc_move_base_msgs_generate_messages_check_deps_Goto2DActionResult[0m
[  0%] Built target _esc_move_base_msgs_generate_messages_check_deps_Goto2DActionResult
[35m[1mScanning dependencies of target _esc_move_base_msgs_generate_messages_check_deps_Goto2DActionFeedback[0m
[35m[1mScanning dependencies of target actionlib_msgs_generate_messages_cpp[0m
[  0%] Built target actionlib_msgs_generate_messages_cpp
[  0%] Built target _esc_move_base_msgs_generate_messages_check_deps_Goto2DActionFeedback
[35m[1mScanning dependencies of target geometry_msgs_generate_messages_cpp[0m
[  0%] Built target geometry_msgs_generate_messages_cpp
[35m[1mScanning dependencies of target std_msgs_generate_messages_cpp[0m
[35m[1mScanning dependencies of target std_msgs_generate_messages_py[0m
[  0%] Built target std_msgs_generate_messages_cpp
[  0%] Built target std_msgs_generate_messages_py
[35m[1mScanning dependencies of target actionlib_msgs_generate_messages_py[0m
[  0%] Built target actionlib_msgs_generate_messages_py
[35m[1mScanning dependencies of target geometry_msgs_generate_messages_py[0m
[35m[1mScanning dependencies of target geometry_msgs_generate_messages_eus[0m
[  0%] Built target geometry_msgs_generate_messages_py
[  0%] Built target geometry_msgs_generate_messages_eus
[35m[1mScanning dependencies of target actionlib_msgs_generate_messages_eus[0m
[  0%] Built target actionlib_msgs_generate_messages_eus
[35m[1mScanning dependencies of target std_msgs_generate_messages_eus[0m
[  0%] Built target std_msgs_generate_messages_eus
[35m[1mScanning dependencies of target std_msgs_generate_messages_lisp[0m
[  0%] Built target std_msgs_generate_messages_lisp
[35m[1mScanning dependencies of target geometry_msgs_generate_messages_lisp[0m
[  0%] Built target geometry_msgs_generate_messages_lisp
[35m[1mScanning dependencies of target actionlib_msgs_generate_messages_lisp[0m
[  0%] Built target actionlib_msgs_generate_messages_lisp
[35m[1mScanning dependencies of target esc_move_base_msgs_generate_messages_cpp[0m
[  1%] [34m[1mGenerating C++ code from esc_move_base_msgs/Path2D.msg[0m
[35m[1mScanning dependencies of target esc_move_base_msgs_generate_messages_nodejs[0m
[  2%] [34m[1mGenerating Javascript code from esc_move_base_msgs/Path2D.msg[0m
[35m[1mScanning dependencies of target esc_move_base_msgs_generate_messages_py[0m
[  3%] [34m[1mGenerating Python from MSG esc_move_base_msgs/Path2D[0m
[  5%] [34m[1mGenerating Javascript code from esc_move_base_msgs/Goto2DAction.msg[0m
[  6%] [34m[1mGenerating Javascript code from esc_move_base_msgs/Goto2DActionGoal.msg[0m
[  7%] [34m[1mGenerating C++ code from esc_move_base_msgs/Goto2DAction.msg[0m
[  9%] [34m[1mGenerating Javascript code from esc_move_base_msgs/Goto2DActionResult.msg[0m
[ 10%] [34m[1mGenerating Python from MSG esc_move_base_msgs/Goto2DAction[0m
[ 11%] [34m[1mGenerating Javascript code from esc_move_base_msgs/Goto2DActionFeedback.msg[0m
[ 12%] [34m[1mGenerating C++ code from esc_move_base_msgs/Goto2DActionGoal.msg[0m
[ 14%] [34m[1mGenerating Javascript code from esc_move_base_msgs/Goto2DGoal.msg[0m
[ 15%] [34m[1mGenerating Javascript code from esc_move_base_msgs/Goto2DResult.msg[0m
[ 16%] [34m[1mGenerating Javascript code from esc_move_base_msgs/Goto2DFeedback.msg[0m
[ 18%] [34m[1mGenerating Javascript code from esc_move_base_msgs/GotoRegion2DAction.msg[0m
[ 19%] [34m[1mGenerating Python from MSG esc_move_base_msgs/Goto2DActionResult[0m
[ 20%] [34m[1mGenerating Python from MSG esc_move_base_msgs/Goto2DActionGoal[0m
[ 22%] [34m[1mGenerating Python from MSG esc_move_base_msgs/Goto2DActionFeedback[0m
[ 23%] [34m[1mGenerating Javascript code from esc_move_base_msgs/GotoRegion2DActionGoal.msg[0m
[ 24%] [34m[1mGenerating C++ code from esc_move_base_msgs/Goto2DActionResult.msg[0m
[ 25%] [34m[1mGenerating Javascript code from esc_move_base_msgs/GotoRegion2DActionResult.msg[0m
[ 27%] [34m[1mGenerating C++ code from esc_move_base_msgs/Goto2DActionFeedback.msg[0m
[ 28%] [34m[1mGenerating Python from MSG esc_move_base_msgs/Goto2DGoal[0m
[ 29%] [34m[1mGenerating Python from MSG esc_move_base_msgs/Goto2DResult[0m
[ 31%] [34m[1mGenerating Javascript code from esc_move_base_msgs/GotoRegion2DActionFeedback.msg[0m
[ 32%] [34m[1mGenerating Python from MSG esc_move_base_msgs/Goto2DFeedback[0m
[ 33%] [34m[1mGenerating C++ code from esc_move_base_msgs/Goto2DGoal.msg[0m
[ 35%] [34m[1mGenerating Javascript code from esc_move_base_msgs/GotoRegion2DGoal.msg[0m
[ 36%] [34m[1mGenerating C++ code from esc_move_base_msgs/Goto2DResult.msg[0m
[ 37%] [34m[1mGenerating Javascript code from esc_move_base_msgs/GotoRegion2DResult.msg[0m
[ 38%] [34m[1mGenerating Javascript code from esc_move_base_msgs/GotoRegion2DFeedback.msg[0m
[ 40%] [34m[1mGenerating C++ code from esc_move_base_msgs/Goto2DFeedback.msg[0m
[ 41%] [34m[1mGenerating C++ code from esc_move_base_msgs/GotoRegion2DAction.msg[0m
[ 41%] Built target esc_move_base_msgs_generate_messages_nodejs
[ 42%] [34m[1mGenerating C++ code from esc_move_base_msgs/GotoRegion2DActionGoal.msg[0m
[ 44%] [34m[1mGenerating Python from MSG esc_move_base_msgs/GotoRegion2DAction[0m
[ 45%] [34m[1mGenerating Python from MSG esc_move_base_msgs/GotoRegion2DActionGoal[0m
[ 46%] [34m[1mGenerating Python from MSG esc_move_base_msgs/GotoRegion2DActionResult[0m
[ 48%] [34m[1mGenerating Python from MSG esc_move_base_msgs/GotoRegion2DActionFeedback[0m
[ 49%] [34m[1mGenerating C++ code from esc_move_base_msgs/GotoRegion2DActionResult.msg[0m
[ 50%] [34m[1mGenerating C++ code from esc_move_base_msgs/GotoRegion2DActionFeedback.msg[0m
[ 51%] [34m[1mGenerating C++ code from esc_move_base_msgs/GotoRegion2DGoal.msg[0m
[35m[1mScanning dependencies of target esc_move_base_msgs_generate_messages_eus[0m
[ 53%] [34m[1mGenerating EusLisp code from esc_move_base_msgs/Path2D.msg[0m
[ 54%] [34m[1mGenerating EusLisp code from esc_move_base_msgs/Goto2DAction.msg[0m
[ 55%] [34m[1mGenerating C++ code from esc_move_base_msgs/GotoRegion2DResult.msg[0m
[35m[1mScanning dependencies of target esc_move_base_msgs_generate_messages_lisp[0m
[ 57%] [34m[1mGenerating C++ code from esc_move_base_msgs/GotoRegion2DFeedback.msg[0m
[ 58%] [34m[1mGenerating Lisp code from esc_move_base_msgs/Path2D.msg[0m
[ 59%] [34m[1mGenerating Python from MSG esc_move_base_msgs/GotoRegion2DGoal[0m
[ 61%] [34m[1mGenerating EusLisp code from esc_move_base_msgs/Goto2DActionGoal.msg[0m
[ 62%] [34m[1mGenerating Lisp code from esc_move_base_msgs/Goto2DAction.msg[0m
[ 63%] [34m[1mGenerating Lisp code from esc_move_base_msgs/Goto2DActionGoal.msg[0m
[ 64%] [34m[1mGenerating EusLisp code from esc_move_base_msgs/Goto2DActionResult.msg[0m
[ 64%] Built target esc_move_base_msgs_generate_messages_cpp
[ 66%] [34m[1mGenerating Lisp code from esc_move_base_msgs/Goto2DActionResult.msg[0m
[ 67%] [34m[1mGenerating Python from MSG esc_move_base_msgs/GotoRegion2DResult[0m
[ 68%] [34m[1mGenerating Lisp code from esc_move_base_msgs/Goto2DActionFeedback.msg[0m
[ 70%] [34m[1mGenerating EusLisp code from esc_move_base_msgs/Goto2DActionFeedback.msg[0m
[ 71%] [34m[1mGenerating Lisp code from esc_move_base_msgs/Goto2DGoal.msg[0m
[ 72%] [34m[1mGenerating EusLisp code from esc_move_base_msgs/Goto2DGoal.msg[0m
[ 74%] [34m[1mGenerating Lisp code from esc_move_base_msgs/Goto2DResult.msg[0m
[ 75%] [34m[1mGenerating Python from MSG esc_move_base_msgs/GotoRegion2DFeedback[0m
[ 76%] [34m[1mGenerating EusLisp code from esc_move_base_msgs/Goto2DResult.msg[0m
[ 77%] [34m[1mGenerating Lisp code from esc_move_base_msgs/Goto2DFeedback.msg[0m
[ 79%] [34m[1mGenerating Lisp code from esc_move_base_msgs/GotoRegion2DAction.msg[0m
[ 80%] [34m[1mGenerating EusLisp code from esc_move_base_msgs/Goto2DFeedback.msg[0m
[ 81%] [34m[1mGenerating Lisp code from esc_move_base_msgs/GotoRegion2DActionGoal.msg[0m
[ 83%] [34m[1mGenerating EusLisp code from esc_move_base_msgs/GotoRegion2DAction.msg[0m
[ 84%] [34m[1mGenerating EusLisp code from esc_move_base_msgs/GotoRegion2DActionGoal.msg[0m
[ 85%] [34m[1mGenerating Lisp code from esc_move_base_msgs/GotoRegion2DActionResult.msg[0m
[ 87%] [34m[1mGenerating Python msg __init__.py for esc_move_base_msgs[0m
[ 88%] [34m[1mGenerating Lisp code from esc_move_base_msgs/GotoRegion2DActionFeedback.msg[0m
[ 89%] [34m[1mGenerating EusLisp code from esc_move_base_msgs/GotoRegion2DActionResult.msg[0m
[ 90%] [34m[1mGenerating EusLisp code from esc_move_base_msgs/GotoRegion2DActionFeedback.msg[0m
[ 92%] [34m[1mGenerating Lisp code from esc_move_base_msgs/GotoRegion2DGoal.msg[0m
[ 93%] [34m[1mGenerating Lisp code from esc_move_base_msgs/GotoRegion2DResult.msg[0m
[ 94%] [34m[1mGenerating EusLisp code from esc_move_base_msgs/GotoRegion2DGoal.msg[0m
[ 96%] [34m[1mGenerating Lisp code from esc_move_base_msgs/GotoRegion2DFeedback.msg[0m
[ 96%] Built target esc_move_base_msgs_generate_messages_py
[ 96%] Built target esc_move_base_msgs_generate_messages_lisp
[ 97%] [34m[1mGenerating EusLisp code from esc_move_base_msgs/GotoRegion2DResult.msg[0m
[ 98%] [34m[1mGenerating EusLisp code from esc_move_base_msgs/GotoRegion2DFeedback.msg[0m
[100%] [34m[1mGenerating EusLisp manifest code for esc_move_base_msgs[0m
WARNING: Package name "ArloBot_description" does not follow the naming conventions. It should start with a lower case letter and only contain lower case letters, digits, underscores, and dashes.
WARNING: Package name "robotPV_V1_description" does not follow the naming conventions. It should start with a lower case letter and only contain lower case letters, digits, underscores, and dashes.
WARNING: Package name "ArloBot_description" does not follow the naming conventions. It should start with a lower case letter and only contain lower case letters, digits, underscores, and dashes.
WARNING: Package name "robotPV_V1_description" does not follow the naming conventions. It should start with a lower case letter and only contain lower case letters, digits, underscores, and dashes.
[100%] Built target esc_move_base_msgs_generate_messages_eus
[35m[1mScanning dependencies of target esc_move_base_msgs_generate_messages[0m
[100%] Built target esc_move_base_msgs_generate_messages
