Linked: (/home/luigi/amr/Walter_AMR/amr_ws/devel/.private/esc_move_base_msgs/include/esc_move_base_msgs/GotoRegion2DActionResult.h, /home/luigi/amr/Walter_AMR/amr_ws/devel/include/esc_move_base_msgs/GotoRegion2DActionResult.h)
Linked: (/home/luigi/amr/Walter_AMR/amr_ws/devel/.private/esc_move_base_msgs/include/esc_move_base_msgs/GotoRegion2DFeedback.h, /home/luigi/amr/Walter_AMR/amr_ws/devel/include/esc_move_base_msgs/GotoRegion2DFeedback.h)
Linked: (/home/luigi/amr/Walter_AMR/amr_ws/devel/.private/esc_move_base_msgs/include/esc_move_base_msgs/Goto2DGoal.h, /home/luigi/amr/Walter_AMR/amr_ws/devel/include/esc_move_base_msgs/Goto2DGoal.h)
Linked: (/home/luigi/amr/Walter_AMR/amr_ws/devel/.private/esc_move_base_msgs/include/esc_move_base_msgs/GotoRegion2DActionGoal.h, /home/luigi/amr/Walter_AMR/amr_ws/devel/include/esc_move_base_msgs/GotoRegion2DActionGoal.h)
Linked: (/home/luigi/amr/Walter_AMR/amr_ws/devel/.private/esc_move_base_msgs/include/esc_move_base_msgs/Goto2DResult.h, /home/luigi/amr/Walter_AMR/amr_ws/devel/include/esc_move_base_msgs/Goto2DResult.h)
Linked: (/home/luigi/amr/Walter_AMR/amr_ws/devel/.private/esc_move_base_msgs/include/esc_move_base_msgs/GotoRegion2DGoal.h, /home/luigi/amr/Walter_AMR/amr_ws/devel/include/esc_move_base_msgs/GotoRegion2DGoal.h)
Linked: (/home/luigi/amr/Walter_AMR/amr_ws/devel/.private/esc_move_base_msgs/include/esc_move_base_msgs/Goto2DActionFeedback.h, /home/luigi/amr/Walter_AMR/amr_ws/devel/include/esc_move_base_msgs/Goto2DActionFeedback.h)
Linked: (/home/luigi/amr/Walter_AMR/amr_ws/devel/.private/esc_move_base_msgs/include/esc_move_base_msgs/GotoRegion2DActionFeedback.h, /home/luigi/amr/Walter_AMR/amr_ws/devel/include/esc_move_base_msgs/GotoRegion2DActionFeedback.h)
Linked: (/home/luigi/amr/Walter_AMR/amr_ws/devel/.private/esc_move_base_msgs/include/esc_move_base_msgs/GotoRegion2DAction.h, /home/luigi/amr/Walter_AMR/amr_ws/devel/include/esc_move_base_msgs/GotoRegion2DAction.h)
Linked: (/home/luigi/amr/Walter_AMR/amr_ws/devel/.private/esc_move_base_msgs/include/esc_move_base_msgs/Goto2DActionGoal.h, /home/luigi/amr/Walter_AMR/amr_ws/devel/include/esc_move_base_msgs/Goto2DActionGoal.h)
Linked: (/home/luigi/amr/Walter_AMR/amr_ws/devel/.private/esc_move_base_msgs/include/esc_move_base_msgs/Goto2DActionResult.h, /home/luigi/amr/Walter_AMR/amr_ws/devel/include/esc_move_base_msgs/Goto2DActionResult.h)
Linked: (/home/luigi/amr/Walter_AMR/amr_ws/devel/.private/esc_move_base_msgs/include/esc_move_base_msgs/Goto2DFeedback.h, /home/luigi/amr/Walter_AMR/amr_ws/devel/include/esc_move_base_msgs/Goto2DFeedback.h)
Linked: (/home/luigi/amr/Walter_AMR/amr_ws/devel/.private/esc_move_base_msgs/include/esc_move_base_msgs/Path2D.h, /home/luigi/amr/Walter_AMR/amr_ws/devel/include/esc_move_base_msgs/Path2D.h)
Linked: (/home/luigi/amr/Walter_AMR/amr_ws/devel/.private/esc_move_base_msgs/include/esc_move_base_msgs/GotoRegion2DResult.h, /home/luigi/amr/Walter_AMR/amr_ws/devel/include/esc_move_base_msgs/GotoRegion2DResult.h)
Linked: (/home/luigi/amr/Walter_AMR/amr_ws/devel/.private/esc_move_base_msgs/include/esc_move_base_msgs/Goto2DAction.h, /home/luigi/amr/Walter_AMR/amr_ws/devel/include/esc_move_base_msgs/Goto2DAction.h)
Linked: (/home/luigi/amr/Walter_AMR/amr_ws/devel/.private/esc_move_base_msgs/share/roseus/ros/esc_move_base_msgs/manifest.l, /home/luigi/amr/Walter_AMR/amr_ws/devel/share/roseus/ros/esc_move_base_msgs/manifest.l)
Linked: (/home/luigi/amr/Walter_AMR/amr_ws/devel/.private/esc_move_base_msgs/share/roseus/ros/esc_move_base_msgs/msg/Goto2DGoal.l, /home/luigi/amr/Walter_AMR/amr_ws/devel/share/roseus/ros/esc_move_base_msgs/msg/Goto2DGoal.l)
Linked: (/home/luigi/amr/Walter_AMR/amr_ws/devel/.private/esc_move_base_msgs/share/roseus/ros/esc_move_base_msgs/msg/Goto2DActionFeedback.l, /home/luigi/amr/Walter_AMR/amr_ws/devel/share/roseus/ros/esc_move_base_msgs/msg/Goto2DActionFeedback.l)
Linked: (/home/luigi/amr/Walter_AMR/amr_ws/devel/.private/esc_move_base_msgs/share/roseus/ros/esc_move_base_msgs/msg/GotoRegion2DFeedback.l, /home/luigi/amr/Walter_AMR/amr_ws/devel/share/roseus/ros/esc_move_base_msgs/msg/GotoRegion2DFeedback.l)
Linked: (/home/luigi/amr/Walter_AMR/amr_ws/devel/.private/esc_move_base_msgs/share/roseus/ros/esc_move_base_msgs/msg/Goto2DActionGoal.l, /home/luigi/amr/Walter_AMR/amr_ws/devel/share/roseus/ros/esc_move_base_msgs/msg/Goto2DActionGoal.l)
Linked: (/home/luigi/amr/Walter_AMR/amr_ws/devel/.private/esc_move_base_msgs/share/roseus/ros/esc_move_base_msgs/msg/GotoRegion2DGoal.l, /home/luigi/amr/Walter_AMR/amr_ws/devel/share/roseus/ros/esc_move_base_msgs/msg/GotoRegion2DGoal.l)
Linked: (/home/luigi/amr/Walter_AMR/amr_ws/devel/.private/esc_move_base_msgs/share/roseus/ros/esc_move_base_msgs/msg/GotoRegion2DActionFeedback.l, /home/luigi/amr/Walter_AMR/amr_ws/devel/share/roseus/ros/esc_move_base_msgs/msg/GotoRegion2DActionFeedback.l)
Linked: (/home/luigi/amr/Walter_AMR/amr_ws/devel/.private/esc_move_base_msgs/share/roseus/ros/esc_move_base_msgs/msg/GotoRegion2DActionResult.l, /home/luigi/amr/Walter_AMR/amr_ws/devel/share/roseus/ros/esc_move_base_msgs/msg/GotoRegion2DActionResult.l)
Linked: (/home/luigi/amr/Walter_AMR/amr_ws/devel/.private/esc_move_base_msgs/share/roseus/ros/esc_move_base_msgs/msg/Goto2DResult.l, /home/luigi/amr/Walter_AMR/amr_ws/devel/share/roseus/ros/esc_move_base_msgs/msg/Goto2DResult.l)
Linked: (/home/luigi/amr/Walter_AMR/amr_ws/devel/.private/esc_move_base_msgs/share/roseus/ros/esc_move_base_msgs/msg/Goto2DFeedback.l, /home/luigi/amr/Walter_AMR/amr_ws/devel/share/roseus/ros/esc_move_base_msgs/msg/Goto2DFeedback.l)
Linked: (/home/luigi/amr/Walter_AMR/amr_ws/devel/.private/esc_move_base_msgs/share/roseus/ros/esc_move_base_msgs/msg/Goto2DActionResult.l, /home/luigi/amr/Walter_AMR/amr_ws/devel/share/roseus/ros/esc_move_base_msgs/msg/Goto2DActionResult.l)
Linked: (/home/luigi/amr/Walter_AMR/amr_ws/devel/.private/esc_move_base_msgs/share/roseus/ros/esc_move_base_msgs/msg/GotoRegion2DAction.l, /home/luigi/amr/Walter_AMR/amr_ws/devel/share/roseus/ros/esc_move_base_msgs/msg/GotoRegion2DAction.l)
Linked: (/home/luigi/amr/Walter_AMR/amr_ws/devel/.private/esc_move_base_msgs/share/roseus/ros/esc_move_base_msgs/msg/GotoRegion2DActionGoal.l, /home/luigi/amr/Walter_AMR/amr_ws/devel/share/roseus/ros/esc_move_base_msgs/msg/GotoRegion2DActionGoal.l)
Linked: (/home/luigi/amr/Walter_AMR/amr_ws/devel/.private/esc_move_base_msgs/share/roseus/ros/esc_move_base_msgs/msg/GotoRegion2DResult.l, /home/luigi/amr/Walter_AMR/amr_ws/devel/share/roseus/ros/esc_move_base_msgs/msg/GotoRegion2DResult.l)
Linked: (/home/luigi/amr/Walter_AMR/amr_ws/devel/.private/esc_move_base_msgs/share/roseus/ros/esc_move_base_msgs/msg/Goto2DAction.l, /home/luigi/amr/Walter_AMR/amr_ws/devel/share/roseus/ros/esc_move_base_msgs/msg/Goto2DAction.l)
Linked: (/home/luigi/amr/Walter_AMR/amr_ws/devel/.private/esc_move_base_msgs/share/roseus/ros/esc_move_base_msgs/msg/Path2D.l, /home/luigi/amr/Walter_AMR/amr_ws/devel/share/roseus/ros/esc_move_base_msgs/msg/Path2D.l)
Linked: (/home/luigi/amr/Walter_AMR/amr_ws/devel/.private/esc_move_base_msgs/share/common-lisp/ros/esc_move_base_msgs/msg/_package_Path2D.lisp, /home/luigi/amr/Walter_AMR/amr_ws/devel/share/common-lisp/ros/esc_move_base_msgs/msg/_package_Path2D.lisp)
Linked: (/home/luigi/amr/Walter_AMR/amr_ws/devel/.private/esc_move_base_msgs/share/common-lisp/ros/esc_move_base_msgs/msg/_package_Goto2DActionGoal.lisp, /home/luigi/amr/Walter_AMR/amr_ws/devel/share/common-lisp/ros/esc_move_base_msgs/msg/_package_Goto2DActionGoal.lisp)
Linked: (/home/luigi/amr/Walter_AMR/amr_ws/devel/.private/esc_move_base_msgs/share/common-lisp/ros/esc_move_base_msgs/msg/Goto2DActionResult.lisp, /home/luigi/amr/Walter_AMR/amr_ws/devel/share/common-lisp/ros/esc_move_base_msgs/msg/Goto2DActionResult.lisp)
Linked: (/home/luigi/amr/Walter_AMR/amr_ws/devel/.private/esc_move_base_msgs/share/common-lisp/ros/esc_move_base_msgs/msg/_package_GotoRegion2DFeedback.lisp, /home/luigi/amr/Walter_AMR/amr_ws/devel/share/common-lisp/ros/esc_move_base_msgs/msg/_package_GotoRegion2DFeedback.lisp)
Linked: (/home/luigi/amr/Walter_AMR/amr_ws/devel/.private/esc_move_base_msgs/share/common-lisp/ros/esc_move_base_msgs/msg/_package_Goto2DActionFeedback.lisp, /home/luigi/amr/Walter_AMR/amr_ws/devel/share/common-lisp/ros/esc_move_base_msgs/msg/_package_Goto2DActionFeedback.lisp)
Linked: (/home/luigi/amr/Walter_AMR/amr_ws/devel/.private/esc_move_base_msgs/share/common-lisp/ros/esc_move_base_msgs/msg/GotoRegion2DGoal.lisp, /home/luigi/amr/Walter_AMR/amr_ws/devel/share/common-lisp/ros/esc_move_base_msgs/msg/GotoRegion2DGoal.lisp)
Linked: (/home/luigi/amr/Walter_AMR/amr_ws/devel/.private/esc_move_base_msgs/share/common-lisp/ros/esc_move_base_msgs/msg/_package_GotoRegion2DAction.lisp, /home/luigi/amr/Walter_AMR/amr_ws/devel/share/common-lisp/ros/esc_move_base_msgs/msg/_package_GotoRegion2DAction.lisp)
Linked: (/home/luigi/amr/Walter_AMR/amr_ws/devel/.private/esc_move_base_msgs/share/common-lisp/ros/esc_move_base_msgs/msg/_package_Goto2DActionResult.lisp, /home/luigi/amr/Walter_AMR/amr_ws/devel/share/common-lisp/ros/esc_move_base_msgs/msg/_package_Goto2DActionResult.lisp)
Linked: (/home/luigi/amr/Walter_AMR/amr_ws/devel/.private/esc_move_base_msgs/share/common-lisp/ros/esc_move_base_msgs/msg/_package.lisp, /home/luigi/amr/Walter_AMR/amr_ws/devel/share/common-lisp/ros/esc_move_base_msgs/msg/_package.lisp)
Linked: (/home/luigi/amr/Walter_AMR/amr_ws/devel/.private/esc_move_base_msgs/share/common-lisp/ros/esc_move_base_msgs/msg/Goto2DActionFeedback.lisp, /home/luigi/amr/Walter_AMR/amr_ws/devel/share/common-lisp/ros/esc_move_base_msgs/msg/Goto2DActionFeedback.lisp)
Linked: (/home/luigi/amr/Walter_AMR/amr_ws/devel/.private/esc_move_base_msgs/share/common-lisp/ros/esc_move_base_msgs/msg/GotoRegion2DFeedback.lisp, /home/luigi/amr/Walter_AMR/amr_ws/devel/share/common-lisp/ros/esc_move_base_msgs/msg/GotoRegion2DFeedback.lisp)
Linked: (/home/luigi/amr/Walter_AMR/amr_ws/devel/.private/esc_move_base_msgs/share/common-lisp/ros/esc_move_base_msgs/msg/_package_GotoRegion2DActionResult.lisp, /home/luigi/amr/Walter_AMR/amr_ws/devel/share/common-lisp/ros/esc_move_base_msgs/msg/_package_GotoRegion2DActionResult.lisp)
Linked: (/home/luigi/amr/Walter_AMR/amr_ws/devel/.private/esc_move_base_msgs/share/common-lisp/ros/esc_move_base_msgs/msg/GotoRegion2DResult.lisp, /home/luigi/amr/Walter_AMR/amr_ws/devel/share/common-lisp/ros/esc_move_base_msgs/msg/GotoRegion2DResult.lisp)
Linked: (/home/luigi/amr/Walter_AMR/amr_ws/devel/.private/esc_move_base_msgs/share/common-lisp/ros/esc_move_base_msgs/msg/Goto2DAction.lisp, /home/luigi/amr/Walter_AMR/amr_ws/devel/share/common-lisp/ros/esc_move_base_msgs/msg/Goto2DAction.lisp)
Linked: (/home/luigi/amr/Walter_AMR/amr_ws/devel/.private/esc_move_base_msgs/share/common-lisp/ros/esc_move_base_msgs/msg/Goto2DFeedback.lisp, /home/luigi/amr/Walter_AMR/amr_ws/devel/share/common-lisp/ros/esc_move_base_msgs/msg/Goto2DFeedback.lisp)
Linked: (/home/luigi/amr/Walter_AMR/amr_ws/devel/.private/esc_move_base_msgs/share/common-lisp/ros/esc_move_base_msgs/msg/GotoRegion2DActionGoal.lisp, /home/luigi/amr/Walter_AMR/amr_ws/devel/share/common-lisp/ros/esc_move_base_msgs/msg/GotoRegion2DActionGoal.lisp)
Linked: (/home/luigi/amr/Walter_AMR/amr_ws/devel/.private/esc_move_base_msgs/share/common-lisp/ros/esc_move_base_msgs/msg/GotoRegion2DActionResult.lisp, /home/luigi/amr/Walter_AMR/amr_ws/devel/share/common-lisp/ros/esc_move_base_msgs/msg/GotoRegion2DActionResult.lisp)
Linked: (/home/luigi/amr/Walter_AMR/amr_ws/devel/.private/esc_move_base_msgs/share/common-lisp/ros/esc_move_base_msgs/msg/_package_GotoRegion2DGoal.lisp, /home/luigi/amr/Walter_AMR/amr_ws/devel/share/common-lisp/ros/esc_move_base_msgs/msg/_package_GotoRegion2DGoal.lisp)
Linked: (/home/luigi/amr/Walter_AMR/amr_ws/devel/.private/esc_move_base_msgs/share/common-lisp/ros/esc_move_base_msgs/msg/Goto2DActionGoal.lisp, /home/luigi/amr/Walter_AMR/amr_ws/devel/share/common-lisp/ros/esc_move_base_msgs/msg/Goto2DActionGoal.lisp)
Linked: (/home/luigi/amr/Walter_AMR/amr_ws/devel/.private/esc_move_base_msgs/share/common-lisp/ros/esc_move_base_msgs/msg/GotoRegion2DActionFeedback.lisp, /home/luigi/amr/Walter_AMR/amr_ws/devel/share/common-lisp/ros/esc_move_base_msgs/msg/GotoRegion2DActionFeedback.lisp)
Linked: (/home/luigi/amr/Walter_AMR/amr_ws/devel/.private/esc_move_base_msgs/share/common-lisp/ros/esc_move_base_msgs/msg/_package_GotoRegion2DActionGoal.lisp, /home/luigi/amr/Walter_AMR/amr_ws/devel/share/common-lisp/ros/esc_move_base_msgs/msg/_package_GotoRegion2DActionGoal.lisp)
Linked: (/home/luigi/amr/Walter_AMR/amr_ws/devel/.private/esc_move_base_msgs/share/common-lisp/ros/esc_move_base_msgs/msg/Path2D.lisp, /home/luigi/amr/Walter_AMR/amr_ws/devel/share/common-lisp/ros/esc_move_base_msgs/msg/Path2D.lisp)
Linked: (/home/luigi/amr/Walter_AMR/amr_ws/devel/.private/esc_move_base_msgs/share/common-lisp/ros/esc_move_base_msgs/msg/_package_Goto2DFeedback.lisp, /home/luigi/amr/Walter_AMR/amr_ws/devel/share/common-lisp/ros/esc_move_base_msgs/msg/_package_Goto2DFeedback.lisp)
Linked: (/home/luigi/amr/Walter_AMR/amr_ws/devel/.private/esc_move_base_msgs/share/common-lisp/ros/esc_move_base_msgs/msg/_package_GotoRegion2DActionFeedback.lisp, /home/luigi/amr/Walter_AMR/amr_ws/devel/share/common-lisp/ros/esc_move_base_msgs/msg/_package_GotoRegion2DActionFeedback.lisp)
Linked: (/home/luigi/amr/Walter_AMR/amr_ws/devel/.private/esc_move_base_msgs/share/common-lisp/ros/esc_move_base_msgs/msg/_package_Goto2DResult.lisp, /home/luigi/amr/Walter_AMR/amr_ws/devel/share/common-lisp/ros/esc_move_base_msgs/msg/_package_Goto2DResult.lisp)
Linked: (/home/luigi/amr/Walter_AMR/amr_ws/devel/.private/esc_move_base_msgs/share/common-lisp/ros/esc_move_base_msgs/msg/_package_Goto2DAction.lisp, /home/luigi/amr/Walter_AMR/amr_ws/devel/share/common-lisp/ros/esc_move_base_msgs/msg/_package_Goto2DAction.lisp)
Linked: (/home/luigi/amr/Walter_AMR/amr_ws/devel/.private/esc_move_base_msgs/share/common-lisp/ros/esc_move_base_msgs/msg/esc_move_base_msgs-msg.asd, /home/luigi/amr/Walter_AMR/amr_ws/devel/share/common-lisp/ros/esc_move_base_msgs/msg/esc_move_base_msgs-msg.asd)
Linked: (/home/luigi/amr/Walter_AMR/amr_ws/devel/.private/esc_move_base_msgs/share/common-lisp/ros/esc_move_base_msgs/msg/_package_Goto2DGoal.lisp, /home/luigi/amr/Walter_AMR/amr_ws/devel/share/common-lisp/ros/esc_move_base_msgs/msg/_package_Goto2DGoal.lisp)
Linked: (/home/luigi/amr/Walter_AMR/amr_ws/devel/.private/esc_move_base_msgs/share/common-lisp/ros/esc_move_base_msgs/msg/Goto2DGoal.lisp, /home/luigi/amr/Walter_AMR/amr_ws/devel/share/common-lisp/ros/esc_move_base_msgs/msg/Goto2DGoal.lisp)
Linked: (/home/luigi/amr/Walter_AMR/amr_ws/devel/.private/esc_move_base_msgs/share/common-lisp/ros/esc_move_base_msgs/msg/_package_GotoRegion2DResult.lisp, /home/luigi/amr/Walter_AMR/amr_ws/devel/share/common-lisp/ros/esc_move_base_msgs/msg/_package_GotoRegion2DResult.lisp)
Linked: (/home/luigi/amr/Walter_AMR/amr_ws/devel/.private/esc_move_base_msgs/share/common-lisp/ros/esc_move_base_msgs/msg/Goto2DResult.lisp, /home/luigi/amr/Walter_AMR/amr_ws/devel/share/common-lisp/ros/esc_move_base_msgs/msg/Goto2DResult.lisp)
Linked: (/home/luigi/amr/Walter_AMR/amr_ws/devel/.private/esc_move_base_msgs/share/common-lisp/ros/esc_move_base_msgs/msg/GotoRegion2DAction.lisp, /home/luigi/amr/Walter_AMR/amr_ws/devel/share/common-lisp/ros/esc_move_base_msgs/msg/GotoRegion2DAction.lisp)
Linked: (/home/luigi/amr/Walter_AMR/amr_ws/devel/.private/esc_move_base_msgs/share/gennodejs/ros/esc_move_base_msgs/_index.js, /home/luigi/amr/Walter_AMR/amr_ws/devel/share/gennodejs/ros/esc_move_base_msgs/_index.js)
Linked: (/home/luigi/amr/Walter_AMR/amr_ws/devel/.private/esc_move_base_msgs/share/gennodejs/ros/esc_move_base_msgs/msg/Goto2DFeedback.js, /home/luigi/amr/Walter_AMR/amr_ws/devel/share/gennodejs/ros/esc_move_base_msgs/msg/Goto2DFeedback.js)
Linked: (/home/luigi/amr/Walter_AMR/amr_ws/devel/.private/esc_move_base_msgs/share/gennodejs/ros/esc_move_base_msgs/msg/GotoRegion2DAction.js, /home/luigi/amr/Walter_AMR/amr_ws/devel/share/gennodejs/ros/esc_move_base_msgs/msg/GotoRegion2DAction.js)
Linked: (/home/luigi/amr/Walter_AMR/amr_ws/devel/.private/esc_move_base_msgs/share/gennodejs/ros/esc_move_base_msgs/msg/GotoRegion2DActionFeedback.js, /home/luigi/amr/Walter_AMR/amr_ws/devel/share/gennodejs/ros/esc_move_base_msgs/msg/GotoRegion2DActionFeedback.js)
Linked: (/home/luigi/amr/Walter_AMR/amr_ws/devel/.private/esc_move_base_msgs/share/gennodejs/ros/esc_move_base_msgs/msg/Goto2DResult.js, /home/luigi/amr/Walter_AMR/amr_ws/devel/share/gennodejs/ros/esc_move_base_msgs/msg/Goto2DResult.js)
Linked: (/home/luigi/amr/Walter_AMR/amr_ws/devel/.private/esc_move_base_msgs/share/gennodejs/ros/esc_move_base_msgs/msg/GotoRegion2DResult.js, /home/luigi/amr/Walter_AMR/amr_ws/devel/share/gennodejs/ros/esc_move_base_msgs/msg/GotoRegion2DResult.js)
Linked: (/home/luigi/amr/Walter_AMR/amr_ws/devel/.private/esc_move_base_msgs/share/gennodejs/ros/esc_move_base_msgs/msg/GotoRegion2DFeedback.js, /home/luigi/amr/Walter_AMR/amr_ws/devel/share/gennodejs/ros/esc_move_base_msgs/msg/GotoRegion2DFeedback.js)
Linked: (/home/luigi/amr/Walter_AMR/amr_ws/devel/.private/esc_move_base_msgs/share/gennodejs/ros/esc_move_base_msgs/msg/_index.js, /home/luigi/amr/Walter_AMR/amr_ws/devel/share/gennodejs/ros/esc_move_base_msgs/msg/_index.js)
Linked: (/home/luigi/amr/Walter_AMR/amr_ws/devel/.private/esc_move_base_msgs/share/gennodejs/ros/esc_move_base_msgs/msg/Goto2DAction.js, /home/luigi/amr/Walter_AMR/amr_ws/devel/share/gennodejs/ros/esc_move_base_msgs/msg/Goto2DAction.js)
Linked: (/home/luigi/amr/Walter_AMR/amr_ws/devel/.private/esc_move_base_msgs/share/gennodejs/ros/esc_move_base_msgs/msg/GotoRegion2DActionGoal.js, /home/luigi/amr/Walter_AMR/amr_ws/devel/share/gennodejs/ros/esc_move_base_msgs/msg/GotoRegion2DActionGoal.js)
Linked: (/home/luigi/amr/Walter_AMR/amr_ws/devel/.private/esc_move_base_msgs/share/gennodejs/ros/esc_move_base_msgs/msg/GotoRegion2DActionResult.js, /home/luigi/amr/Walter_AMR/amr_ws/devel/share/gennodejs/ros/esc_move_base_msgs/msg/GotoRegion2DActionResult.js)
Linked: (/home/luigi/amr/Walter_AMR/amr_ws/devel/.private/esc_move_base_msgs/share/gennodejs/ros/esc_move_base_msgs/msg/Goto2DActionGoal.js, /home/luigi/amr/Walter_AMR/amr_ws/devel/share/gennodejs/ros/esc_move_base_msgs/msg/Goto2DActionGoal.js)
Linked: (/home/luigi/amr/Walter_AMR/amr_ws/devel/.private/esc_move_base_msgs/share/gennodejs/ros/esc_move_base_msgs/msg/Goto2DGoal.js, /home/luigi/amr/Walter_AMR/amr_ws/devel/share/gennodejs/ros/esc_move_base_msgs/msg/Goto2DGoal.js)
Linked: (/home/luigi/amr/Walter_AMR/amr_ws/devel/.private/esc_move_base_msgs/share/gennodejs/ros/esc_move_base_msgs/msg/Goto2DActionFeedback.js, /home/luigi/amr/Walter_AMR/amr_ws/devel/share/gennodejs/ros/esc_move_base_msgs/msg/Goto2DActionFeedback.js)
Linked: (/home/luigi/amr/Walter_AMR/amr_ws/devel/.private/esc_move_base_msgs/share/gennodejs/ros/esc_move_base_msgs/msg/GotoRegion2DGoal.js, /home/luigi/amr/Walter_AMR/amr_ws/devel/share/gennodejs/ros/esc_move_base_msgs/msg/GotoRegion2DGoal.js)
Linked: (/home/luigi/amr/Walter_AMR/amr_ws/devel/.private/esc_move_base_msgs/share/gennodejs/ros/esc_move_base_msgs/msg/Path2D.js, /home/luigi/amr/Walter_AMR/amr_ws/devel/share/gennodejs/ros/esc_move_base_msgs/msg/Path2D.js)
Linked: (/home/luigi/amr/Walter_AMR/amr_ws/devel/.private/esc_move_base_msgs/share/gennodejs/ros/esc_move_base_msgs/msg/Goto2DActionResult.js, /home/luigi/amr/Walter_AMR/amr_ws/devel/share/gennodejs/ros/esc_move_base_msgs/msg/Goto2DActionResult.js)
Linked: (/home/luigi/amr/Walter_AMR/amr_ws/devel/.private/esc_move_base_msgs/share/esc_move_base_msgs/msg/GotoRegion2DActionGoal.msg, /home/luigi/amr/Walter_AMR/amr_ws/devel/share/esc_move_base_msgs/msg/GotoRegion2DActionGoal.msg)
Linked: (/home/luigi/amr/Walter_AMR/amr_ws/devel/.private/esc_move_base_msgs/share/esc_move_base_msgs/msg/Goto2DResult.msg, /home/luigi/amr/Walter_AMR/amr_ws/devel/share/esc_move_base_msgs/msg/Goto2DResult.msg)
Linked: (/home/luigi/amr/Walter_AMR/amr_ws/devel/.private/esc_move_base_msgs/share/esc_move_base_msgs/msg/Goto2DAction.msg, /home/luigi/amr/Walter_AMR/amr_ws/devel/share/esc_move_base_msgs/msg/Goto2DAction.msg)
Linked: (/home/luigi/amr/Walter_AMR/amr_ws/devel/.private/esc_move_base_msgs/share/esc_move_base_msgs/msg/Goto2DGoal.msg, /home/luigi/amr/Walter_AMR/amr_ws/devel/share/esc_move_base_msgs/msg/Goto2DGoal.msg)
Linked: (/home/luigi/amr/Walter_AMR/amr_ws/devel/.private/esc_move_base_msgs/share/esc_move_base_msgs/msg/Goto2DActionGoal.msg, /home/luigi/amr/Walter_AMR/amr_ws/devel/share/esc_move_base_msgs/msg/Goto2DActionGoal.msg)
Linked: (/home/luigi/amr/Walter_AMR/amr_ws/devel/.private/esc_move_base_msgs/share/esc_move_base_msgs/msg/GotoRegion2DAction.msg, /home/luigi/amr/Walter_AMR/amr_ws/devel/share/esc_move_base_msgs/msg/GotoRegion2DAction.msg)
Linked: (/home/luigi/amr/Walter_AMR/amr_ws/devel/.private/esc_move_base_msgs/share/esc_move_base_msgs/msg/GotoRegion2DResult.msg, /home/luigi/amr/Walter_AMR/amr_ws/devel/share/esc_move_base_msgs/msg/GotoRegion2DResult.msg)
Linked: (/home/luigi/amr/Walter_AMR/amr_ws/devel/.private/esc_move_base_msgs/share/esc_move_base_msgs/msg/GotoRegion2DActionResult.msg, /home/luigi/amr/Walter_AMR/amr_ws/devel/share/esc_move_base_msgs/msg/GotoRegion2DActionResult.msg)
Linked: (/home/luigi/amr/Walter_AMR/amr_ws/devel/.private/esc_move_base_msgs/share/esc_move_base_msgs/msg/Goto2DFeedback.msg, /home/luigi/amr/Walter_AMR/amr_ws/devel/share/esc_move_base_msgs/msg/Goto2DFeedback.msg)
Linked: (/home/luigi/amr/Walter_AMR/amr_ws/devel/.private/esc_move_base_msgs/share/esc_move_base_msgs/msg/Goto2DActionFeedback.msg, /home/luigi/amr/Walter_AMR/amr_ws/devel/share/esc_move_base_msgs/msg/Goto2DActionFeedback.msg)
Linked: (/home/luigi/amr/Walter_AMR/amr_ws/devel/.private/esc_move_base_msgs/share/esc_move_base_msgs/msg/GotoRegion2DFeedback.msg, /home/luigi/amr/Walter_AMR/amr_ws/devel/share/esc_move_base_msgs/msg/GotoRegion2DFeedback.msg)
Linked: (/home/luigi/amr/Walter_AMR/amr_ws/devel/.private/esc_move_base_msgs/share/esc_move_base_msgs/msg/GotoRegion2DActionFeedback.msg, /home/luigi/amr/Walter_AMR/amr_ws/devel/share/esc_move_base_msgs/msg/GotoRegion2DActionFeedback.msg)
Linked: (/home/luigi/amr/Walter_AMR/amr_ws/devel/.private/esc_move_base_msgs/share/esc_move_base_msgs/msg/Goto2DActionResult.msg, /home/luigi/amr/Walter_AMR/amr_ws/devel/share/esc_move_base_msgs/msg/Goto2DActionResult.msg)
Linked: (/home/luigi/amr/Walter_AMR/amr_ws/devel/.private/esc_move_base_msgs/share/esc_move_base_msgs/msg/GotoRegion2DGoal.msg, /home/luigi/amr/Walter_AMR/amr_ws/devel/share/esc_move_base_msgs/msg/GotoRegion2DGoal.msg)
Linked: (/home/luigi/amr/Walter_AMR/amr_ws/devel/.private/esc_move_base_msgs/share/esc_move_base_msgs/cmake/esc_move_base_msgs-msg-extras.cmake, /home/luigi/amr/Walter_AMR/amr_ws/devel/share/esc_move_base_msgs/cmake/esc_move_base_msgs-msg-extras.cmake)
Linked: (/home/luigi/amr/Walter_AMR/amr_ws/devel/.private/esc_move_base_msgs/share/esc_move_base_msgs/cmake/esc_move_base_msgsConfig.cmake, /home/luigi/amr/Walter_AMR/amr_ws/devel/share/esc_move_base_msgs/cmake/esc_move_base_msgsConfig.cmake)
Linked: (/home/luigi/amr/Walter_AMR/amr_ws/devel/.private/esc_move_base_msgs/share/esc_move_base_msgs/cmake/esc_move_base_msgsConfig-version.cmake, /home/luigi/amr/Walter_AMR/amr_ws/devel/share/esc_move_base_msgs/cmake/esc_move_base_msgsConfig-version.cmake)
Linked: (/home/luigi/amr/Walter_AMR/amr_ws/devel/.private/esc_move_base_msgs/share/esc_move_base_msgs/cmake/esc_move_base_msgs-msg-paths.cmake, /home/luigi/amr/Walter_AMR/amr_ws/devel/share/esc_move_base_msgs/cmake/esc_move_base_msgs-msg-paths.cmake)
Linked: (/home/luigi/amr/Walter_AMR/amr_ws/devel/.private/esc_move_base_msgs/lib/python3/dist-packages/esc_move_base_msgs/__init__.py, /home/luigi/amr/Walter_AMR/amr_ws/devel/lib/python3/dist-packages/esc_move_base_msgs/__init__.py)
Linked: (/home/luigi/amr/Walter_AMR/amr_ws/devel/.private/esc_move_base_msgs/lib/python3/dist-packages/esc_move_base_msgs/msg/_Goto2DAction.py, /home/luigi/amr/Walter_AMR/amr_ws/devel/lib/python3/dist-packages/esc_move_base_msgs/msg/_Goto2DAction.py)
Linked: (/home/luigi/amr/Walter_AMR/amr_ws/devel/.private/esc_move_base_msgs/lib/python3/dist-packages/esc_move_base_msgs/msg/_GotoRegion2DActionResult.py, /home/luigi/amr/Walter_AMR/amr_ws/devel/lib/python3/dist-packages/esc_move_base_msgs/msg/_GotoRegion2DActionResult.py)
Linked: (/home/luigi/amr/Walter_AMR/amr_ws/devel/.private/esc_move_base_msgs/lib/python3/dist-packages/esc_move_base_msgs/msg/_GotoRegion2DFeedback.py, /home/luigi/amr/Walter_AMR/amr_ws/devel/lib/python3/dist-packages/esc_move_base_msgs/msg/_GotoRegion2DFeedback.py)
Linked: (/home/luigi/amr/Walter_AMR/amr_ws/devel/.private/esc_move_base_msgs/lib/python3/dist-packages/esc_move_base_msgs/msg/_GotoRegion2DGoal.py, /home/luigi/amr/Walter_AMR/amr_ws/devel/lib/python3/dist-packages/esc_move_base_msgs/msg/_GotoRegion2DGoal.py)
Linked: (/home/luigi/amr/Walter_AMR/amr_ws/devel/.private/esc_move_base_msgs/lib/python3/dist-packages/esc_move_base_msgs/msg/_Goto2DActionFeedback.py, /home/luigi/amr/Walter_AMR/amr_ws/devel/lib/python3/dist-packages/esc_move_base_msgs/msg/_Goto2DActionFeedback.py)
Linked: (/home/luigi/amr/Walter_AMR/amr_ws/devel/.private/esc_move_base_msgs/lib/python3/dist-packages/esc_move_base_msgs/msg/_Goto2DResult.py, /home/luigi/amr/Walter_AMR/amr_ws/devel/lib/python3/dist-packages/esc_move_base_msgs/msg/_Goto2DResult.py)
Linked: (/home/luigi/amr/Walter_AMR/amr_ws/devel/.private/esc_move_base_msgs/lib/python3/dist-packages/esc_move_base_msgs/msg/_Goto2DFeedback.py, /home/luigi/amr/Walter_AMR/amr_ws/devel/lib/python3/dist-packages/esc_move_base_msgs/msg/_Goto2DFeedback.py)
Linked: (/home/luigi/amr/Walter_AMR/amr_ws/devel/.private/esc_move_base_msgs/lib/python3/dist-packages/esc_move_base_msgs/msg/_GotoRegion2DActionGoal.py, /home/luigi/amr/Walter_AMR/amr_ws/devel/lib/python3/dist-packages/esc_move_base_msgs/msg/_GotoRegion2DActionGoal.py)
Linked: (/home/luigi/amr/Walter_AMR/amr_ws/devel/.private/esc_move_base_msgs/lib/python3/dist-packages/esc_move_base_msgs/msg/_Path2D.py, /home/luigi/amr/Walter_AMR/amr_ws/devel/lib/python3/dist-packages/esc_move_base_msgs/msg/_Path2D.py)
Linked: (/home/luigi/amr/Walter_AMR/amr_ws/devel/.private/esc_move_base_msgs/lib/python3/dist-packages/esc_move_base_msgs/msg/_GotoRegion2DAction.py, /home/luigi/amr/Walter_AMR/amr_ws/devel/lib/python3/dist-packages/esc_move_base_msgs/msg/_GotoRegion2DAction.py)
Linked: (/home/luigi/amr/Walter_AMR/amr_ws/devel/.private/esc_move_base_msgs/lib/python3/dist-packages/esc_move_base_msgs/msg/_Goto2DGoal.py, /home/luigi/amr/Walter_AMR/amr_ws/devel/lib/python3/dist-packages/esc_move_base_msgs/msg/_Goto2DGoal.py)
Linked: (/home/luigi/amr/Walter_AMR/amr_ws/devel/.private/esc_move_base_msgs/lib/python3/dist-packages/esc_move_base_msgs/msg/_Goto2DActionGoal.py, /home/luigi/amr/Walter_AMR/amr_ws/devel/lib/python3/dist-packages/esc_move_base_msgs/msg/_Goto2DActionGoal.py)
Linked: (/home/luigi/amr/Walter_AMR/amr_ws/devel/.private/esc_move_base_msgs/lib/python3/dist-packages/esc_move_base_msgs/msg/_Goto2DActionResult.py, /home/luigi/amr/Walter_AMR/amr_ws/devel/lib/python3/dist-packages/esc_move_base_msgs/msg/_Goto2DActionResult.py)
Linked: (/home/luigi/amr/Walter_AMR/amr_ws/devel/.private/esc_move_base_msgs/lib/python3/dist-packages/esc_move_base_msgs/msg/_GotoRegion2DActionFeedback.py, /home/luigi/amr/Walter_AMR/amr_ws/devel/lib/python3/dist-packages/esc_move_base_msgs/msg/_GotoRegion2DActionFeedback.py)
Linked: (/home/luigi/amr/Walter_AMR/amr_ws/devel/.private/esc_move_base_msgs/lib/python3/dist-packages/esc_move_base_msgs/msg/__init__.py, /home/luigi/amr/Walter_AMR/amr_ws/devel/lib/python3/dist-packages/esc_move_base_msgs/msg/__init__.py)
Linked: (/home/luigi/amr/Walter_AMR/amr_ws/devel/.private/esc_move_base_msgs/lib/python3/dist-packages/esc_move_base_msgs/msg/_GotoRegion2DResult.py, /home/luigi/amr/Walter_AMR/amr_ws/devel/lib/python3/dist-packages/esc_move_base_msgs/msg/_GotoRegion2DResult.py)
Linked: (/home/luigi/amr/Walter_AMR/amr_ws/devel/.private/esc_move_base_msgs/lib/pkgconfig/esc_move_base_msgs.pc, /home/luigi/amr/Walter_AMR/amr_ws/devel/lib/pkgconfig/esc_move_base_msgs.pc)
