In file included from [01m[K/home/luigi/amr/Walter_AMR/amr_ws/src/pedsim_ros/2ndparty/spencer_tracking_rviz_plugin/src/additional_topic_subscriber.h:52[m[K,
                 from [01m[K/home/luigi/amr/Walter_AMR/amr_ws/src/pedsim_ros/2ndparty/spencer_tracking_rviz_plugin/src/tracked_persons_cache.h:40[m[K,
                 from [01m[K/home/luigi/amr/Walter_AMR/amr_ws/src/pedsim_ros/2ndparty/spencer_tracking_rviz_plugin/src/tracked_persons_cache.cpp:31[m[K:
/opt/ros/noetic/include/rviz/properties/ros_topic_property.h: In instantiation of ‘[01m[Krviz::RosTopicProperty::RosTopicProperty(const QString&, const QString&, const QString&, const QString&, rviz::Property*, Func&&, const R*) [with Func = const char (&)[15]; R = rviz::_AdditionalTopicSubscriber][m[K’:
[01m[K/home/luigi/amr/Walter_AMR/amr_ws/src/pedsim_ros/2ndparty/spencer_tracking_rviz_plugin/src/additional_topic_subscriber.h:71:125:[m[K   required from here
[01m[K/opt/ros/noetic/include/rviz/properties/ros_topic_property.h:59:5:[m[K [01;31m[Kerror: [m[K‘[01m[KQObject[m[K’ is an inaccessible base of ‘[01m[Krviz::_AdditionalTopicSubscriber[m[K’
   59 |     [01;31m[Kconnect[m[K(receiver, std::forward<Func>(changed_slot));
      |     [01;31m[K^~~~~~~[m[K
In file included from [01m[K/opt/ros/noetic/include/rviz/message_filter_display.h:40[m[K,
                 from [01m[K/home/luigi/amr/Walter_AMR/amr_ws/src/pedsim_ros/2ndparty/spencer_tracking_rviz_plugin/src/person_display_common.h:40[m[K,
                 from [01m[K/home/luigi/amr/Walter_AMR/amr_ws/src/pedsim_ros/2ndparty/spencer_tracking_rviz_plugin/src/social_relations_display.h:36[m[K,
                 from [01m[K/home/luigi/amr/Walter_AMR/amr_ws/src/pedsim_ros/2ndparty/spencer_tracking_rviz_plugin/src/social_relations_display.cpp:36[m[K:
/opt/ros/noetic/include/rviz/properties/ros_topic_property.h: In instantiation of ‘[01m[Krviz::RosTopicProperty::RosTopicProperty(const QString&, const QString&, const QString&, const QString&, rviz::Property*, Func&&, const R*) [with Func = const char (&)[15]; R = rviz::_AdditionalTopicSubscriber][m[K’:
[01m[K/home/luigi/amr/Walter_AMR/amr_ws/src/pedsim_ros/2ndparty/spencer_tracking_rviz_plugin/src/additional_topic_subscriber.h:71:125:[m[K   required from here
[01m[K/opt/ros/noetic/include/rviz/properties/ros_topic_property.h:59:5:[m[K [01;31m[Kerror: [m[K‘[01m[KQObject[m[K’ is an inaccessible base of ‘[01m[Krviz::_AdditionalTopicSubscriber[m[K’
   59 |     [01;31m[Kconnect[m[K(receiver, std::forward<Func>(changed_slot));
      |     [01;31m[K^~~~~~~[m[K
In file included from [01m[K/opt/ros/noetic/include/rviz/message_filter_display.h:40[m[K,
                 from [01m[K/home/luigi/amr/Walter_AMR/amr_ws/build/spencer_tracking_rviz_plugin/src/../../../src/pedsim_ros/2ndparty/spencer_tracking_rviz_plugin/src/person_display_common.h:40[m[K,
                 from [01m[K/home/luigi/amr/Walter_AMR/amr_ws/build/spencer_tracking_rviz_plugin/src/../../../src/pedsim_ros/2ndparty/spencer_tracking_rviz_plugin/src/tracked_groups_display.h:40[m[K,
                 from [01m[K/home/luigi/amr/Walter_AMR/amr_ws/build/spencer_tracking_rviz_plugin/src/moc_tracked_groups_display.cpp:9[m[K:
/opt/ros/noetic/include/rviz/properties/ros_topic_property.h: In instantiation of ‘[01m[Krviz::RosTopicProperty::RosTopicProperty(const QString&, const QString&, const QString&, const QString&, rviz::Property*, Func&&, const R*) [with Func = const char (&)[15]; R = rviz::_AdditionalTopicSubscriber][m[K’:
[01m[K/home/luigi/amr/Walter_AMR/amr_ws/build/spencer_tracking_rviz_plugin/src/../../../src/pedsim_ros/2ndparty/spencer_tracking_rviz_plugin/src/additional_topic_subscriber.h:71:125:[m[K   required from here
[01m[K/opt/ros/noetic/include/rviz/properties/ros_topic_property.h:59:5:[m[K [01;31m[Kerror: [m[K‘[01m[KQObject[m[K’ is an inaccessible base of ‘[01m[Krviz::_AdditionalTopicSubscriber[m[K’
   59 |     [01;31m[Kconnect[m[K(receiver, std::forward<Func>(changed_slot));
      |     [01;31m[K^~~~~~~[m[K
In file included from [01m[K/opt/ros/noetic/include/rviz/message_filter_display.h:40[m[K,
                 from [01m[K/home/luigi/amr/Walter_AMR/amr_ws/src/pedsim_ros/2ndparty/spencer_tracking_rviz_plugin/src/person_display_common.h:40[m[K,
                 from [01m[K/home/luigi/amr/Walter_AMR/amr_ws/src/pedsim_ros/2ndparty/spencer_tracking_rviz_plugin/src/human_attributes_display.h:39[m[K,
                 from [01m[K/home/luigi/amr/Walter_AMR/amr_ws/src/pedsim_ros/2ndparty/spencer_tracking_rviz_plugin/src/human_attributes_display.cpp:35[m[K:
/opt/ros/noetic/include/rviz/properties/ros_topic_property.h: In instantiation of ‘[01m[Krviz::RosTopicProperty::RosTopicProperty(const QString&, const QString&, const QString&, const QString&, rviz::Property*, Func&&, const R*) [with Func = const char (&)[15]; R = rviz::_AdditionalTopicSubscriber][m[K’:
[01m[K/home/luigi/amr/Walter_AMR/amr_ws/src/pedsim_ros/2ndparty/spencer_tracking_rviz_plugin/src/additional_topic_subscriber.h:71:125:[m[K   required from here
[01m[K/opt/ros/noetic/include/rviz/properties/ros_topic_property.h:59:5:[m[K [01;31m[Kerror: [m[K‘[01m[KQObject[m[K’ is an inaccessible base of ‘[01m[Krviz::_AdditionalTopicSubscriber[m[K’
   59 |     [01;31m[Kconnect[m[K(receiver, std::forward<Func>(changed_slot));
      |     [01;31m[K^~~~~~~[m[K
In file included from [01m[K/opt/ros/noetic/include/rviz/message_filter_display.h:40[m[K,
                 from [01m[K/home/luigi/amr/Walter_AMR/amr_ws/src/pedsim_ros/2ndparty/spencer_tracking_rviz_plugin/src/person_display_common.h:40[m[K,
                 from [01m[K/home/luigi/amr/Walter_AMR/amr_ws/src/pedsim_ros/2ndparty/spencer_tracking_rviz_plugin/src/tracked_groups_display.h:40[m[K,
                 from [01m[K/home/luigi/amr/Walter_AMR/amr_ws/src/pedsim_ros/2ndparty/spencer_tracking_rviz_plugin/src/tracked_groups_display.cpp:35[m[K:
/opt/ros/noetic/include/rviz/properties/ros_topic_property.h: In instantiation of ‘[01m[Krviz::RosTopicProperty::RosTopicProperty(const QString&, const QString&, const QString&, const QString&, rviz::Property*, Func&&, const R*) [with Func = const char (&)[15]; R = rviz::_AdditionalTopicSubscriber][m[K’:
[01m[K/home/luigi/amr/Walter_AMR/amr_ws/src/pedsim_ros/2ndparty/spencer_tracking_rviz_plugin/src/additional_topic_subscriber.h:71:125:[m[K   required from here
[01m[K/opt/ros/noetic/include/rviz/properties/ros_topic_property.h:59:5:[m[K [01;31m[Kerror: [m[K‘[01m[KQObject[m[K’ is an inaccessible base of ‘[01m[Krviz::_AdditionalTopicSubscriber[m[K’
   59 |     [01;31m[Kconnect[m[K(receiver, std::forward<Func>(changed_slot));
      |     [01;31m[K^~~~~~~[m[K
In file included from [01m[K/opt/ros/noetic/include/rviz/message_filter_display.h:40[m[K,
                 from [01m[K/home/luigi/amr/Walter_AMR/amr_ws/src/pedsim_ros/2ndparty/spencer_tracking_rviz_plugin/src/person_display_common.h:40[m[K,
                 from [01m[K/home/luigi/amr/Walter_AMR/amr_ws/src/pedsim_ros/2ndparty/spencer_tracking_rviz_plugin/src/social_activities_display.h:39[m[K,
                 from [01m[K/home/luigi/amr/Walter_AMR/amr_ws/src/pedsim_ros/2ndparty/spencer_tracking_rviz_plugin/src/social_activities_display.cpp:36[m[K:
/opt/ros/noetic/include/rviz/properties/ros_topic_property.h: In instantiation of ‘[01m[Krviz::RosTopicProperty::RosTopicProperty(const QString&, const QString&, const QString&, const QString&, rviz::Property*, Func&&, const R*) [with Func = const char (&)[15]; R = rviz::_AdditionalTopicSubscriber][m[K’:
[01m[K/home/luigi/amr/Walter_AMR/amr_ws/src/pedsim_ros/2ndparty/spencer_tracking_rviz_plugin/src/additional_topic_subscriber.h:71:125:[m[K   required from here
[01m[K/opt/ros/noetic/include/rviz/properties/ros_topic_property.h:59:5:[m[K [01;31m[Kerror: [m[K‘[01m[KQObject[m[K’ is an inaccessible base of ‘[01m[Krviz::_AdditionalTopicSubscriber[m[K’
   59 |     [01;31m[Kconnect[m[K(receiver, std::forward<Func>(changed_slot));
      |     [01;31m[K^~~~~~~[m[K
make[2]: *** [CMakeFiles/spencer_tracking_rviz_plugin.dir/build.make:186: CMakeFiles/spencer_tracking_rviz_plugin.dir/src/tracked_persons_cache.cpp.o] Error 1
make[2]: *** Waiting for unfinished jobs....
make[2]: *** [CMakeFiles/spencer_tracking_rviz_plugin.dir/build.make:134: CMakeFiles/spencer_tracking_rviz_plugin.dir/src/social_relations_display.cpp.o] Error 1
make[2]: *** [CMakeFiles/spencer_tracking_rviz_plugin.dir/build.make:238: CMakeFiles/spencer_tracking_rviz_plugin.dir/src/moc_tracked_groups_display.cpp.o] Error 1
make[2]: *** [CMakeFiles/spencer_tracking_rviz_plugin.dir/build.make:160: CMakeFiles/spencer_tracking_rviz_plugin.dir/src/human_attributes_display.cpp.o] Error 1
make[2]: *** [CMakeFiles/spencer_tracking_rviz_plugin.dir/build.make:147: CMakeFiles/spencer_tracking_rviz_plugin.dir/src/social_activities_display.cpp.o] Error 1
make[2]: *** [CMakeFiles/spencer_tracking_rviz_plugin.dir/build.make:121: CMakeFiles/spencer_tracking_rviz_plugin.dir/src/tracked_groups_display.cpp.o] Error 1
In file included from [01m[K/opt/ros/noetic/include/rviz/message_filter_display.h:40[m[K,
                 from [01m[K/home/luigi/amr/Walter_AMR/amr_ws/build/spencer_tracking_rviz_plugin/src/../../../src/pedsim_ros/2ndparty/spencer_tracking_rviz_plugin/src/person_display_common.h:40[m[K,
                 from [01m[K/home/luigi/amr/Walter_AMR/amr_ws/build/spencer_tracking_rviz_plugin/src/../../../src/pedsim_ros/2ndparty/spencer_tracking_rviz_plugin/src/social_relations_display.h:36[m[K,
                 from [01m[K/home/luigi/amr/Walter_AMR/amr_ws/build/spencer_tracking_rviz_plugin/src/moc_social_relations_display.cpp:9[m[K:
/opt/ros/noetic/include/rviz/properties/ros_topic_property.h: In instantiation of ‘[01m[Krviz::RosTopicProperty::RosTopicProperty(const QString&, const QString&, const QString&, const QString&, rviz::Property*, Func&&, const R*) [with Func = const char (&)[15]; R = rviz::_AdditionalTopicSubscriber][m[K’:
[01m[K/home/luigi/amr/Walter_AMR/amr_ws/build/spencer_tracking_rviz_plugin/src/../../../src/pedsim_ros/2ndparty/spencer_tracking_rviz_plugin/src/additional_topic_subscriber.h:71:125:[m[K   required from here
[01m[K/opt/ros/noetic/include/rviz/properties/ros_topic_property.h:59:5:[m[K [01;31m[Kerror: [m[K‘[01m[KQObject[m[K’ is an inaccessible base of ‘[01m[Krviz::_AdditionalTopicSubscriber[m[K’
   59 |     [01;31m[Kconnect[m[K(receiver, std::forward<Func>(changed_slot));
      |     [01;31m[K^~~~~~~[m[K
In file included from [01m[K/opt/ros/noetic/include/rviz/message_filter_display.h:40[m[K,
                 from [01m[K/home/luigi/amr/Walter_AMR/amr_ws/build/spencer_tracking_rviz_plugin/src/../../../src/pedsim_ros/2ndparty/spencer_tracking_rviz_plugin/src/person_display_common.h:40[m[K,
                 from [01m[K/home/luigi/amr/Walter_AMR/amr_ws/build/spencer_tracking_rviz_plugin/src/../../../src/pedsim_ros/2ndparty/spencer_tracking_rviz_plugin/src/social_activities_display.h:39[m[K,
                 from [01m[K/home/luigi/amr/Walter_AMR/amr_ws/build/spencer_tracking_rviz_plugin/src/moc_social_activities_display.cpp:9[m[K:
/opt/ros/noetic/include/rviz/properties/ros_topic_property.h: In instantiation of ‘[01m[Krviz::RosTopicProperty::RosTopicProperty(const QString&, const QString&, const QString&, const QString&, rviz::Property*, Func&&, const R*) [with Func = const char (&)[15]; R = rviz::_AdditionalTopicSubscriber][m[K’:
[01m[K/home/luigi/amr/Walter_AMR/amr_ws/build/spencer_tracking_rviz_plugin/src/../../../src/pedsim_ros/2ndparty/spencer_tracking_rviz_plugin/src/additional_topic_subscriber.h:71:125:[m[K   required from here
[01m[K/opt/ros/noetic/include/rviz/properties/ros_topic_property.h:59:5:[m[K [01;31m[Kerror: [m[K‘[01m[KQObject[m[K’ is an inaccessible base of ‘[01m[Krviz::_AdditionalTopicSubscriber[m[K’
   59 |     [01;31m[Kconnect[m[K(receiver, std::forward<Func>(changed_slot));
      |     [01;31m[K^~~~~~~[m[K
In file included from [01m[K/opt/ros/noetic/include/rviz/message_filter_display.h:40[m[K,
                 from [01m[K/home/luigi/amr/Walter_AMR/amr_ws/build/spencer_tracking_rviz_plugin/src/../../../src/pedsim_ros/2ndparty/spencer_tracking_rviz_plugin/src/person_display_common.h:40[m[K,
                 from [01m[K/home/luigi/amr/Walter_AMR/amr_ws/build/spencer_tracking_rviz_plugin/src/../../../src/pedsim_ros/2ndparty/spencer_tracking_rviz_plugin/src/human_attributes_display.h:39[m[K,
                 from [01m[K/home/luigi/amr/Walter_AMR/amr_ws/build/spencer_tracking_rviz_plugin/src/moc_human_attributes_display.cpp:9[m[K:
/opt/ros/noetic/include/rviz/properties/ros_topic_property.h: In instantiation of ‘[01m[Krviz::RosTopicProperty::RosTopicProperty(const QString&, const QString&, const QString&, const QString&, rviz::Property*, Func&&, const R*) [with Func = const char (&)[15]; R = rviz::_AdditionalTopicSubscriber][m[K’:
[01m[K/home/luigi/amr/Walter_AMR/amr_ws/build/spencer_tracking_rviz_plugin/src/../../../src/pedsim_ros/2ndparty/spencer_tracking_rviz_plugin/src/additional_topic_subscriber.h:71:125:[m[K   required from here
[01m[K/opt/ros/noetic/include/rviz/properties/ros_topic_property.h:59:5:[m[K [01;31m[Kerror: [m[K‘[01m[KQObject[m[K’ is an inaccessible base of ‘[01m[Krviz::_AdditionalTopicSubscriber[m[K’
   59 |     [01;31m[Kconnect[m[K(receiver, std::forward<Func>(changed_slot));
      |     [01;31m[K^~~~~~~[m[K
make[2]: *** [CMakeFiles/spencer_tracking_rviz_plugin.dir/build.make:264: CMakeFiles/spencer_tracking_rviz_plugin.dir/src/moc_social_activities_display.cpp.o] Error 1
make[2]: *** [CMakeFiles/spencer_tracking_rviz_plugin.dir/build.make:251: CMakeFiles/spencer_tracking_rviz_plugin.dir/src/moc_social_relations_display.cpp.o] Error 1
make[2]: *** [CMakeFiles/spencer_tracking_rviz_plugin.dir/build.make:277: CMakeFiles/spencer_tracking_rviz_plugin.dir/src/moc_human_attributes_display.cpp.o] Error 1
make[1]: *** [CMakeFiles/Makefile2:311: CMakeFiles/spencer_tracking_rviz_plugin.dir/all] Error 2
make: *** [Makefile:141: all] Error 2
