[  0%] Built target tf_generate_messages_lisp
[  0%] Built target spencer_social_relation_msgs_generate_messages_py
[  0%] Built target spencer_human_attribute_msgs_generate_messages_lisp
[  0%] Built target spencer_human_attribute_msgs_generate_messages_py
[  0%] Built target spencer_tracking_msgs_generate_messages_eus
[  0%] Built target spencer_tracking_msgs_generate_messages_lisp
[  0%] Built target spencer_human_attribute_msgs_generate_messages_nodejs
[  0%] Built target spencer_tracking_msgs_generate_messages_py
[  0%] Built target spencer_human_attribute_msgs_generate_messages_eus
[  0%] Built target std_srvs_generate_messages_nodejs
[  0%] Built target spencer_tracking_msgs_generate_messages_nodejs
[  0%] Built target std_srvs_generate_messages_eus
[  0%] Built target spencer_social_relation_msgs_generate_messages_nodejs
[  0%] Built target std_srvs_generate_messages_lisp
[  0%] Built target spencer_social_relation_msgs_generate_messages_lisp
[  0%] Built target nav_msgs_generate_messages_lisp
[  0%] Built target spencer_human_attribute_msgs_generate_messages_cpp
[  0%] Built target map_msgs_generate_messages_lisp
[  0%] Built target nav_msgs_generate_messages_eus
[  0%] Built target map_msgs_generate_messages_nodejs
[  0%] Built target tf_generate_messages_nodejs
[  0%] Built target rosgraph_msgs_generate_messages_nodejs
[  0%] Built target rosgraph_msgs_generate_messages_eus
[  0%] Built target map_msgs_generate_messages_cpp
[  0%] Built target actionlib_generate_messages_cpp
[  0%] Built target actionlib_msgs_generate_messages_py
[  0%] Built target spencer_social_relation_msgs_generate_messages_eus
[  0%] Built target actionlib_msgs_generate_messages_eus
[  0%] Built target rviz_generate_messages_lisp
[  0%] Built target std_srvs_generate_messages_py
[  0%] Built target roscpp_generate_messages_py
[  0%] Built target roscpp_generate_messages_eus
[  0%] Built target tf2_msgs_generate_messages_cpp
[  0%] Built target geometry_msgs_generate_messages_eus
[  0%] Built target rosgraph_msgs_generate_messages_lisp
[  0%] Built target std_msgs_generate_messages_py
[  0%] Built target tf2_msgs_generate_messages_eus
[  0%] Built target std_msgs_generate_messages_nodejs
[  0%] Built target spencer_tracking_msgs_generate_messages_cpp
[  0%] Built target rviz_generate_messages_py
[  0%] Built target sensor_msgs_generate_messages_py
[  0%] Built target std_msgs_generate_messages_cpp
[  0%] Built target tf_generate_messages_eus
[  0%] Built target roscpp_generate_messages_cpp
[  0%] Built target actionlib_generate_messages_lisp
[  0%] Built target map_msgs_generate_messages_py
[  0%] Built target roscpp_generate_messages_lisp
[  0%] Built target map_msgs_generate_messages_eus
[  0%] Built target rviz_generate_messages_nodejs
[  0%] Built target geometry_msgs_generate_messages_lisp
[  0%] Built target roscpp_generate_messages_nodejs
[  0%] Built target std_msgs_generate_messages_lisp
[  0%] Built target _catkin_empty_exported_target
[  0%] Built target rosgraph_msgs_generate_messages_py
[  0%] Built target std_srvs_generate_messages_cpp
[  0%] Built target tf_generate_messages_cpp
[  0%] Built target geometry_msgs_generate_messages_py
[  0%] Built target tf2_msgs_generate_messages_py
[  0%] Built target geometry_msgs_generate_messages_cpp
[  0%] Built target geometry_msgs_generate_messages_nodejs
[  0%] Built target visualization_msgs_generate_messages_lisp
[  0%] Built target rviz_generate_messages_cpp
[  0%] Built target nav_msgs_generate_messages_cpp
[  0%] Built target visualization_msgs_generate_messages_eus
[  0%] Built target sensor_msgs_generate_messages_cpp
[  0%] Built target nav_msgs_generate_messages_nodejs
[  0%] Built target sensor_msgs_generate_messages_nodejs
[  0%] Built target rosgraph_msgs_generate_messages_cpp
[  0%] Built target spencer_social_relation_msgs_generate_messages_cpp
[  0%] Built target actionlib_msgs_generate_messages_cpp
[  0%] Built target actionlib_generate_messages_eus
[  0%] Built target visualization_msgs_generate_messages_cpp
[  0%] Built target sensor_msgs_generate_messages_lisp
[  0%] Built target sensor_msgs_generate_messages_eus
[  0%] Built target actionlib_generate_messages_nodejs
[  0%] Built target tf_generate_messages_py
[  0%] Built target std_msgs_generate_messages_eus
[  0%] Built target actionlib_msgs_generate_messages_nodejs
[  0%] Built target actionlib_msgs_generate_messages_lisp
[  0%] Built target actionlib_generate_messages_py
[  0%] Built target visualization_msgs_generate_messages_nodejs
[  0%] Built target nav_msgs_generate_messages_py
[  0%] Built target tf2_msgs_generate_messages_lisp
[  0%] Built target tf2_msgs_generate_messages_nodejs
[  0%] Built target rviz_generate_messages_eus
[  0%] Built target visualization_msgs_generate_messages_py
[  3%] [34m[1mGenerating src/moc_additional_topic_subscriber.cpp[0m
[35m[1mScanning dependencies of target spencer_tracking_rviz_plugin[0m
[  7%] [32mBuilding CXX object CMakeFiles/spencer_tracking_rviz_plugin.dir/src/social_activities_display.cpp.o[0m
[ 11%] [32mBuilding CXX object CMakeFiles/spencer_tracking_rviz_plugin.dir/src/tracked_groups_display.cpp.o[0m
[ 15%] [32mBuilding CXX object CMakeFiles/spencer_tracking_rviz_plugin.dir/src/social_relations_display.cpp.o[0m
[ 19%] [32mBuilding CXX object CMakeFiles/spencer_tracking_rviz_plugin.dir/src/tracked_persons_cache.cpp.o[0m
[ 23%] [32mBuilding CXX object CMakeFiles/spencer_tracking_rviz_plugin.dir/src/human_attributes_display.cpp.o[0m
[ 26%] [32mBuilding CXX object CMakeFiles/spencer_tracking_rviz_plugin.dir/src/moc_additional_topic_subscriber.cpp.o[0m
[ 30%] [32mBuilding CXX object CMakeFiles/spencer_tracking_rviz_plugin.dir/src/moc_tracked_groups_display.cpp.o[0m
[ 34%] [32mBuilding CXX object CMakeFiles/spencer_tracking_rviz_plugin.dir/src/moc_social_relations_display.cpp.o[0m
[ 42%] [32mBuilding CXX object CMakeFiles/spencer_tracking_rviz_plugin.dir/src/moc_social_activities_display.cpp.o[0m
[ 42%] [32mBuilding CXX object CMakeFiles/spencer_tracking_rviz_plugin.dir/src/moc_human_attributes_display.cpp.o[0m
[ 46%] [32m[1mLinking CXX shared library /home/luigi/amr/Walter_AMR/amr_ws/devel/.private/spencer_tracking_rviz_plugin/lib/libspencer_tracking_rviz_plugin.so[0m
[100%] Built target spencer_tracking_rviz_plugin
