[35m[1mScanning dependencies of target tf_generate_messages_lisp[0m
[  0%] Built target tf_generate_messages_lisp
[35m[1mScanning dependencies of target spencer_social_relation_msgs_generate_messages_py[0m
[  0%] Built target spencer_social_relation_msgs_generate_messages_py
[35m[1mScanning dependencies of target spencer_human_attribute_msgs_generate_messages_py[0m
[  0%] Built target spencer_human_attribute_msgs_generate_messages_py
[35m[1mScanning dependencies of target spencer_human_attribute_msgs_generate_messages_nodejs[0m
[  0%] Built target spencer_human_attribute_msgs_generate_messages_nodejs
[35m[1mScanning dependencies of target spencer_human_attribute_msgs_generate_messages_lisp[0m
[  0%] Built target spencer_human_attribute_msgs_generate_messages_lisp
[35m[1mScanning dependencies of target spencer_human_attribute_msgs_generate_messages_eus[0m
[  0%] Built target spencer_human_attribute_msgs_generate_messages_eus
[35m[1mScanning dependencies of target spencer_tracking_msgs_generate_messages_py[0m
[  0%] Built target spencer_tracking_msgs_generate_messages_py
[35m[1mScanning dependencies of target spencer_tracking_msgs_generate_messages_nodejs[0m
[  0%] Built target spencer_tracking_msgs_generate_messages_nodejs
[35m[1mScanning dependencies of target spencer_tracking_msgs_generate_messages_lisp[0m
[  0%] Built target spencer_tracking_msgs_generate_messages_lisp
[35m[1mScanning dependencies of target spencer_tracking_msgs_generate_messages_eus[0m
[  0%] Built target spencer_tracking_msgs_generate_messages_eus
[35m[1mScanning dependencies of target std_srvs_generate_messages_nodejs[0m
[  0%] Built target std_srvs_generate_messages_nodejs
[35m[1mScanning dependencies of target std_srvs_generate_messages_lisp[0m
[  0%] Built target std_srvs_generate_messages_lisp
[35m[1mScanning dependencies of target spencer_social_relation_msgs_generate_messages_nodejs[0m
[  0%] Built target spencer_social_relation_msgs_generate_messages_nodejs
[35m[1mScanning dependencies of target std_srvs_generate_messages_eus[0m
[35m[1mScanning dependencies of target spencer_social_relation_msgs_generate_messages_lisp[0m
[  0%] Built target std_srvs_generate_messages_eus
[  0%] Built target spencer_social_relation_msgs_generate_messages_lisp
[35m[1mScanning dependencies of target nav_msgs_generate_messages_lisp[0m
[  0%] Built target nav_msgs_generate_messages_lisp
[35m[1mScanning dependencies of target nav_msgs_generate_messages_eus[0m
[  0%] Built target nav_msgs_generate_messages_eus
[35m[1mScanning dependencies of target map_msgs_generate_messages_nodejs[0m
[  0%] Built target map_msgs_generate_messages_nodejs
[35m[1mScanning dependencies of target map_msgs_generate_messages_lisp[0m
[  0%] Built target map_msgs_generate_messages_lisp
[35m[1mScanning dependencies of target map_msgs_generate_messages_cpp[0m
[  0%] Built target map_msgs_generate_messages_cpp
[35m[1mScanning dependencies of target tf_generate_messages_nodejs[0m
[  0%] Built target tf_generate_messages_nodejs
[35m[1mScanning dependencies of target rosgraph_msgs_generate_messages_nodejs[0m
[  0%] Built target rosgraph_msgs_generate_messages_nodejs
[35m[1mScanning dependencies of target actionlib_generate_messages_cpp[0m
[  0%] Built target actionlib_generate_messages_cpp
[35m[1mScanning dependencies of target spencer_human_attribute_msgs_generate_messages_cpp[0m
[35m[1mScanning dependencies of target actionlib_msgs_generate_messages_py[0m
[  0%] Built target actionlib_msgs_generate_messages_py
[  0%] Built target spencer_human_attribute_msgs_generate_messages_cpp
[35m[1mScanning dependencies of target rviz_generate_messages_lisp[0m
[35m[1mScanning dependencies of target spencer_social_relation_msgs_generate_messages_eus[0m
[  0%] Built target spencer_social_relation_msgs_generate_messages_eus
[  0%] Built target rviz_generate_messages_lisp
[35m[1mScanning dependencies of target actionlib_msgs_generate_messages_eus[0m
[35m[1mScanning dependencies of target std_srvs_generate_messages_py[0m
[  0%] Built target actionlib_msgs_generate_messages_eus
[  0%] Built target std_srvs_generate_messages_py
[35m[1mScanning dependencies of target rosgraph_msgs_generate_messages_eus[0m
[35m[1mScanning dependencies of target roscpp_generate_messages_py[0m
[  0%] Built target rosgraph_msgs_generate_messages_eus
[  0%] Built target roscpp_generate_messages_py
[35m[1mScanning dependencies of target std_msgs_generate_messages_py[0m
[35m[1mScanning dependencies of target roscpp_generate_messages_eus[0m
[  0%] Built target roscpp_generate_messages_eus
[  0%] Built target std_msgs_generate_messages_py
[35m[1mScanning dependencies of target std_msgs_generate_messages_nodejs[0m
[  0%] Built target std_msgs_generate_messages_nodejs
[35m[1mScanning dependencies of target geometry_msgs_generate_messages_eus[0m
[35m[1mScanning dependencies of target std_msgs_generate_messages_cpp[0m
[  0%] Built target geometry_msgs_generate_messages_eus
[  0%] Built target std_msgs_generate_messages_cpp
[35m[1mScanning dependencies of target tf2_msgs_generate_messages_cpp[0m
[35m[1mScanning dependencies of target tf_generate_messages_eus[0m
[35m[1mScanning dependencies of target rosgraph_msgs_generate_messages_lisp[0m
[  0%] Built target tf2_msgs_generate_messages_cpp
[  0%] Built target tf_generate_messages_eus
[  0%] Built target rosgraph_msgs_generate_messages_lisp
[35m[1mScanning dependencies of target roscpp_generate_messages_cpp[0m
[35m[1mScanning dependencies of target spencer_tracking_msgs_generate_messages_cpp[0m
[35m[1mScanning dependencies of target rviz_generate_messages_py[0m
[  0%] Built target roscpp_generate_messages_cpp
[  0%] Built target spencer_tracking_msgs_generate_messages_cpp
[  0%] Built target rviz_generate_messages_py
[35m[1mScanning dependencies of target map_msgs_generate_messages_py[0m
[35m[1mScanning dependencies of target sensor_msgs_generate_messages_py[0m
[35m[1mScanning dependencies of target tf2_msgs_generate_messages_eus[0m
[35m[1mScanning dependencies of target roscpp_generate_messages_lisp[0m
[  0%] Built target sensor_msgs_generate_messages_py
[  0%] Built target map_msgs_generate_messages_py
[  0%] Built target tf2_msgs_generate_messages_eus
[  0%] Built target roscpp_generate_messages_lisp
[35m[1mScanning dependencies of target actionlib_generate_messages_lisp[0m
[35m[1mScanning dependencies of target map_msgs_generate_messages_eus[0m
[35m[1mScanning dependencies of target _catkin_empty_exported_target[0m
[35m[1mScanning dependencies of target std_msgs_generate_messages_lisp[0m
[  0%] Built target map_msgs_generate_messages_eus
[  0%] Built target actionlib_generate_messages_lisp
[  0%] Built target _catkin_empty_exported_target
[  0%] Built target std_msgs_generate_messages_lisp
[35m[1mScanning dependencies of target rviz_generate_messages_nodejs[0m
[35m[1mScanning dependencies of target rosgraph_msgs_generate_messages_py[0m
[35m[1mScanning dependencies of target roscpp_generate_messages_nodejs[0m
[  0%] Built target rviz_generate_messages_nodejs
[35m[1mScanning dependencies of target std_srvs_generate_messages_cpp[0m
[  0%] Built target rosgraph_msgs_generate_messages_py
[  0%] Built target roscpp_generate_messages_nodejs
[35m[1mScanning dependencies of target geometry_msgs_generate_messages_lisp[0m
[  0%] Built target std_srvs_generate_messages_cpp
[35m[1mScanning dependencies of target tf_generate_messages_cpp[0m
[  0%] Built target tf_generate_messages_cpp
[  0%] Built target geometry_msgs_generate_messages_lisp
[35m[1mScanning dependencies of target rviz_generate_messages_cpp[0m
[35m[1mScanning dependencies of target geometry_msgs_generate_messages_py[0m
[35m[1mScanning dependencies of target visualization_msgs_generate_messages_lisp[0m
[  0%] Built target rviz_generate_messages_cpp
[  0%] Built target geometry_msgs_generate_messages_py
[35m[1mScanning dependencies of target geometry_msgs_generate_messages_nodejs[0m
[  0%] Built target visualization_msgs_generate_messages_lisp
[35m[1mScanning dependencies of target geometry_msgs_generate_messages_cpp[0m
[35m[1mScanning dependencies of target tf2_msgs_generate_messages_py[0m
[  0%] Built target geometry_msgs_generate_messages_cpp
[  0%] Built target geometry_msgs_generate_messages_nodejs
[  0%] Built target tf2_msgs_generate_messages_py
[35m[1mScanning dependencies of target nav_msgs_generate_messages_cpp[0m
[35m[1mScanning dependencies of target nav_msgs_generate_messages_nodejs[0m
[35m[1mScanning dependencies of target sensor_msgs_generate_messages_cpp[0m
[35m[1mScanning dependencies of target visualization_msgs_generate_messages_eus[0m
[  0%] Built target nav_msgs_generate_messages_cpp
[  0%] Built target sensor_msgs_generate_messages_cpp
[  0%] Built target nav_msgs_generate_messages_nodejs
[  0%] Built target visualization_msgs_generate_messages_eus
[35m[1mScanning dependencies of target spencer_social_relation_msgs_generate_messages_cpp[0m
[35m[1mScanning dependencies of target sensor_msgs_generate_messages_nodejs[0m
[35m[1mScanning dependencies of target rosgraph_msgs_generate_messages_cpp[0m
[  0%] Built target spencer_social_relation_msgs_generate_messages_cpp
[  0%] Built target sensor_msgs_generate_messages_nodejs
[  0%] Built target rosgraph_msgs_generate_messages_cpp
[35m[1mScanning dependencies of target actionlib_generate_messages_eus[0m
[35m[1mScanning dependencies of target sensor_msgs_generate_messages_eus[0m
[35m[1mScanning dependencies of target actionlib_msgs_generate_messages_cpp[0m
[  0%] Built target actionlib_generate_messages_eus
[35m[1mScanning dependencies of target sensor_msgs_generate_messages_lisp[0m
[  0%] Built target sensor_msgs_generate_messages_eus
[  0%] Built target actionlib_msgs_generate_messages_cpp
[35m[1mScanning dependencies of target actionlib_generate_messages_nodejs[0m
[  0%] Built target sensor_msgs_generate_messages_lisp
[35m[1mScanning dependencies of target actionlib_generate_messages_py[0m
[35m[1mScanning dependencies of target visualization_msgs_generate_messages_cpp[0m
[  0%] Built target actionlib_generate_messages_nodejs
[35m[1mScanning dependencies of target tf_generate_messages_py[0m
[  0%] Built target actionlib_generate_messages_py
[  0%] Built target visualization_msgs_generate_messages_cpp
[  0%] Built target tf_generate_messages_py
[35m[1mScanning dependencies of target actionlib_msgs_generate_messages_nodejs[0m
[35m[1mScanning dependencies of target std_msgs_generate_messages_eus[0m
[35m[1mScanning dependencies of target tf2_msgs_generate_messages_lisp[0m
[  0%] Built target actionlib_msgs_generate_messages_nodejs
[35m[1mScanning dependencies of target actionlib_msgs_generate_messages_lisp[0m
[  0%] Built target std_msgs_generate_messages_eus
[35m[1mScanning dependencies of target tf2_msgs_generate_messages_nodejs[0m
[  0%] Built target actionlib_msgs_generate_messages_lisp
[  0%] Built target tf2_msgs_generate_messages_lisp
[35m[1mScanning dependencies of target visualization_msgs_generate_messages_nodejs[0m
[35m[1mScanning dependencies of target nav_msgs_generate_messages_py[0m
[  0%] Built target tf2_msgs_generate_messages_nodejs
[35m[1mScanning dependencies of target visualization_msgs_generate_messages_py[0m
[  0%] Built target visualization_msgs_generate_messages_nodejs
[35m[1mScanning dependencies of target rviz_generate_messages_eus[0m
[  0%] Built target nav_msgs_generate_messages_py
[  0%] Built target visualization_msgs_generate_messages_py
[  0%] Built target rviz_generate_messages_eus
[  3%] [34m[1mGenerating src/moc_tracked_groups_display.cpp[0m
[  7%] [34m[1mGenerating src/moc_additional_topic_subscriber.cpp[0m
[ 11%] [34m[1mGenerating src/moc_detected_persons_display.cpp[0m
[ 15%] [34m[1mGenerating src/moc_tracked_persons_display.cpp[0m
[ 19%] [34m[1mGenerating src/moc_social_activities_display.cpp[0m
[ 23%] [34m[1mGenerating src/moc_social_relations_display.cpp[0m
[ 26%] [34m[1mGenerating src/moc_human_attributes_display.cpp[0m
[ 30%] [34m[1mGenerating src/moc_person_display_common.cpp[0m
[35m[1mScanning dependencies of target spencer_tracking_rviz_plugin[0m
[ 34%] [32mBuilding CXX object CMakeFiles/spencer_tracking_rviz_plugin.dir/src/detected_persons_display.cpp.o[0m
[ 38%] [32mBuilding CXX object CMakeFiles/spencer_tracking_rviz_plugin.dir/src/tracked_persons_display.cpp.o[0m
[ 42%] [32mBuilding CXX object CMakeFiles/spencer_tracking_rviz_plugin.dir/src/tracked_groups_display.cpp.o[0m
[ 46%] [32mBuilding CXX object CMakeFiles/spencer_tracking_rviz_plugin.dir/src/social_relations_display.cpp.o[0m
[ 50%] [32mBuilding CXX object CMakeFiles/spencer_tracking_rviz_plugin.dir/src/human_attributes_display.cpp.o[0m
[ 57%] [32mBuilding CXX object CMakeFiles/spencer_tracking_rviz_plugin.dir/src/visuals/person_visual.cpp.o[0m
[ 57%] [32mBuilding CXX object CMakeFiles/spencer_tracking_rviz_plugin.dir/src/person_display_common.cpp.o[0m
[ 61%] [32mBuilding CXX object CMakeFiles/spencer_tracking_rviz_plugin.dir/src/social_activities_display.cpp.o[0m
[ 65%] [32mBuilding CXX object CMakeFiles/spencer_tracking_rviz_plugin.dir/src/tracked_persons_cache.cpp.o[0m
[ 69%] [32mBuilding CXX object CMakeFiles/spencer_tracking_rviz_plugin.dir/src/moc_detected_persons_display.cpp.o[0m
[ 73%] [32mBuilding CXX object CMakeFiles/spencer_tracking_rviz_plugin.dir/src/moc_tracked_persons_display.cpp.o[0m
[ 76%] [32mBuilding CXX object CMakeFiles/spencer_tracking_rviz_plugin.dir/src/moc_tracked_groups_display.cpp.o[0m
[ 80%] [32mBuilding CXX object CMakeFiles/spencer_tracking_rviz_plugin.dir/src/moc_social_relations_display.cpp.o[0m
[ 84%] [32mBuilding CXX object CMakeFiles/spencer_tracking_rviz_plugin.dir/src/moc_social_activities_display.cpp.o[0m
[ 88%] [32mBuilding CXX object CMakeFiles/spencer_tracking_rviz_plugin.dir/src/moc_human_attributes_display.cpp.o[0m
In file included from [01m[K/home/luigi/amr/Walter_AMR/amr_ws/src/pedsim_ros/2ndparty/spencer_tracking_rviz_plugin/src/additional_topic_subscriber.h:52[m[K,
                 from [01m[K/home/luigi/amr/Walter_AMR/amr_ws/src/pedsim_ros/2ndparty/spencer_tracking_rviz_plugin/src/tracked_persons_cache.h:40[m[K,
                 from [01m[K/home/luigi/amr/Walter_AMR/amr_ws/src/pedsim_ros/2ndparty/spencer_tracking_rviz_plugin/src/tracked_persons_cache.cpp:31[m[K:
/opt/ros/noetic/include/rviz/properties/ros_topic_property.h: In instantiation of ‘[01m[Krviz::RosTopicProperty::RosTopicProperty(const QString&, const QString&, const QString&, const QString&, rviz::Property*, Func&&, const R*) [with Func = const char (&)[15]; R = rviz::_AdditionalTopicSubscriber][m[K’:
[01m[K/home/luigi/amr/Walter_AMR/amr_ws/src/pedsim_ros/2ndparty/spencer_tracking_rviz_plugin/src/additional_topic_subscriber.h:71:125:[m[K   required from here
[01m[K/opt/ros/noetic/include/rviz/properties/ros_topic_property.h:59:5:[m[K [01;31m[Kerror: [m[K‘[01m[KQObject[m[K’ is an inaccessible base of ‘[01m[Krviz::_AdditionalTopicSubscriber[m[K’
   59 |     [01;31m[Kconnect[m[K(receiver, std::forward<Func>(changed_slot));
      |     [01;31m[K^~~~~~~[m[K
In file included from [01m[K/opt/ros/noetic/include/rviz/message_filter_display.h:40[m[K,
                 from [01m[K/home/luigi/amr/Walter_AMR/amr_ws/src/pedsim_ros/2ndparty/spencer_tracking_rviz_plugin/src/person_display_common.h:40[m[K,
                 from [01m[K/home/luigi/amr/Walter_AMR/amr_ws/src/pedsim_ros/2ndparty/spencer_tracking_rviz_plugin/src/social_relations_display.h:36[m[K,
                 from [01m[K/home/luigi/amr/Walter_AMR/amr_ws/src/pedsim_ros/2ndparty/spencer_tracking_rviz_plugin/src/social_relations_display.cpp:36[m[K:
/opt/ros/noetic/include/rviz/properties/ros_topic_property.h: In instantiation of ‘[01m[Krviz::RosTopicProperty::RosTopicProperty(const QString&, const QString&, const QString&, const QString&, rviz::Property*, Func&&, const R*) [with Func = const char (&)[15]; R = rviz::_AdditionalTopicSubscriber][m[K’:
[01m[K/home/luigi/amr/Walter_AMR/amr_ws/src/pedsim_ros/2ndparty/spencer_tracking_rviz_plugin/src/additional_topic_subscriber.h:71:125:[m[K   required from here
[01m[K/opt/ros/noetic/include/rviz/properties/ros_topic_property.h:59:5:[m[K [01;31m[Kerror: [m[K‘[01m[KQObject[m[K’ is an inaccessible base of ‘[01m[Krviz::_AdditionalTopicSubscriber[m[K’
   59 |     [01;31m[Kconnect[m[K(receiver, std::forward<Func>(changed_slot));
      |     [01;31m[K^~~~~~~[m[K
In file included from [01m[K/opt/ros/noetic/include/rviz/message_filter_display.h:40[m[K,
                 from [01m[K/home/luigi/amr/Walter_AMR/amr_ws/build/spencer_tracking_rviz_plugin/src/../../../src/pedsim_ros/2ndparty/spencer_tracking_rviz_plugin/src/person_display_common.h:40[m[K,
                 from [01m[K/home/luigi/amr/Walter_AMR/amr_ws/build/spencer_tracking_rviz_plugin/src/../../../src/pedsim_ros/2ndparty/spencer_tracking_rviz_plugin/src/tracked_groups_display.h:40[m[K,
                 from [01m[K/home/luigi/amr/Walter_AMR/amr_ws/build/spencer_tracking_rviz_plugin/src/moc_tracked_groups_display.cpp:9[m[K:
/opt/ros/noetic/include/rviz/properties/ros_topic_property.h: In instantiation of ‘[01m[Krviz::RosTopicProperty::RosTopicProperty(const QString&, const QString&, const QString&, const QString&, rviz::Property*, Func&&, const R*) [with Func = const char (&)[15]; R = rviz::_AdditionalTopicSubscriber][m[K’:
[01m[K/home/luigi/amr/Walter_AMR/amr_ws/build/spencer_tracking_rviz_plugin/src/../../../src/pedsim_ros/2ndparty/spencer_tracking_rviz_plugin/src/additional_topic_subscriber.h:71:125:[m[K   required from here
[01m[K/opt/ros/noetic/include/rviz/properties/ros_topic_property.h:59:5:[m[K [01;31m[Kerror: [m[K‘[01m[KQObject[m[K’ is an inaccessible base of ‘[01m[Krviz::_AdditionalTopicSubscriber[m[K’
   59 |     [01;31m[Kconnect[m[K(receiver, std::forward<Func>(changed_slot));
      |     [01;31m[K^~~~~~~[m[K
In file included from [01m[K/opt/ros/noetic/include/rviz/message_filter_display.h:40[m[K,
                 from [01m[K/home/luigi/amr/Walter_AMR/amr_ws/src/pedsim_ros/2ndparty/spencer_tracking_rviz_plugin/src/person_display_common.h:40[m[K,
                 from [01m[K/home/luigi/amr/Walter_AMR/amr_ws/src/pedsim_ros/2ndparty/spencer_tracking_rviz_plugin/src/human_attributes_display.h:39[m[K,
                 from [01m[K/home/luigi/amr/Walter_AMR/amr_ws/src/pedsim_ros/2ndparty/spencer_tracking_rviz_plugin/src/human_attributes_display.cpp:35[m[K:
/opt/ros/noetic/include/rviz/properties/ros_topic_property.h: In instantiation of ‘[01m[Krviz::RosTopicProperty::RosTopicProperty(const QString&, const QString&, const QString&, const QString&, rviz::Property*, Func&&, const R*) [with Func = const char (&)[15]; R = rviz::_AdditionalTopicSubscriber][m[K’:
[01m[K/home/luigi/amr/Walter_AMR/amr_ws/src/pedsim_ros/2ndparty/spencer_tracking_rviz_plugin/src/additional_topic_subscriber.h:71:125:[m[K   required from here
[01m[K/opt/ros/noetic/include/rviz/properties/ros_topic_property.h:59:5:[m[K [01;31m[Kerror: [m[K‘[01m[KQObject[m[K’ is an inaccessible base of ‘[01m[Krviz::_AdditionalTopicSubscriber[m[K’
   59 |     [01;31m[Kconnect[m[K(receiver, std::forward<Func>(changed_slot));
      |     [01;31m[K^~~~~~~[m[K
In file included from [01m[K/opt/ros/noetic/include/rviz/message_filter_display.h:40[m[K,
                 from [01m[K/home/luigi/amr/Walter_AMR/amr_ws/src/pedsim_ros/2ndparty/spencer_tracking_rviz_plugin/src/person_display_common.h:40[m[K,
                 from [01m[K/home/luigi/amr/Walter_AMR/amr_ws/src/pedsim_ros/2ndparty/spencer_tracking_rviz_plugin/src/tracked_groups_display.h:40[m[K,
                 from [01m[K/home/luigi/amr/Walter_AMR/amr_ws/src/pedsim_ros/2ndparty/spencer_tracking_rviz_plugin/src/tracked_groups_display.cpp:35[m[K:
/opt/ros/noetic/include/rviz/properties/ros_topic_property.h: In instantiation of ‘[01m[Krviz::RosTopicProperty::RosTopicProperty(const QString&, const QString&, const QString&, const QString&, rviz::Property*, Func&&, const R*) [with Func = const char (&)[15]; R = rviz::_AdditionalTopicSubscriber][m[K’:
[01m[K/home/luigi/amr/Walter_AMR/amr_ws/src/pedsim_ros/2ndparty/spencer_tracking_rviz_plugin/src/additional_topic_subscriber.h:71:125:[m[K   required from here
[01m[K/opt/ros/noetic/include/rviz/properties/ros_topic_property.h:59:5:[m[K [01;31m[Kerror: [m[K‘[01m[KQObject[m[K’ is an inaccessible base of ‘[01m[Krviz::_AdditionalTopicSubscriber[m[K’
   59 |     [01;31m[Kconnect[m[K(receiver, std::forward<Func>(changed_slot));
      |     [01;31m[K^~~~~~~[m[K
In file included from [01m[K/opt/ros/noetic/include/rviz/message_filter_display.h:40[m[K,
                 from [01m[K/home/luigi/amr/Walter_AMR/amr_ws/src/pedsim_ros/2ndparty/spencer_tracking_rviz_plugin/src/person_display_common.h:40[m[K,
                 from [01m[K/home/luigi/amr/Walter_AMR/amr_ws/src/pedsim_ros/2ndparty/spencer_tracking_rviz_plugin/src/social_activities_display.h:39[m[K,
                 from [01m[K/home/luigi/amr/Walter_AMR/amr_ws/src/pedsim_ros/2ndparty/spencer_tracking_rviz_plugin/src/social_activities_display.cpp:36[m[K:
/opt/ros/noetic/include/rviz/properties/ros_topic_property.h: In instantiation of ‘[01m[Krviz::RosTopicProperty::RosTopicProperty(const QString&, const QString&, const QString&, const QString&, rviz::Property*, Func&&, const R*) [with Func = const char (&)[15]; R = rviz::_AdditionalTopicSubscriber][m[K’:
[01m[K/home/luigi/amr/Walter_AMR/amr_ws/src/pedsim_ros/2ndparty/spencer_tracking_rviz_plugin/src/additional_topic_subscriber.h:71:125:[m[K   required from here
[01m[K/opt/ros/noetic/include/rviz/properties/ros_topic_property.h:59:5:[m[K [01;31m[Kerror: [m[K‘[01m[KQObject[m[K’ is an inaccessible base of ‘[01m[Krviz::_AdditionalTopicSubscriber[m[K’
   59 |     [01;31m[Kconnect[m[K(receiver, std::forward<Func>(changed_slot));
      |     [01;31m[K^~~~~~~[m[K
[ 92%] [32mBuilding CXX object CMakeFiles/spencer_tracking_rviz_plugin.dir/src/moc_person_display_common.cpp.o[0m
make[2]: *** [CMakeFiles/spencer_tracking_rviz_plugin.dir/build.make:186: CMakeFiles/spencer_tracking_rviz_plugin.dir/src/tracked_persons_cache.cpp.o] Error 1
make[2]: *** Waiting for unfinished jobs....
make[2]: *** [CMakeFiles/spencer_tracking_rviz_plugin.dir/build.make:134: CMakeFiles/spencer_tracking_rviz_plugin.dir/src/social_relations_display.cpp.o] Error 1
make[2]: *** [CMakeFiles/spencer_tracking_rviz_plugin.dir/build.make:238: CMakeFiles/spencer_tracking_rviz_plugin.dir/src/moc_tracked_groups_display.cpp.o] Error 1
make[2]: *** [CMakeFiles/spencer_tracking_rviz_plugin.dir/build.make:160: CMakeFiles/spencer_tracking_rviz_plugin.dir/src/human_attributes_display.cpp.o] Error 1
make[2]: *** [CMakeFiles/spencer_tracking_rviz_plugin.dir/build.make:147: CMakeFiles/spencer_tracking_rviz_plugin.dir/src/social_activities_display.cpp.o] Error 1
make[2]: *** [CMakeFiles/spencer_tracking_rviz_plugin.dir/build.make:121: CMakeFiles/spencer_tracking_rviz_plugin.dir/src/tracked_groups_display.cpp.o] Error 1
In file included from [01m[K/opt/ros/noetic/include/rviz/message_filter_display.h:40[m[K,
                 from [01m[K/home/luigi/amr/Walter_AMR/amr_ws/build/spencer_tracking_rviz_plugin/src/../../../src/pedsim_ros/2ndparty/spencer_tracking_rviz_plugin/src/person_display_common.h:40[m[K,
                 from [01m[K/home/luigi/amr/Walter_AMR/amr_ws/build/spencer_tracking_rviz_plugin/src/../../../src/pedsim_ros/2ndparty/spencer_tracking_rviz_plugin/src/social_relations_display.h:36[m[K,
                 from [01m[K/home/luigi/amr/Walter_AMR/amr_ws/build/spencer_tracking_rviz_plugin/src/moc_social_relations_display.cpp:9[m[K:
/opt/ros/noetic/include/rviz/properties/ros_topic_property.h: In instantiation of ‘[01m[Krviz::RosTopicProperty::RosTopicProperty(const QString&, const QString&, const QString&, const QString&, rviz::Property*, Func&&, const R*) [with Func = const char (&)[15]; R = rviz::_AdditionalTopicSubscriber][m[K’:
[01m[K/home/luigi/amr/Walter_AMR/amr_ws/build/spencer_tracking_rviz_plugin/src/../../../src/pedsim_ros/2ndparty/spencer_tracking_rviz_plugin/src/additional_topic_subscriber.h:71:125:[m[K   required from here
[01m[K/opt/ros/noetic/include/rviz/properties/ros_topic_property.h:59:5:[m[K [01;31m[Kerror: [m[K‘[01m[KQObject[m[K’ is an inaccessible base of ‘[01m[Krviz::_AdditionalTopicSubscriber[m[K’
   59 |     [01;31m[Kconnect[m[K(receiver, std::forward<Func>(changed_slot));
      |     [01;31m[K^~~~~~~[m[K
In file included from [01m[K/opt/ros/noetic/include/rviz/message_filter_display.h:40[m[K,
                 from [01m[K/home/luigi/amr/Walter_AMR/amr_ws/build/spencer_tracking_rviz_plugin/src/../../../src/pedsim_ros/2ndparty/spencer_tracking_rviz_plugin/src/person_display_common.h:40[m[K,
                 from [01m[K/home/luigi/amr/Walter_AMR/amr_ws/build/spencer_tracking_rviz_plugin/src/../../../src/pedsim_ros/2ndparty/spencer_tracking_rviz_plugin/src/social_activities_display.h:39[m[K,
                 from [01m[K/home/luigi/amr/Walter_AMR/amr_ws/build/spencer_tracking_rviz_plugin/src/moc_social_activities_display.cpp:9[m[K:
/opt/ros/noetic/include/rviz/properties/ros_topic_property.h: In instantiation of ‘[01m[Krviz::RosTopicProperty::RosTopicProperty(const QString&, const QString&, const QString&, const QString&, rviz::Property*, Func&&, const R*) [with Func = const char (&)[15]; R = rviz::_AdditionalTopicSubscriber][m[K’:
[01m[K/home/luigi/amr/Walter_AMR/amr_ws/build/spencer_tracking_rviz_plugin/src/../../../src/pedsim_ros/2ndparty/spencer_tracking_rviz_plugin/src/additional_topic_subscriber.h:71:125:[m[K   required from here
[01m[K/opt/ros/noetic/include/rviz/properties/ros_topic_property.h:59:5:[m[K [01;31m[Kerror: [m[K‘[01m[KQObject[m[K’ is an inaccessible base of ‘[01m[Krviz::_AdditionalTopicSubscriber[m[K’
   59 |     [01;31m[Kconnect[m[K(receiver, std::forward<Func>(changed_slot));
      |     [01;31m[K^~~~~~~[m[K
In file included from [01m[K/opt/ros/noetic/include/rviz/message_filter_display.h:40[m[K,
                 from [01m[K/home/luigi/amr/Walter_AMR/amr_ws/build/spencer_tracking_rviz_plugin/src/../../../src/pedsim_ros/2ndparty/spencer_tracking_rviz_plugin/src/person_display_common.h:40[m[K,
                 from [01m[K/home/luigi/amr/Walter_AMR/amr_ws/build/spencer_tracking_rviz_plugin/src/../../../src/pedsim_ros/2ndparty/spencer_tracking_rviz_plugin/src/human_attributes_display.h:39[m[K,
                 from [01m[K/home/luigi/amr/Walter_AMR/amr_ws/build/spencer_tracking_rviz_plugin/src/moc_human_attributes_display.cpp:9[m[K:
/opt/ros/noetic/include/rviz/properties/ros_topic_property.h: In instantiation of ‘[01m[Krviz::RosTopicProperty::RosTopicProperty(const QString&, const QString&, const QString&, const QString&, rviz::Property*, Func&&, const R*) [with Func = const char (&)[15]; R = rviz::_AdditionalTopicSubscriber][m[K’:
[01m[K/home/luigi/amr/Walter_AMR/amr_ws/build/spencer_tracking_rviz_plugin/src/../../../src/pedsim_ros/2ndparty/spencer_tracking_rviz_plugin/src/additional_topic_subscriber.h:71:125:[m[K   required from here
[01m[K/opt/ros/noetic/include/rviz/properties/ros_topic_property.h:59:5:[m[K [01;31m[Kerror: [m[K‘[01m[KQObject[m[K’ is an inaccessible base of ‘[01m[Krviz::_AdditionalTopicSubscriber[m[K’
   59 |     [01;31m[Kconnect[m[K(receiver, std::forward<Func>(changed_slot));
      |     [01;31m[K^~~~~~~[m[K
make[2]: *** [CMakeFiles/spencer_tracking_rviz_plugin.dir/build.make:264: CMakeFiles/spencer_tracking_rviz_plugin.dir/src/moc_social_activities_display.cpp.o] Error 1
make[2]: *** [CMakeFiles/spencer_tracking_rviz_plugin.dir/build.make:251: CMakeFiles/spencer_tracking_rviz_plugin.dir/src/moc_social_relations_display.cpp.o] Error 1
make[2]: *** [CMakeFiles/spencer_tracking_rviz_plugin.dir/build.make:277: CMakeFiles/spencer_tracking_rviz_plugin.dir/src/moc_human_attributes_display.cpp.o] Error 1
make[1]: *** [CMakeFiles/Makefile2:311: CMakeFiles/spencer_tracking_rviz_plugin.dir/all] Error 2
make: *** [Makefile:141: all] Error 2
