[35m[1mScanning dependencies of target tf_generate_messages_nodejs[0m
[35m[1mScanning dependencies of target pedsim_simulator_gencfg[0m
[35m[1mScanning dependencies of target dynamic_reconfigure_gencfg[0m
[35m[1mScanning dependencies of target dynamic_reconfigure_generate_messages_nodejs[0m
[35m[1mScanning dependencies of target dynamic_reconfigure_generate_messages_cpp[0m
[35m[1mScanning dependencies of target tf2_msgs_generate_messages_py[0m
[35m[1mScanning dependencies of target tf2_msgs_generate_messages_nodejs[0m
[35m[1mScanning dependencies of target actionlib_generate_messages_nodejs[0m
[35m[1mScanning dependencies of target std_msgs_generate_messages_py[0m
[35m[1mScanning dependencies of target actionlib_generate_messages_py[0m
[35m[1mScanning dependencies of target pedsim_msgs_generate_messages_nodejs[0m
[35m[1mScanning dependencies of target actionlib_generate_messages_cpp[0m
[35m[1mScanning dependencies of target tf2_msgs_generate_messages_lisp[0m
[35m[1mScanning dependencies of target geometry_msgs_generate_messages_eus[0m
[35m[1mScanning dependencies of target pedsim_msgs_generate_messages_eus[0m
[35m[1mScanning dependencies of target pedsim_msgs_generate_messages_cpp[0m
[35m[1mScanning dependencies of target std_msgs_generate_messages_cpp[0m
[  0%] Built target tf_generate_messages_nodejs
[  1%] [34m[1mGenerating dynamic reconfigure files from config/PedsimSimulator.cfg: /home/luigi/amr/Walter_AMR/amr_ws/devel/.private/pedsim_simulator/include/pedsim_simulator/PedsimSimulatorConfig.h /home/luigi/amr/Walter_AMR/amr_ws/devel/.private/pedsim_simulator/lib/python3/dist-packages/pedsim_simulator/cfg/PedsimSimulatorConfig.py[0m
[35m[1mScanning dependencies of target std_msgs_generate_messages_nodejs[0m
[35m[1mScanning dependencies of target nav_msgs_generate_messages_lisp[0m
[  1%] Built target dynamic_reconfigure_generate_messages_nodejs
[  1%] Built target dynamic_reconfigure_generate_messages_cpp
[  1%] Built target dynamic_reconfigure_gencfg
[  1%] Built target tf2_msgs_generate_messages_lisp
[  1%] Built target std_msgs_generate_messages_py
[  1%] Built target tf2_msgs_generate_messages_py
[  1%] Built target actionlib_generate_messages_cpp
[  1%] Built target actionlib_generate_messages_nodejs
[  1%] Built target actionlib_generate_messages_py
[  1%] Built target pedsim_msgs_generate_messages_nodejs
[  1%] Built target pedsim_msgs_generate_messages_eus
[  1%] Built target std_msgs_generate_messages_cpp
[  1%] Built target tf2_msgs_generate_messages_nodejs
[35m[1mScanning dependencies of target pedsim_msgs_generate_messages_lisp[0m
[  1%] Built target pedsim_msgs_generate_messages_cpp
[  1%] Built target geometry_msgs_generate_messages_eus
[  1%] Built target nav_msgs_generate_messages_lisp
[35m[1mScanning dependencies of target actionlib_msgs_generate_messages_py[0m
[35m[1mScanning dependencies of target roscpp_generate_messages_lisp[0m
[35m[1mScanning dependencies of target std_msgs_generate_messages_lisp[0m
[35m[1mScanning dependencies of target pedsim_srvs_generate_messages_nodejs[0m
[35m[1mScanning dependencies of target rosgraph_msgs_generate_messages_nodejs[0m
[35m[1mScanning dependencies of target actionlib_generate_messages_lisp[0m
[35m[1mScanning dependencies of target std_srvs_generate_messages_nodejs[0m
[35m[1mScanning dependencies of target std_srvs_generate_messages_cpp[0m
[35m[1mScanning dependencies of target tf_generate_messages_eus[0m
[35m[1mScanning dependencies of target rosgraph_msgs_generate_messages_lisp[0m
[  1%] Built target actionlib_msgs_generate_messages_py
[  1%] Built target pedsim_msgs_generate_messages_lisp
[  1%] Built target std_msgs_generate_messages_lisp
[  1%] Built target rosgraph_msgs_generate_messages_nodejs
[  1%] Built target pedsim_srvs_generate_messages_nodejs
[  1%] Built target actionlib_generate_messages_lisp
[  1%] Built target std_msgs_generate_messages_nodejs
[  1%] Built target std_srvs_generate_messages_nodejs
[35m[1mScanning dependencies of target rosgraph_msgs_generate_messages_py[0m
[  1%] Built target std_srvs_generate_messages_cpp
[35m[1mScanning dependencies of target actionlib_msgs_generate_messages_eus[0m
[35m[1mScanning dependencies of target dynamic_reconfigure_generate_messages_py[0m
[  1%] Built target roscpp_generate_messages_lisp
[  1%] Built target tf_generate_messages_eus
[35m[1mScanning dependencies of target geometry_msgs_generate_messages_cpp[0m
[35m[1mScanning dependencies of target sensor_msgs_generate_messages_lisp[0m
[35m[1mScanning dependencies of target dynamic_reconfigure_generate_messages_eus[0m
[35m[1mScanning dependencies of target roscpp_generate_messages_eus[0m
[35m[1mScanning dependencies of target sensor_msgs_generate_messages_eus[0m
[  1%] Built target rosgraph_msgs_generate_messages_lisp
[35m[1mScanning dependencies of target geometry_msgs_generate_messages_nodejs[0m
[35m[1mScanning dependencies of target roscpp_generate_messages_cpp[0m
[35m[1mScanning dependencies of target roscpp_generate_messages_py[0m
[  1%] Built target dynamic_reconfigure_generate_messages_py
[35m[1mScanning dependencies of target pedsim_srvs_generate_messages_lisp[0m
[  1%] Built target geometry_msgs_generate_messages_cpp
[  1%] Built target rosgraph_msgs_generate_messages_py
[  1%] Built target sensor_msgs_generate_messages_lisp
[  1%] Built target dynamic_reconfigure_generate_messages_eus
[  1%] Built target actionlib_msgs_generate_messages_eus
[  1%] Built target sensor_msgs_generate_messages_eus
[35m[1mScanning dependencies of target roscpp_generate_messages_nodejs[0m
[35m[1mScanning dependencies of target rosgraph_msgs_generate_messages_cpp[0m
[35m[1mScanning dependencies of target actionlib_generate_messages_eus[0m
[35m[1mScanning dependencies of target geometry_msgs_generate_messages_lisp[0m
[35m[1mScanning dependencies of target tf_generate_messages_cpp[0m
[  1%] Built target roscpp_generate_messages_eus
[35m[1mScanning dependencies of target std_srvs_generate_messages_py[0m
[  1%] Built target geometry_msgs_generate_messages_nodejs
[  1%] Built target roscpp_generate_messages_cpp
[  1%] Built target roscpp_generate_messages_py
[35m[1mScanning dependencies of target nav_msgs_generate_messages_cpp[0m
[35m[1mScanning dependencies of target tf2_msgs_generate_messages_eus[0m
[  1%] Built target pedsim_srvs_generate_messages_lisp
[35m[1mScanning dependencies of target sensor_msgs_generate_messages_py[0m
[35m[1mScanning dependencies of target rosgraph_msgs_generate_messages_eus[0m
[  1%] Built target roscpp_generate_messages_nodejs
[35m[1mScanning dependencies of target geometry_msgs_generate_messages_py[0m
[  1%] Built target rosgraph_msgs_generate_messages_cpp
[35m[1mScanning dependencies of target nav_msgs_generate_messages_nodejs[0m
[  1%] Built target geometry_msgs_generate_messages_lisp
[  1%] Built target tf_generate_messages_cpp
[  1%] Built target std_srvs_generate_messages_py
[35m[1mScanning dependencies of target sensor_msgs_generate_messages_cpp[0m
[  1%] Built target actionlib_generate_messages_eus
[35m[1mScanning dependencies of target nav_msgs_generate_messages_eus[0m
[35m[1mScanning dependencies of target sensor_msgs_generate_messages_nodejs[0m
[35m[1mScanning dependencies of target actionlib_msgs_generate_messages_cpp[0m
[  1%] Built target tf2_msgs_generate_messages_eus
[  1%] Built target nav_msgs_generate_messages_cpp
[35m[1mScanning dependencies of target pedsim_msgs_generate_messages_py[0m
[35m[1mScanning dependencies of target tf_generate_messages_py[0m
[  1%] Built target rosgraph_msgs_generate_messages_eus
[  1%] Built target sensor_msgs_generate_messages_py
[  1%] Built target geometry_msgs_generate_messages_py
[  1%] Built target nav_msgs_generate_messages_nodejs
[35m[1mScanning dependencies of target std_msgs_generate_messages_eus[0m
[35m[1mScanning dependencies of target actionlib_msgs_generate_messages_lisp[0m
[35m[1mScanning dependencies of target actionlib_msgs_generate_messages_nodejs[0m
[35m[1mScanning dependencies of target tf2_msgs_generate_messages_cpp[0m
[35m[1mScanning dependencies of target dynamic_reconfigure_generate_messages_lisp[0m
[  1%] Built target sensor_msgs_generate_messages_nodejs
[  1%] Built target nav_msgs_generate_messages_eus
[35m[1mScanning dependencies of target pedsim_srvs_generate_messages_py[0m
[  1%] Built target actionlib_msgs_generate_messages_cpp
[  1%] Built target sensor_msgs_generate_messages_cpp
[35m[1mScanning dependencies of target pedsim_srvs_generate_messages_eus[0m
[  1%] Built target pedsim_msgs_generate_messages_py
[35m[1mScanning dependencies of target std_srvs_generate_messages_lisp[0m
[35m[1mScanning dependencies of target std_srvs_generate_messages_eus[0m
[  1%] Built target tf_generate_messages_py
[35m[1mScanning dependencies of target nav_msgs_generate_messages_py[0m
[  1%] Built target dynamic_reconfigure_generate_messages_lisp
[  1%] Built target std_msgs_generate_messages_eus
[35m[1mScanning dependencies of target tf_generate_messages_lisp[0m
[35m[1mScanning dependencies of target pedsim_srvs_generate_messages_cpp[0m
[  1%] Built target actionlib_msgs_generate_messages_nodejs
[  1%] Built target pedsim_srvs_generate_messages_py
[  1%] Built target tf2_msgs_generate_messages_cpp
[  1%] Built target actionlib_msgs_generate_messages_lisp
[  1%] Built target pedsim_srvs_generate_messages_eus
[  1%] Built target std_srvs_generate_messages_eus
[  1%] Built target nav_msgs_generate_messages_py
[  1%] Built target std_srvs_generate_messages_lisp
[  1%] Built target tf_generate_messages_lisp
Generating reconfiguration files for PedsimSimulator in pedsim_simulator
[  1%] Built target pedsim_srvs_generate_messages_cpp
Wrote header file in /home/luigi/amr/Walter_AMR/amr_ws/devel/.private/pedsim_simulator/include/pedsim_simulator/PedsimSimulatorConfig.h
[35m[1mScanning dependencies of target simulate_diff_drive_robot_autogen[0m
[  2%] [34m[1mAutomatic MOC and UIC for target simulate_diff_drive_robot[0m
[  2%] Built target pedsim_simulator_gencfg
[35m[1mScanning dependencies of target pedsim_simulator_autogen[0m
[  3%] [34m[1mAutomatic MOC and UIC for target pedsim_simulator[0m
[  3%] Built target simulate_diff_drive_robot_autogen
[35m[1mScanning dependencies of target simulate_diff_drive_robot[0m
[  3%] Built target pedsim_simulator_autogen
[  4%] [32mBuilding CXX object CMakeFiles/simulate_diff_drive_robot.dir/simulate_diff_drive_robot_autogen/mocs_compilation.cpp.o[0m
[  5%] [32mBuilding CXX object CMakeFiles/simulate_diff_drive_robot.dir/src/simulate_diff_drive_robot.cpp.o[0m
[  7%] [34m[1mGenerating include/pedsim_simulator/waypointplanner/moc_queueingplanner.cpp[0m
[  8%] [34m[1mGenerating include/pedsim_simulator/element/moc_agent.cpp[0m
[ 10%] [34m[1mGenerating include/pedsim_simulator/moc_scene.cpp[0m
[ 11%] [34m[1mGenerating include/pedsim_simulator/element/moc_scenarioelement.cpp[0m
[ 11%] [34m[1mGenerating include/pedsim_simulator/moc_config.cpp[0m
[ 13%] [34m[1mGenerating include/pedsim_simulator/moc_agentstatemachine.cpp[0m
[ 14%] [34m[1mGenerating include/pedsim_simulator/element/moc_waypoint.cpp[0m
[ 15%] [34m[1mGenerating include/pedsim_simulator/force/moc_randomforce.cpp[0m
[ 17%] [34m[1mGenerating include/pedsim_simulator/element/moc_obstacle.cpp[0m
[ 17%] [34m[1mGenerating include/pedsim_simulator/element/moc_agentcluster.cpp[0m
[ 19%] [34m[1mGenerating include/pedsim_simulator/element/moc_attractionarea.cpp[0m
[ 20%] [34m[1mGenerating include/pedsim_simulator/element/moc_queueingwaypoint.cpp[0m
[ 21%] [34m[1mGenerating include/pedsim_simulator/element/moc_agentgroup.cpp[0m
[ 22%] [34m[1mGenerating include/pedsim_simulator/element/moc_waitingqueue.cpp[0m
[ 23%] [34m[1mGenerating include/pedsim_simulator/force/moc_groupgazeforce.cpp[0m
[ 25%] [34m[1mGenerating include/pedsim_simulator/force/moc_groupcoherenceforce.cpp[0m
[ 26%] [34m[1mGenerating include/pedsim_simulator/force/moc_force.cpp[0m
[ 27%] [34m[1mGenerating include/pedsim_simulator/element/moc_areawaypoint.cpp[0m
[ 28%] [34m[1mGenerating include/pedsim_simulator/force/moc_grouprepulsionforce.cpp[0m
[ 29%] [34m[1mGenerating include/pedsim_simulator/waypointplanner/moc_waypointplanner.cpp[0m
[ 30%] [34m[1mGenerating include/pedsim_simulator/force/moc_alongwallforce.cpp[0m
[ 32%] [34m[1mGenerating include/pedsim_simulator/waypointplanner/moc_shoppingplanner.cpp[0m
[ 33%] [34m[1mGenerating include/pedsim_simulator/waypointplanner/moc_individualwaypointplanner.cpp[0m
[ 34%] [34m[1mGenerating include/pedsim_simulator/waypointplanner/moc_groupwaypointplanner.cpp[0m
[35m[1mScanning dependencies of target pedsim_simulator[0m
[ 35%] [32mBuilding CXX object CMakeFiles/pedsim_simulator.dir/pedsim_simulator_autogen/mocs_compilation.cpp.o[0m
[ 36%] [32mBuilding CXX object CMakeFiles/pedsim_simulator.dir/src/simulator_node.cpp.o[0m
[ 38%] [32mBuilding CXX object CMakeFiles/pedsim_simulator.dir/src/config.cpp.o[0m
[ 39%] [32mBuilding CXX object CMakeFiles/pedsim_simulator.dir/src/scene.cpp.o[0m
[ 40%] [32mBuilding CXX object CMakeFiles/pedsim_simulator.dir/src/simulator.cpp.o[0m
[ 41%] [32mBuilding CXX object CMakeFiles/pedsim_simulator.dir/src/agentstatemachine.cpp.o[0m
[ 42%] [32mBuilding CXX object CMakeFiles/pedsim_simulator.dir/src/scenarioreader.cpp.o[0m
[ 45%] [32mBuilding CXX object CMakeFiles/pedsim_simulator.dir/src/element/attractionarea.cpp.o[0m
[ 45%] [32mBuilding CXX object CMakeFiles/pedsim_simulator.dir/src/element/agent.cpp.o[0m
[ 46%] [32mBuilding CXX object CMakeFiles/pedsim_simulator.dir/src/element/queueingwaypoint.cpp.o[0m
[ 47%] [32mBuilding CXX object CMakeFiles/pedsim_simulator.dir/src/element/agentcluster.cpp.o[0m
[ 50%] [32mBuilding CXX object CMakeFiles/pedsim_simulator.dir/src/rng.cpp.o[0m
[ 50%] [32mBuilding CXX object CMakeFiles/pedsim_simulator.dir/src/element/areawaypoint.cpp.o[0m
[ 51%] [32mBuilding CXX object CMakeFiles/pedsim_simulator.dir/src/element/agentgroup.cpp.o[0m
[ 52%] [32mBuilding CXX object CMakeFiles/pedsim_simulator.dir/src/element/waypoint.cpp.o[0m
[ 53%] [32mBuilding CXX object CMakeFiles/pedsim_simulator.dir/src/element/waitingqueue.cpp.o[0m
[ 54%] [32mBuilding CXX object CMakeFiles/pedsim_simulator.dir/src/element/obstacle.cpp.o[0m
[ 55%] [32mBuilding CXX object CMakeFiles/pedsim_simulator.dir/src/element/scenarioelement.cpp.o[0m
[ 57%] [32mBuilding CXX object CMakeFiles/pedsim_simulator.dir/src/force/alongwallforce.cpp.o[0m
[ 58%] [32mBuilding CXX object CMakeFiles/pedsim_simulator.dir/src/force/force.cpp.o[0m
[01m[K/home/luigi/amr/Walter_AMR/amr_ws/src/pedsim_ros/pedsim_simulator/src/element/queueingwaypoint.cpp:[m[K In member function ‘[01m[Kvirtual Ped::Tvector QueueingWaypoint::closestPoint(const Ped::Tvector&, bool*) const[m[K’:
[01m[K/home/luigi/amr/Walter_AMR/amr_ws/src/pedsim_ros/pedsim_simulator/src/element/queueingwaypoint.cpp:82:65:[m[K [01;35m[Kwarning: [m[Kunused parameter ‘[01m[KposIn[m[K’ [[01;35m[K-Wunused-parameter[m[K]
   82 | Ped::Tvector QueueingWaypoint::closestPoint([01;35m[Kconst Ped::Tvector& posIn[m[K,
      |                                             [01;35m[K~~~~~~~~~~~~~~~~~~~~^~~~~[m[K
[01m[K/home/luigi/amr/Walter_AMR/amr_ws/src/pedsim_ros/pedsim_simulator/src/element/queueingwaypoint.cpp:83:51:[m[K [01;35m[Kwarning: [m[Kunused parameter ‘[01m[KwithinWaypoint[m[K’ [[01;35m[K-Wunused-parameter[m[K]
   83 |                                             [01;35m[Kbool* withinWaypoint[m[K) const {
      |                                             [01;35m[K~~~~~~^~~~~~~~~~~~~~[m[K
[ 59%] [32mBuilding CXX object CMakeFiles/pedsim_simulator.dir/src/force/groupcoherenceforce.cpp.o[0m
[ 60%] [32mBuilding CXX object CMakeFiles/pedsim_simulator.dir/src/force/groupgazeforce.cpp.o[0m
[01m[K/home/luigi/amr/Walter_AMR/amr_ws/src/pedsim_ros/pedsim_simulator/src/config.cpp:[m[K In constructor ‘[01m[KConfig::Config(QObject*)[m[K’:
[01m[K/home/luigi/amr/Walter_AMR/amr_ws/src/pedsim_ros/pedsim_simulator/src/config.cpp:37:25:[m[K [01;35m[Kwarning: [m[Kunused parameter ‘[01m[Kparent[m[K’ [[01;35m[K-Wunused-parameter[m[K]
   37 | Config::Config([01;35m[KQObject *parent[m[K)
      |                [01;35m[K~~~~~~~~~^~~~~~[m[K
[ 61%] [32mBuilding CXX object CMakeFiles/pedsim_simulator.dir/src/force/grouprepulsionforce.cpp.o[0m
[ 63%] [32mBuilding CXX object CMakeFiles/pedsim_simulator.dir/src/force/randomforce.cpp.o[0m
[ 64%] [32mBuilding CXX object CMakeFiles/pedsim_simulator.dir/src/waypointplanner/waypointplanner.cpp.o[0m
[ 65%] [32mBuilding CXX object CMakeFiles/pedsim_simulator.dir/src/waypointplanner/individualwaypointplanner.cpp.o[0m
[ 66%] [32mBuilding CXX object CMakeFiles/pedsim_simulator.dir/src/waypointplanner/queueingplanner.cpp.o[0m
[ 67%] [32mBuilding CXX object CMakeFiles/pedsim_simulator.dir/src/waypointplanner/shoppingplanner.cpp.o[0m
[ 69%] [32mBuilding CXX object CMakeFiles/pedsim_simulator.dir/src/waypointplanner/groupwaypointplanner.cpp.o[0m
[01m[K/home/luigi/amr/Walter_AMR/amr_ws/src/pedsim_ros/pedsim_simulator/src/element/waitingqueue.cpp:[m[K In member function ‘[01m[Kvirtual Ped::Tvector WaitingQueue::closestPoint(const Ped::Tvector&, bool*) const[m[K’:
[01m[K/home/luigi/amr/Walter_AMR/amr_ws/src/pedsim_ros/pedsim_simulator/src/element/waitingqueue.cpp:234:61:[m[K [01;35m[Kwarning: [m[Kunused parameter ‘[01m[Kp[m[K’ [[01;35m[K-Wunused-parameter[m[K]
  234 | Ped::Tvector WaitingQueue::closestPoint([01;35m[Kconst Ped::Tvector& p[m[K,
      |                                         [01;35m[K~~~~~~~~~~~~~~~~~~~~^[m[K
[01m[K/home/luigi/amr/Walter_AMR/amr_ws/src/pedsim_ros/pedsim_simulator/src/element/waitingqueue.cpp:235:47:[m[K [01;35m[Kwarning: [m[Kunused parameter ‘[01m[KwithinWaypoint[m[K’ [[01;35m[K-Wunused-parameter[m[K]
  235 |                                         [01;35m[Kbool* withinWaypoint[m[K) const {
      |                                         [01;35m[K~~~~~~^~~~~~~~~~~~~~[m[K
[01m[K/home/luigi/amr/Walter_AMR/amr_ws/src/pedsim_ros/pedsim_simulator/src/agentstatemachine.cpp:[m[K In member function ‘[01m[Kvoid AgentStateMachine::deactivateState(AgentStateMachine::AgentState)[m[K’:
[01m[K/home/luigi/amr/Walter_AMR/amr_ws/src/pedsim_ros/pedsim_simulator/src/agentstatemachine.cpp:279:10:[m[K [01;35m[Kwarning: [m[Kenumeration value ‘[01m[KStateFrozen[m[K’ not handled in switch [[01;35m[K-Wswitch[m[K]
  279 |   switch [01;35m[K([m[Kstate)
      |          [01;35m[K^[m[K
[01m[K/home/luigi/amr/Walter_AMR/amr_ws/src/pedsim_ros/pedsim_simulator/src/scene.cpp:[m[K In constructor ‘[01m[KScene::Scene(QObject*)[m[K’:
[01m[K/home/luigi/amr/Walter_AMR/amr_ws/src/pedsim_ros/pedsim_simulator/src/scene.cpp:54:23:[m[K [01;35m[Kwarning: [m[Kunused parameter ‘[01m[Kparent[m[K’ [[01;35m[K-Wunused-parameter[m[K]
   54 | Scene::Scene([01;35m[KQObject *parent[m[K)
      |              [01;35m[K~~~~~~~~~^~~~~~[m[K
[01m[K/home/luigi/amr/Walter_AMR/amr_ws/src/pedsim_ros/pedsim_simulator/src/element/agentgroup.cpp:[m[K In member function ‘[01m[Kvoid AgentGroup::onPositionChanged(double, double)[m[K’:
[01m[K/home/luigi/amr/Walter_AMR/amr_ws/src/pedsim_ros/pedsim_simulator/src/element/agentgroup.cpp:100:43:[m[K [01;35m[Kwarning: [m[Kunused parameter ‘[01m[Kx[m[K’ [[01;35m[K-Wunused-parameter[m[K]
  100 | void AgentGroup::onPositionChanged([01;35m[Kdouble x[m[K, double y) {
      |                                    [01;35m[K~~~~~~~^[m[K
[01m[K/home/luigi/amr/Walter_AMR/amr_ws/src/pedsim_ros/pedsim_simulator/src/element/agentgroup.cpp:100:53:[m[K [01;35m[Kwarning: [m[Kunused parameter ‘[01m[Ky[m[K’ [[01;35m[K-Wunused-parameter[m[K]
  100 | void AgentGroup::onPositionChanged(double x, [01;35m[Kdouble y[m[K) {
      |                                              [01;35m[K~~~~~~~^[m[K
[ 70%] [32mBuilding CXX object CMakeFiles/pedsim_simulator.dir/include/pedsim_simulator/moc_config.cpp.o[0m
[ 71%] [32mBuilding CXX object CMakeFiles/pedsim_simulator.dir/include/pedsim_simulator/moc_scene.cpp.o[0m
[ 72%] [32mBuilding CXX object CMakeFiles/pedsim_simulator.dir/include/pedsim_simulator/moc_agentstatemachine.cpp.o[0m
[01m[K/home/luigi/amr/Walter_AMR/amr_ws/src/pedsim_ros/pedsim_simulator/src/force/groupcoherenceforce.cpp:[m[K In member function ‘[01m[Kvirtual Ped::Tvector GroupCoherenceForce::getForce(Ped::Tvector)[m[K’:
[01m[K/home/luigi/amr/Walter_AMR/amr_ws/src/pedsim_ros/pedsim_simulator/src/force/groupcoherenceforce.cpp:56:57:[m[K [01;35m[Kwarning: [m[Kunused parameter ‘[01m[KwalkingDirection[m[K’ [[01;35m[K-Wunused-parameter[m[K]
   56 | Ped::Tvector GroupCoherenceForce::getForce([01;35m[KPed::Tvector walkingDirection[m[K) {
      |                                            [01;35m[K~~~~~~~~~~~~~^~~~~~~~~~~~~~~~[m[K
[01m[K/home/luigi/amr/Walter_AMR/amr_ws/src/pedsim_ros/pedsim_simulator/src/force/grouprepulsionforce.cpp:[m[K In member function ‘[01m[Kvirtual Ped::Tvector GroupRepulsionForce::getForce(Ped::Tvector)[m[K’:
[01m[K/home/luigi/amr/Walter_AMR/amr_ws/src/pedsim_ros/pedsim_simulator/src/force/grouprepulsionforce.cpp:56:57:[m[K [01;35m[Kwarning: [m[Kunused parameter ‘[01m[KwalkingDirection[m[K’ [[01;35m[K-Wunused-parameter[m[K]
   56 | Ped::Tvector GroupRepulsionForce::getForce([01;35m[KPed::Tvector walkingDirection[m[K) {
      |                                            [01;35m[K~~~~~~~~~~~~~^~~~~~~~~~~~~~~~[m[K
[ 73%] [32mBuilding CXX object CMakeFiles/pedsim_simulator.dir/include/pedsim_simulator/element/moc_scenarioelement.cpp.o[0m
[ 75%] [32mBuilding CXX object CMakeFiles/pedsim_simulator.dir/include/pedsim_simulator/element/moc_agent.cpp.o[0m
[01m[K/home/luigi/amr/Walter_AMR/amr_ws/src/pedsim_ros/pedsim_simulator/src/force/randomforce.cpp:[m[K In member function ‘[01m[Kvirtual Ped::Tvector RandomForce::getForce(Ped::Tvector)[m[K’:
[01m[K/home/luigi/amr/Walter_AMR/amr_ws/src/pedsim_ros/pedsim_simulator/src/force/randomforce.cpp:77:49:[m[K [01;35m[Kwarning: [m[Kunused parameter ‘[01m[KwalkingDirection[m[K’ [[01;35m[K-Wunused-parameter[m[K]
   77 | Ped::Tvector RandomForce::getForce([01;35m[KPed::Tvector walkingDirection[m[K) {
      |                                    [01;35m[K~~~~~~~~~~~~~^~~~~~~~~~~~~~~~[m[K
[ 76%] [32mBuilding CXX object CMakeFiles/pedsim_simulator.dir/include/pedsim_simulator/element/moc_agentcluster.cpp.o[0m
[ 77%] [32mBuilding CXX object CMakeFiles/pedsim_simulator.dir/include/pedsim_simulator/element/moc_agentgroup.cpp.o[0m
[ 78%] [32mBuilding CXX object CMakeFiles/pedsim_simulator.dir/include/pedsim_simulator/element/moc_attractionarea.cpp.o[0m
[ 79%] [32mBuilding CXX object CMakeFiles/pedsim_simulator.dir/include/pedsim_simulator/element/moc_waypoint.cpp.o[0m
[ 80%] [32mBuilding CXX object CMakeFiles/pedsim_simulator.dir/include/pedsim_simulator/element/moc_obstacle.cpp.o[0m
[ 82%] [32mBuilding CXX object CMakeFiles/pedsim_simulator.dir/include/pedsim_simulator/element/moc_areawaypoint.cpp.o[0m
[ 83%] [32mBuilding CXX object CMakeFiles/pedsim_simulator.dir/include/pedsim_simulator/element/moc_waitingqueue.cpp.o[0m
[ 84%] [32m[1mLinking CXX executable /home/luigi/amr/Walter_AMR/amr_ws/devel/.private/pedsim_simulator/lib/pedsim_simulator/simulate_diff_drive_robot[0m
[ 85%] [32mBuilding CXX object CMakeFiles/pedsim_simulator.dir/include/pedsim_simulator/element/moc_queueingwaypoint.cpp.o[0m
[ 86%] [32mBuilding CXX object CMakeFiles/pedsim_simulator.dir/include/pedsim_simulator/force/moc_force.cpp.o[0m
[ 88%] [32mBuilding CXX object CMakeFiles/pedsim_simulator.dir/include/pedsim_simulator/force/moc_randomforce.cpp.o[0m
[ 89%] [32mBuilding CXX object CMakeFiles/pedsim_simulator.dir/include/pedsim_simulator/force/moc_groupgazeforce.cpp.o[0m
[ 89%] Built target simulate_diff_drive_robot
[ 90%] [32mBuilding CXX object CMakeFiles/pedsim_simulator.dir/include/pedsim_simulator/force/moc_groupcoherenceforce.cpp.o[0m
[ 91%] [32mBuilding CXX object CMakeFiles/pedsim_simulator.dir/include/pedsim_simulator/force/moc_grouprepulsionforce.cpp.o[0m
[ 92%] [32mBuilding CXX object CMakeFiles/pedsim_simulator.dir/include/pedsim_simulator/force/moc_alongwallforce.cpp.o[0m
[ 94%] [32mBuilding CXX object CMakeFiles/pedsim_simulator.dir/include/pedsim_simulator/waypointplanner/moc_waypointplanner.cpp.o[0m
[ 95%] [32mBuilding CXX object CMakeFiles/pedsim_simulator.dir/include/pedsim_simulator/waypointplanner/moc_individualwaypointplanner.cpp.o[0m
[ 96%] [32mBuilding CXX object CMakeFiles/pedsim_simulator.dir/include/pedsim_simulator/waypointplanner/moc_groupwaypointplanner.cpp.o[0m
[ 97%] [32mBuilding CXX object CMakeFiles/pedsim_simulator.dir/include/pedsim_simulator/waypointplanner/moc_shoppingplanner.cpp.o[0m
[ 98%] [32mBuilding CXX object CMakeFiles/pedsim_simulator.dir/include/pedsim_simulator/waypointplanner/moc_queueingplanner.cpp.o[0m
[01m[K/home/luigi/amr/Walter_AMR/amr_ws/src/pedsim_ros/pedsim_simulator/src/simulator.cpp:[m[K In member function ‘[01m[Kvoid Simulator::reconfigureCB(pedsim_simulator::PedsimSimulatorConfig&, uint32_t)[m[K’:
[01m[K/home/luigi/amr/Walter_AMR/amr_ws/src/pedsim_ros/pedsim_simulator/src/simulator.cpp:186:40:[m[K [01;35m[Kwarning: [m[Kunused parameter ‘[01m[Klevel[m[K’ [[01;35m[K-Wunused-parameter[m[K]
  186 |                               [01;35m[Kuint32_t level[m[K)
      |                               [01;35m[K~~~~~~~~~^~~~~[m[K
[01m[K/home/luigi/amr/Walter_AMR/amr_ws/src/pedsim_ros/pedsim_simulator/src/simulator.cpp:[m[K In member function ‘[01m[Kbool Simulator::onPauseSimulation(std_srvs::Empty::Request&, std_srvs::Empty::Response&)[m[K’:
[01m[K/home/luigi/amr/Walter_AMR/amr_ws/src/pedsim_ros/pedsim_simulator/src/simulator.cpp:215:61:[m[K [01;35m[Kwarning: [m[Kunused parameter ‘[01m[Krequest[m[K’ [[01;35m[K-Wunused-parameter[m[K]
  215 | bool Simulator::onPauseSimulation([01;35m[Kstd_srvs::Empty::Request &request[m[K,
      |                                   [01;35m[K~~~~~~~~~~~~~~~~~~~~~~~~~~^~~~~~~[m[K
[01m[K/home/luigi/amr/Walter_AMR/amr_ws/src/pedsim_ros/pedsim_simulator/src/simulator.cpp:216:62:[m[K [01;35m[Kwarning: [m[Kunused parameter ‘[01m[Kresponse[m[K’ [[01;35m[K-Wunused-parameter[m[K]
  216 |                                   [01;35m[Kstd_srvs::Empty::Response &response[m[K)
      |                                   [01;35m[K~~~~~~~~~~~~~~~~~~~~~~~~~~~^~~~~~~~[m[K
[01m[K/home/luigi/amr/Walter_AMR/amr_ws/src/pedsim_ros/pedsim_simulator/src/simulator.cpp:[m[K In member function ‘[01m[Kbool Simulator::onUnpauseSimulation(std_srvs::Empty::Request&, std_srvs::Empty::Response&)[m[K’:
[01m[K/home/luigi/amr/Walter_AMR/amr_ws/src/pedsim_ros/pedsim_simulator/src/simulator.cpp:222:63:[m[K [01;35m[Kwarning: [m[Kunused parameter ‘[01m[Krequest[m[K’ [[01;35m[K-Wunused-parameter[m[K]
  222 | bool Simulator::onUnpauseSimulation([01;35m[Kstd_srvs::Empty::Request &request[m[K,
      |                                     [01;35m[K~~~~~~~~~~~~~~~~~~~~~~~~~~^~~~~~~[m[K
[01m[K/home/luigi/amr/Walter_AMR/amr_ws/src/pedsim_ros/pedsim_simulator/src/simulator.cpp:223:64:[m[K [01;35m[Kwarning: [m[Kunused parameter ‘[01m[Kresponse[m[K’ [[01;35m[K-Wunused-parameter[m[K]
  223 |                                     [01;35m[Kstd_srvs::Empty::Response &response[m[K)
      |                                     [01;35m[K~~~~~~~~~~~~~~~~~~~~~~~~~~~^~~~~~~~[m[K
[01m[K/home/luigi/amr/Walter_AMR/amr_ws/src/pedsim_ros/pedsim_simulator/src/simulator.cpp:[m[K In member function ‘[01m[Kvoid Simulator::spawnCallback(const ros::TimerEvent&)[m[K’:
[01m[K/home/luigi/amr/Walter_AMR/amr_ws/src/pedsim_ros/pedsim_simulator/src/simulator.cpp:229:54:[m[K [01;35m[Kwarning: [m[Kunused parameter ‘[01m[Kevent[m[K’ [[01;35m[K-Wunused-parameter[m[K]
  229 | void Simulator::spawnCallback([01;35m[Kconst ros::TimerEvent &event[m[K)
      |                               [01;35m[K~~~~~~~~~~~~~~~~~~~~~~~^~~~~[m[K
[100%] [32m[1mLinking CXX executable /home/luigi/amr/Walter_AMR/amr_ws/devel/.private/pedsim_simulator/lib/pedsim_simulator/pedsim_simulator[0m
[100%] Built target pedsim_simulator
