[01m[K/home/luigi/amr/Walter_AMR/amr_ws/src/pedsim_ros/pedsim_simulator/src/element/queueingwaypoint.cpp:[m[K In member function ‘[01m[Kvirtual Ped::Tvector QueueingWaypoint::closestPoint(const Ped::Tvector&, bool*) const[m[K’:
[01m[K/home/luigi/amr/Walter_AMR/amr_ws/src/pedsim_ros/pedsim_simulator/src/element/queueingwaypoint.cpp:82:65:[m[K [01;35m[Kwarning: [m[Kunused parameter ‘[01m[KposIn[m[K’ [[01;35m[K-Wunused-parameter[m[K]
   82 | Ped::Tvector QueueingWaypoint::closestPoint([01;35m[Kconst Ped::Tvector& posIn[m[K,
      |                                             [01;35m[K~~~~~~~~~~~~~~~~~~~~^~~~~[m[K
[01m[K/home/luigi/amr/Walter_AMR/amr_ws/src/pedsim_ros/pedsim_simulator/src/element/queueingwaypoint.cpp:83:51:[m[K [01;35m[Kwarning: [m[Kunused parameter ‘[01m[KwithinWaypoint[m[K’ [[01;35m[K-Wunused-parameter[m[K]
   83 |                                             [01;35m[Kbool* withinWaypoint[m[K) const {
      |                                             [01;35m[K~~~~~~^~~~~~~~~~~~~~[m[K
[01m[K/home/luigi/amr/Walter_AMR/amr_ws/src/pedsim_ros/pedsim_simulator/src/config.cpp:[m[K In constructor ‘[01m[KConfig::Config(QObject*)[m[K’:
[01m[K/home/luigi/amr/Walter_AMR/amr_ws/src/pedsim_ros/pedsim_simulator/src/config.cpp:37:25:[m[K [01;35m[Kwarning: [m[Kunused parameter ‘[01m[Kparent[m[K’ [[01;35m[K-Wunused-parameter[m[K]
   37 | Config::Config([01;35m[KQObject *parent[m[K)
      |                [01;35m[K~~~~~~~~~^~~~~~[m[K
[01m[K/home/luigi/amr/Walter_AMR/amr_ws/src/pedsim_ros/pedsim_simulator/src/element/waitingqueue.cpp:[m[K In member function ‘[01m[Kvirtual Ped::Tvector WaitingQueue::closestPoint(const Ped::Tvector&, bool*) const[m[K’:
[01m[K/home/luigi/amr/Walter_AMR/amr_ws/src/pedsim_ros/pedsim_simulator/src/element/waitingqueue.cpp:234:61:[m[K [01;35m[Kwarning: [m[Kunused parameter ‘[01m[Kp[m[K’ [[01;35m[K-Wunused-parameter[m[K]
  234 | Ped::Tvector WaitingQueue::closestPoint([01;35m[Kconst Ped::Tvector& p[m[K,
      |                                         [01;35m[K~~~~~~~~~~~~~~~~~~~~^[m[K
[01m[K/home/luigi/amr/Walter_AMR/amr_ws/src/pedsim_ros/pedsim_simulator/src/element/waitingqueue.cpp:235:47:[m[K [01;35m[Kwarning: [m[Kunused parameter ‘[01m[KwithinWaypoint[m[K’ [[01;35m[K-Wunused-parameter[m[K]
  235 |                                         [01;35m[Kbool* withinWaypoint[m[K) const {
      |                                         [01;35m[K~~~~~~^~~~~~~~~~~~~~[m[K
[01m[K/home/luigi/amr/Walter_AMR/amr_ws/src/pedsim_ros/pedsim_simulator/src/agentstatemachine.cpp:[m[K In member function ‘[01m[Kvoid AgentStateMachine::deactivateState(AgentStateMachine::AgentState)[m[K’:
[01m[K/home/luigi/amr/Walter_AMR/amr_ws/src/pedsim_ros/pedsim_simulator/src/agentstatemachine.cpp:279:10:[m[K [01;35m[Kwarning: [m[Kenumeration value ‘[01m[KStateFrozen[m[K’ not handled in switch [[01;35m[K-Wswitch[m[K]
  279 |   switch [01;35m[K([m[Kstate)
      |          [01;35m[K^[m[K
[01m[K/home/luigi/amr/Walter_AMR/amr_ws/src/pedsim_ros/pedsim_simulator/src/scene.cpp:[m[K In constructor ‘[01m[KScene::Scene(QObject*)[m[K’:
[01m[K/home/luigi/amr/Walter_AMR/amr_ws/src/pedsim_ros/pedsim_simulator/src/scene.cpp:54:23:[m[K [01;35m[Kwarning: [m[Kunused parameter ‘[01m[Kparent[m[K’ [[01;35m[K-Wunused-parameter[m[K]
   54 | Scene::Scene([01;35m[KQObject *parent[m[K)
      |              [01;35m[K~~~~~~~~~^~~~~~[m[K
[01m[K/home/luigi/amr/Walter_AMR/amr_ws/src/pedsim_ros/pedsim_simulator/src/element/agentgroup.cpp:[m[K In member function ‘[01m[Kvoid AgentGroup::onPositionChanged(double, double)[m[K’:
[01m[K/home/luigi/amr/Walter_AMR/amr_ws/src/pedsim_ros/pedsim_simulator/src/element/agentgroup.cpp:100:43:[m[K [01;35m[Kwarning: [m[Kunused parameter ‘[01m[Kx[m[K’ [[01;35m[K-Wunused-parameter[m[K]
  100 | void AgentGroup::onPositionChanged([01;35m[Kdouble x[m[K, double y) {
      |                                    [01;35m[K~~~~~~~^[m[K
[01m[K/home/luigi/amr/Walter_AMR/amr_ws/src/pedsim_ros/pedsim_simulator/src/element/agentgroup.cpp:100:53:[m[K [01;35m[Kwarning: [m[Kunused parameter ‘[01m[Ky[m[K’ [[01;35m[K-Wunused-parameter[m[K]
  100 | void AgentGroup::onPositionChanged(double x, [01;35m[Kdouble y[m[K) {
      |                                              [01;35m[K~~~~~~~^[m[K
[01m[K/home/luigi/amr/Walter_AMR/amr_ws/src/pedsim_ros/pedsim_simulator/src/force/groupcoherenceforce.cpp:[m[K In member function ‘[01m[Kvirtual Ped::Tvector GroupCoherenceForce::getForce(Ped::Tvector)[m[K’:
[01m[K/home/luigi/amr/Walter_AMR/amr_ws/src/pedsim_ros/pedsim_simulator/src/force/groupcoherenceforce.cpp:56:57:[m[K [01;35m[Kwarning: [m[Kunused parameter ‘[01m[KwalkingDirection[m[K’ [[01;35m[K-Wunused-parameter[m[K]
   56 | Ped::Tvector GroupCoherenceForce::getForce([01;35m[KPed::Tvector walkingDirection[m[K) {
      |                                            [01;35m[K~~~~~~~~~~~~~^~~~~~~~~~~~~~~~[m[K
[01m[K/home/luigi/amr/Walter_AMR/amr_ws/src/pedsim_ros/pedsim_simulator/src/force/grouprepulsionforce.cpp:[m[K In member function ‘[01m[Kvirtual Ped::Tvector GroupRepulsionForce::getForce(Ped::Tvector)[m[K’:
[01m[K/home/luigi/amr/Walter_AMR/amr_ws/src/pedsim_ros/pedsim_simulator/src/force/grouprepulsionforce.cpp:56:57:[m[K [01;35m[Kwarning: [m[Kunused parameter ‘[01m[KwalkingDirection[m[K’ [[01;35m[K-Wunused-parameter[m[K]
   56 | Ped::Tvector GroupRepulsionForce::getForce([01;35m[KPed::Tvector walkingDirection[m[K) {
      |                                            [01;35m[K~~~~~~~~~~~~~^~~~~~~~~~~~~~~~[m[K
[01m[K/home/luigi/amr/Walter_AMR/amr_ws/src/pedsim_ros/pedsim_simulator/src/force/randomforce.cpp:[m[K In member function ‘[01m[Kvirtual Ped::Tvector RandomForce::getForce(Ped::Tvector)[m[K’:
[01m[K/home/luigi/amr/Walter_AMR/amr_ws/src/pedsim_ros/pedsim_simulator/src/force/randomforce.cpp:77:49:[m[K [01;35m[Kwarning: [m[Kunused parameter ‘[01m[KwalkingDirection[m[K’ [[01;35m[K-Wunused-parameter[m[K]
   77 | Ped::Tvector RandomForce::getForce([01;35m[KPed::Tvector walkingDirection[m[K) {
      |                                    [01;35m[K~~~~~~~~~~~~~^~~~~~~~~~~~~~~~[m[K
[01m[K/home/luigi/amr/Walter_AMR/amr_ws/src/pedsim_ros/pedsim_simulator/src/simulator.cpp:[m[K In member function ‘[01m[Kvoid Simulator::reconfigureCB(pedsim_simulator::PedsimSimulatorConfig&, uint32_t)[m[K’:
[01m[K/home/luigi/amr/Walter_AMR/amr_ws/src/pedsim_ros/pedsim_simulator/src/simulator.cpp:186:40:[m[K [01;35m[Kwarning: [m[Kunused parameter ‘[01m[Klevel[m[K’ [[01;35m[K-Wunused-parameter[m[K]
  186 |                               [01;35m[Kuint32_t level[m[K)
      |                               [01;35m[K~~~~~~~~~^~~~~[m[K
[01m[K/home/luigi/amr/Walter_AMR/amr_ws/src/pedsim_ros/pedsim_simulator/src/simulator.cpp:[m[K In member function ‘[01m[Kbool Simulator::onPauseSimulation(std_srvs::Empty::Request&, std_srvs::Empty::Response&)[m[K’:
[01m[K/home/luigi/amr/Walter_AMR/amr_ws/src/pedsim_ros/pedsim_simulator/src/simulator.cpp:215:61:[m[K [01;35m[Kwarning: [m[Kunused parameter ‘[01m[Krequest[m[K’ [[01;35m[K-Wunused-parameter[m[K]
  215 | bool Simulator::onPauseSimulation([01;35m[Kstd_srvs::Empty::Request &request[m[K,
      |                                   [01;35m[K~~~~~~~~~~~~~~~~~~~~~~~~~~^~~~~~~[m[K
[01m[K/home/luigi/amr/Walter_AMR/amr_ws/src/pedsim_ros/pedsim_simulator/src/simulator.cpp:216:62:[m[K [01;35m[Kwarning: [m[Kunused parameter ‘[01m[Kresponse[m[K’ [[01;35m[K-Wunused-parameter[m[K]
  216 |                                   [01;35m[Kstd_srvs::Empty::Response &response[m[K)
      |                                   [01;35m[K~~~~~~~~~~~~~~~~~~~~~~~~~~~^~~~~~~~[m[K
[01m[K/home/luigi/amr/Walter_AMR/amr_ws/src/pedsim_ros/pedsim_simulator/src/simulator.cpp:[m[K In member function ‘[01m[Kbool Simulator::onUnpauseSimulation(std_srvs::Empty::Request&, std_srvs::Empty::Response&)[m[K’:
[01m[K/home/luigi/amr/Walter_AMR/amr_ws/src/pedsim_ros/pedsim_simulator/src/simulator.cpp:222:63:[m[K [01;35m[Kwarning: [m[Kunused parameter ‘[01m[Krequest[m[K’ [[01;35m[K-Wunused-parameter[m[K]
  222 | bool Simulator::onUnpauseSimulation([01;35m[Kstd_srvs::Empty::Request &request[m[K,
      |                                     [01;35m[K~~~~~~~~~~~~~~~~~~~~~~~~~~^~~~~~~[m[K
[01m[K/home/luigi/amr/Walter_AMR/amr_ws/src/pedsim_ros/pedsim_simulator/src/simulator.cpp:223:64:[m[K [01;35m[Kwarning: [m[Kunused parameter ‘[01m[Kresponse[m[K’ [[01;35m[K-Wunused-parameter[m[K]
  223 |                                     [01;35m[Kstd_srvs::Empty::Response &response[m[K)
      |                                     [01;35m[K~~~~~~~~~~~~~~~~~~~~~~~~~~~^~~~~~~~[m[K
[01m[K/home/luigi/amr/Walter_AMR/amr_ws/src/pedsim_ros/pedsim_simulator/src/simulator.cpp:[m[K In member function ‘[01m[Kvoid Simulator::spawnCallback(const ros::TimerEvent&)[m[K’:
[01m[K/home/luigi/amr/Walter_AMR/amr_ws/src/pedsim_ros/pedsim_simulator/src/simulator.cpp:229:54:[m[K [01;35m[Kwarning: [m[Kunused parameter ‘[01m[Kevent[m[K’ [[01;35m[K-Wunused-parameter[m[K]
  229 | void Simulator::spawnCallback([01;35m[Kconst ros::TimerEvent &event[m[K)
      |                               [01;35m[K~~~~~~~~~~~~~~~~~~~~~~~^~~~~[m[K
