[35m[1mScanning dependencies of target _arlo_control_msgs_generate_messages_check_deps_WheelsEncoders[0m
[  0%] Built target _arlo_control_msgs_generate_messages_check_deps_WheelsEncoders
[35m[1mScanning dependencies of target _arlo_control_msgs_generate_messages_check_deps_WheelsPower[0m
[  0%] Built target _arlo_control_msgs_generate_messages_check_deps_WheelsPower
[35m[1mScanning dependencies of target std_msgs_generate_messages_lisp[0m
[  0%] Built target std_msgs_generate_messages_lisp
[35m[1mScanning dependencies of target std_msgs_generate_messages_py[0m
[  0%] Built target std_msgs_generate_messages_py
[35m[1mScanning dependencies of target std_msgs_generate_messages_cpp[0m
[35m[1mScanning dependencies of target std_msgs_generate_messages_nodejs[0m
[  0%] Built target std_msgs_generate_messages_cpp
[  0%] Built target std_msgs_generate_messages_nodejs
[35m[1mScanning dependencies of target arlo_control_msgs_generate_messages_lisp[0m
[35m[1mScanning dependencies of target std_msgs_generate_messages_eus[0m
[  8%] [34m[1mGenerating Lisp code from arlo_control_msgs/WheelsEncoders.msg[0m
[  8%] Built target std_msgs_generate_messages_eus
[35m[1mScanning dependencies of target arlo_control_msgs_generate_messages_py[0m
[ 16%] [34m[1mGenerating Python from MSG arlo_control_msgs/WheelsEncoders[0m
[ 25%] [34m[1mGenerating Lisp code from arlo_control_msgs/WheelsPower.msg[0m
[ 25%] Built target arlo_control_msgs_generate_messages_lisp
[35m[1mScanning dependencies of target arlo_control_msgs_generate_messages_cpp[0m
[35m[1mScanning dependencies of target arlo_control_msgs_generate_messages_nodejs[0m
[ 33%] [34m[1mGenerating C++ code from arlo_control_msgs/WheelsEncoders.msg[0m
[ 41%] [34m[1mGenerating Javascript code from arlo_control_msgs/WheelsEncoders.msg[0m
[ 50%] [34m[1mGenerating C++ code from arlo_control_msgs/WheelsPower.msg[0m
[ 58%] [34m[1mGenerating Javascript code from arlo_control_msgs/WheelsPower.msg[0m
[ 66%] [34m[1mGenerating Python from MSG arlo_control_msgs/WheelsPower[0m
[35m[1mScanning dependencies of target arlo_control_msgs_generate_messages_eus[0m
[ 75%] [34m[1mGenerating EusLisp code from arlo_control_msgs/WheelsEncoders.msg[0m
[ 75%] Built target arlo_control_msgs_generate_messages_nodejs
[ 75%] Built target arlo_control_msgs_generate_messages_cpp
[ 83%] [34m[1mGenerating EusLisp code from arlo_control_msgs/WheelsPower.msg[0m
[ 91%] [34m[1mGenerating EusLisp manifest code for arlo_control_msgs[0m
WARNING: Package name "ArloBot_description" does not follow the naming conventions. It should start with a lower case letter and only contain lower case letters, digits, underscores, and dashes.
[100%] [34m[1mGenerating Python msg __init__.py for arlo_control_msgs[0m
WARNING: Package name "robotPV_V1_description" does not follow the naming conventions. It should start with a lower case letter and only contain lower case letters, digits, underscores, and dashes.
[100%] Built target arlo_control_msgs_generate_messages_py
WARNING: Package name "ArloBot_description" does not follow the naming conventions. It should start with a lower case letter and only contain lower case letters, digits, underscores, and dashes.
WARNING: Package name "robotPV_V1_description" does not follow the naming conventions. It should start with a lower case letter and only contain lower case letters, digits, underscores, and dashes.
[100%] Built target arlo_control_msgs_generate_messages_eus
[35m[1mScanning dependencies of target arlo_control_msgs_generate_messages[0m
[100%] Built target arlo_control_msgs_generate_messages
