Linked: (/home/luigi/amr/Walter_AMR/amr_ws/devel/.private/arlo_control_msgs/include/arlo_control_msgs/WheelsEncoders.h, /home/luigi/amr/Walter_AMR/amr_ws/devel/include/arlo_control_msgs/WheelsEncoders.h)
Linked: (/home/luigi/amr/Walter_AMR/amr_ws/devel/.private/arlo_control_msgs/include/arlo_control_msgs/WheelsPower.h, /home/luigi/amr/Walter_AMR/amr_ws/devel/include/arlo_control_msgs/WheelsPower.h)
Linked: (/home/luigi/amr/Walter_AMR/amr_ws/devel/.private/arlo_control_msgs/share/roseus/ros/arlo_control_msgs/manifest.l, /home/luigi/amr/Walter_AMR/amr_ws/devel/share/roseus/ros/arlo_control_msgs/manifest.l)
Linked: (/home/luigi/amr/Walter_AMR/amr_ws/devel/.private/arlo_control_msgs/share/roseus/ros/arlo_control_msgs/msg/WheelsPower.l, /home/luigi/amr/Walter_AMR/amr_ws/devel/share/roseus/ros/arlo_control_msgs/msg/WheelsPower.l)
Linked: (/home/luigi/amr/Walter_AMR/amr_ws/devel/.private/arlo_control_msgs/share/roseus/ros/arlo_control_msgs/msg/WheelsEncoders.l, /home/luigi/amr/Walter_AMR/amr_ws/devel/share/roseus/ros/arlo_control_msgs/msg/WheelsEncoders.l)
Linked: (/home/luigi/amr/Walter_AMR/amr_ws/devel/.private/arlo_control_msgs/share/common-lisp/ros/arlo_control_msgs/msg/_package_WheelsEncoders.lisp, /home/luigi/amr/Walter_AMR/amr_ws/devel/share/common-lisp/ros/arlo_control_msgs/msg/_package_WheelsEncoders.lisp)
Linked: (/home/luigi/amr/Walter_AMR/amr_ws/devel/.private/arlo_control_msgs/share/common-lisp/ros/arlo_control_msgs/msg/_package.lisp, /home/luigi/amr/Walter_AMR/amr_ws/devel/share/common-lisp/ros/arlo_control_msgs/msg/_package.lisp)
Linked: (/home/luigi/amr/Walter_AMR/amr_ws/devel/.private/arlo_control_msgs/share/common-lisp/ros/arlo_control_msgs/msg/WheelsEncoders.lisp, /home/luigi/amr/Walter_AMR/amr_ws/devel/share/common-lisp/ros/arlo_control_msgs/msg/WheelsEncoders.lisp)
Linked: (/home/luigi/amr/Walter_AMR/amr_ws/devel/.private/arlo_control_msgs/share/common-lisp/ros/arlo_control_msgs/msg/WheelsPower.lisp, /home/luigi/amr/Walter_AMR/amr_ws/devel/share/common-lisp/ros/arlo_control_msgs/msg/WheelsPower.lisp)
Linked: (/home/luigi/amr/Walter_AMR/amr_ws/devel/.private/arlo_control_msgs/share/common-lisp/ros/arlo_control_msgs/msg/arlo_control_msgs-msg.asd, /home/luigi/amr/Walter_AMR/amr_ws/devel/share/common-lisp/ros/arlo_control_msgs/msg/arlo_control_msgs-msg.asd)
Linked: (/home/luigi/amr/Walter_AMR/amr_ws/devel/.private/arlo_control_msgs/share/common-lisp/ros/arlo_control_msgs/msg/_package_WheelsPower.lisp, /home/luigi/amr/Walter_AMR/amr_ws/devel/share/common-lisp/ros/arlo_control_msgs/msg/_package_WheelsPower.lisp)
Linked: (/home/luigi/amr/Walter_AMR/amr_ws/devel/.private/arlo_control_msgs/share/arlo_control_msgs/cmake/arlo_control_msgs-msg-extras.cmake, /home/luigi/amr/Walter_AMR/amr_ws/devel/share/arlo_control_msgs/cmake/arlo_control_msgs-msg-extras.cmake)
Linked: (/home/luigi/amr/Walter_AMR/amr_ws/devel/.private/arlo_control_msgs/share/arlo_control_msgs/cmake/arlo_control_msgsConfig.cmake, /home/luigi/amr/Walter_AMR/amr_ws/devel/share/arlo_control_msgs/cmake/arlo_control_msgsConfig.cmake)
Linked: (/home/luigi/amr/Walter_AMR/amr_ws/devel/.private/arlo_control_msgs/share/arlo_control_msgs/cmake/arlo_control_msgsConfig-version.cmake, /home/luigi/amr/Walter_AMR/amr_ws/devel/share/arlo_control_msgs/cmake/arlo_control_msgsConfig-version.cmake)
Linked: (/home/luigi/amr/Walter_AMR/amr_ws/devel/.private/arlo_control_msgs/share/arlo_control_msgs/cmake/arlo_control_msgs-msg-paths.cmake, /home/luigi/amr/Walter_AMR/amr_ws/devel/share/arlo_control_msgs/cmake/arlo_control_msgs-msg-paths.cmake)
Linked: (/home/luigi/amr/Walter_AMR/amr_ws/devel/.private/arlo_control_msgs/share/gennodejs/ros/arlo_control_msgs/_index.js, /home/luigi/amr/Walter_AMR/amr_ws/devel/share/gennodejs/ros/arlo_control_msgs/_index.js)
Linked: (/home/luigi/amr/Walter_AMR/amr_ws/devel/.private/arlo_control_msgs/share/gennodejs/ros/arlo_control_msgs/msg/WheelsPower.js, /home/luigi/amr/Walter_AMR/amr_ws/devel/share/gennodejs/ros/arlo_control_msgs/msg/WheelsPower.js)
Linked: (/home/luigi/amr/Walter_AMR/amr_ws/devel/.private/arlo_control_msgs/share/gennodejs/ros/arlo_control_msgs/msg/_index.js, /home/luigi/amr/Walter_AMR/amr_ws/devel/share/gennodejs/ros/arlo_control_msgs/msg/_index.js)
Linked: (/home/luigi/amr/Walter_AMR/amr_ws/devel/.private/arlo_control_msgs/share/gennodejs/ros/arlo_control_msgs/msg/WheelsEncoders.js, /home/luigi/amr/Walter_AMR/amr_ws/devel/share/gennodejs/ros/arlo_control_msgs/msg/WheelsEncoders.js)
Linked: (/home/luigi/amr/Walter_AMR/amr_ws/devel/.private/arlo_control_msgs/lib/python3/dist-packages/arlo_control_msgs/__init__.py, /home/luigi/amr/Walter_AMR/amr_ws/devel/lib/python3/dist-packages/arlo_control_msgs/__init__.py)
Linked: (/home/luigi/amr/Walter_AMR/amr_ws/devel/.private/arlo_control_msgs/lib/python3/dist-packages/arlo_control_msgs/msg/_WheelsEncoders.py, /home/luigi/amr/Walter_AMR/amr_ws/devel/lib/python3/dist-packages/arlo_control_msgs/msg/_WheelsEncoders.py)
Linked: (/home/luigi/amr/Walter_AMR/amr_ws/devel/.private/arlo_control_msgs/lib/python3/dist-packages/arlo_control_msgs/msg/_WheelsPower.py, /home/luigi/amr/Walter_AMR/amr_ws/devel/lib/python3/dist-packages/arlo_control_msgs/msg/_WheelsPower.py)
Linked: (/home/luigi/amr/Walter_AMR/amr_ws/devel/.private/arlo_control_msgs/lib/python3/dist-packages/arlo_control_msgs/msg/__init__.py, /home/luigi/amr/Walter_AMR/amr_ws/devel/lib/python3/dist-packages/arlo_control_msgs/msg/__init__.py)
Linked: (/home/luigi/amr/Walter_AMR/amr_ws/devel/.private/arlo_control_msgs/lib/pkgconfig/arlo_control_msgs.pc, /home/luigi/amr/Walter_AMR/amr_ws/devel/lib/pkgconfig/arlo_control_msgs.pc)
