Symlinking /home/luigi/amr/Walter_AMR/amr_ws/devel/include/arlo_control_msgs/WheelsEncoders.h
Symlinking /home/luigi/amr/Walter_AMR/amr_ws/devel/include/arlo_control_msgs/WheelsPower.h
Symlinking /home/luigi/amr/Walter_AMR/amr_ws/devel/share/roseus/ros/arlo_control_msgs/manifest.l
Symlinking /home/luigi/amr/Walter_AMR/amr_ws/devel/share/roseus/ros/arlo_control_msgs/msg/WheelsPower.l
Symlinking /home/luigi/amr/Walter_AMR/amr_ws/devel/share/roseus/ros/arlo_control_msgs/msg/WheelsEncoders.l
Symlinking /home/luigi/amr/Walter_AMR/amr_ws/devel/share/common-lisp/ros/arlo_control_msgs/msg/_package_WheelsEncoders.lisp
Symlinking /home/luigi/amr/Walter_AMR/amr_ws/devel/share/common-lisp/ros/arlo_control_msgs/msg/_package.lisp
Symlinking /home/luigi/amr/Walter_AMR/amr_ws/devel/share/common-lisp/ros/arlo_control_msgs/msg/WheelsEncoders.lisp
Symlinking /home/luigi/amr/Walter_AMR/amr_ws/devel/share/common-lisp/ros/arlo_control_msgs/msg/WheelsPower.lisp
Symlinking /home/luigi/amr/Walter_AMR/amr_ws/devel/share/common-lisp/ros/arlo_control_msgs/msg/arlo_control_msgs-msg.asd
Symlinking /home/luigi/amr/Walter_AMR/amr_ws/devel/share/common-lisp/ros/arlo_control_msgs/msg/_package_WheelsPower.lisp
Symlinking /home/luigi/amr/Walter_AMR/amr_ws/devel/share/arlo_control_msgs/cmake/arlo_control_msgs-msg-extras.cmake
Symlinking /home/luigi/amr/Walter_AMR/amr_ws/devel/share/arlo_control_msgs/cmake/arlo_control_msgsConfig.cmake
Symlinking /home/luigi/amr/Walter_AMR/amr_ws/devel/share/arlo_control_msgs/cmake/arlo_control_msgsConfig-version.cmake
Symlinking /home/luigi/amr/Walter_AMR/amr_ws/devel/share/arlo_control_msgs/cmake/arlo_control_msgs-msg-paths.cmake
Symlinking /home/luigi/amr/Walter_AMR/amr_ws/devel/share/gennodejs/ros/arlo_control_msgs/_index.js
Symlinking /home/luigi/amr/Walter_AMR/amr_ws/devel/share/gennodejs/ros/arlo_control_msgs/msg/WheelsPower.js
Symlinking /home/luigi/amr/Walter_AMR/amr_ws/devel/share/gennodejs/ros/arlo_control_msgs/msg/_index.js
Symlinking /home/luigi/amr/Walter_AMR/amr_ws/devel/share/gennodejs/ros/arlo_control_msgs/msg/WheelsEncoders.js
Symlinking /home/luigi/amr/Walter_AMR/amr_ws/devel/lib/python3/dist-packages/arlo_control_msgs/__init__.py
Symlinking /home/luigi/amr/Walter_AMR/amr_ws/devel/lib/python3/dist-packages/arlo_control_msgs/msg/_WheelsEncoders.py
Symlinking /home/luigi/amr/Walter_AMR/amr_ws/devel/lib/python3/dist-packages/arlo_control_msgs/msg/_WheelsPower.py
Symlinking /home/luigi/amr/Walter_AMR/amr_ws/devel/lib/python3/dist-packages/arlo_control_msgs/msg/__init__.py
Symlinking /home/luigi/amr/Walter_AMR/amr_ws/devel/lib/pkgconfig/arlo_control_msgs.pc
