[35m[1mScanning dependencies of target _pedsim_srvs_generate_messages_check_deps_GetAgentState[0m
[35m[1mScanning dependencies of target pedsim_msgs_generate_messages_eus[0m
[  0%] Built target pedsim_msgs_generate_messages_eus
[35m[1mScanning dependencies of target _pedsim_srvs_generate_messages_check_deps_SetAgentState[0m
[35m[1mScanning dependencies of target _pedsim_srvs_generate_messages_check_deps_GetAllAgentsState[0m
[35m[1mScanning dependencies of target std_msgs_generate_messages_eus[0m
[35m[1mScanning dependencies of target _pedsim_srvs_generate_messages_check_deps_SetAllAgentsState[0m
[35m[1mScanning dependencies of target std_msgs_generate_messages_py[0m
[  0%] Built target std_msgs_generate_messages_eus
[  0%] Built target std_msgs_generate_messages_py
[  0%] Built target _pedsim_srvs_generate_messages_check_deps_GetAgentState
[35m[1mScanning dependencies of target pedsim_msgs_generate_messages_lisp[0m
[35m[1mScanning dependencies of target std_msgs_generate_messages_lisp[0m
[  0%] Built target pedsim_msgs_generate_messages_lisp
[35m[1mScanning dependencies of target std_msgs_generate_messages_nodejs[0m
[  0%] Built target _pedsim_srvs_generate_messages_check_deps_SetAgentState
[35m[1mScanning dependencies of target pedsim_msgs_generate_messages_py[0m
[35m[1mScanning dependencies of target pedsim_msgs_generate_messages_nodejs[0m
[  0%] Built target std_msgs_generate_messages_lisp
[35m[1mScanning dependencies of target std_msgs_generate_messages_cpp[0m
[  0%] Built target std_msgs_generate_messages_nodejs
[  0%] Built target _pedsim_srvs_generate_messages_check_deps_SetAllAgentsState
[  0%] Built target pedsim_msgs_generate_messages_py
[  0%] Built target pedsim_msgs_generate_messages_nodejs
[  0%] Built target _pedsim_srvs_generate_messages_check_deps_GetAllAgentsState
[  0%] Built target std_msgs_generate_messages_cpp
[35m[1mScanning dependencies of target pedsim_msgs_generate_messages_cpp[0m
[35m[1mScanning dependencies of target pedsim_srvs_generate_messages_eus[0m
[35m[1mScanning dependencies of target pedsim_srvs_generate_messages_py[0m
[  0%] Built target pedsim_msgs_generate_messages_cpp
[  4%] [34m[1mGenerating EusLisp code from pedsim_srvs/SetAgentState.srv[0m
[35m[1mScanning dependencies of target pedsim_srvs_generate_messages_lisp[0m
[  9%] [34m[1mGenerating EusLisp code from pedsim_srvs/GetAgentState.srv[0m
[ 13%] [34m[1mGenerating EusLisp code from pedsim_srvs/SetAllAgentsState.srv[0m
[ 18%] [34m[1mGenerating Lisp code from pedsim_srvs/SetAgentState.srv[0m
[ 22%] [34m[1mGenerating EusLisp code from pedsim_srvs/GetAllAgentsState.srv[0m
[ 27%] [34m[1mGenerating Lisp code from pedsim_srvs/GetAgentState.srv[0m
[ 31%] [34m[1mGenerating Python code from SRV pedsim_srvs/SetAgentState[0m
[ 36%] [34m[1mGenerating EusLisp manifest code for pedsim_srvs[0m
[ 40%] [34m[1mGenerating Lisp code from pedsim_srvs/SetAllAgentsState.srv[0m
[ 45%] [34m[1mGenerating Lisp code from pedsim_srvs/GetAllAgentsState.srv[0m
[ 50%] [34m[1mGenerating Python code from SRV pedsim_srvs/GetAgentState[0m
[ 54%] [34m[1mGenerating Python code from SRV pedsim_srvs/SetAllAgentsState[0m
[ 59%] [34m[1mGenerating Python code from SRV pedsim_srvs/GetAllAgentsState[0m
[35m[1mScanning dependencies of target pedsim_srvs_generate_messages_nodejs[0m
[ 63%] [34m[1mGenerating Javascript code from pedsim_srvs/GetAgentState.srv[0m
[ 68%] [34m[1mGenerating Javascript code from pedsim_srvs/SetAgentState.srv[0m
[ 72%] [34m[1mGenerating Javascript code from pedsim_srvs/SetAllAgentsState.srv[0m
[ 72%] Built target pedsim_srvs_generate_messages_lisp
[35m[1mScanning dependencies of target pedsim_srvs_generate_messages_cpp[0m
WARNING: Package name "ArloBot_description" does not follow the naming conventions. It should start with a lower case letter and only contain lower case letters, digits, underscores, and dashes.
[ 77%] [34m[1mGenerating Javascript code from pedsim_srvs/GetAllAgentsState.srv[0m
[ 81%] [34m[1mGenerating C++ code from pedsim_srvs/SetAgentState.srv[0m
WARNING: Package name "robotPV_V1_description" does not follow the naming conventions. It should start with a lower case letter and only contain lower case letters, digits, underscores, and dashes.
[ 81%] Built target pedsim_srvs_generate_messages_nodejs
[ 86%] [34m[1mGenerating Python srv __init__.py for pedsim_srvs[0m
[ 90%] [34m[1mGenerating C++ code from pedsim_srvs/GetAgentState.srv[0m
WARNING: Package name "ArloBot_description" does not follow the naming conventions. It should start with a lower case letter and only contain lower case letters, digits, underscores, and dashes.
WARNING: Package name "robotPV_V1_description" does not follow the naming conventions. It should start with a lower case letter and only contain lower case letters, digits, underscores, and dashes.
[ 90%] Built target pedsim_srvs_generate_messages_py
[ 95%] [34m[1mGenerating C++ code from pedsim_srvs/SetAllAgentsState.srv[0m
[ 95%] Built target pedsim_srvs_generate_messages_eus
[100%] [34m[1mGenerating C++ code from pedsim_srvs/GetAllAgentsState.srv[0m
[100%] Built target pedsim_srvs_generate_messages_cpp
[35m[1mScanning dependencies of target pedsim_srvs_generate_messages[0m
[100%] Built target pedsim_srvs_generate_messages
