[  0%] Built target pedsim_msgs_generate_messages_eus
[  0%] Built target std_msgs_generate_messages_py
[  0%] Built target std_msgs_generate_messages_eus
[  0%] Built target pedsim_msgs_generate_messages_py
[  0%] Built target pedsim_msgs_generate_messages_lisp
[  0%] Built target std_msgs_generate_messages_lisp
[  0%] Built target pedsim_msgs_generate_messages_nodejs
[  0%] Built target std_msgs_generate_messages_cpp
[  0%] Built target std_msgs_generate_messages_nodejs
[  0%] Built target pedsim_msgs_generate_messages_cpp
[  0%] Built target _pedsim_srvs_generate_messages_check_deps_GetAllAgentsState
[  0%] Built target _pedsim_srvs_generate_messages_check_deps_SetAgentState
[  0%] Built target _pedsim_srvs_generate_messages_check_deps_SetAllAgentsState
[  0%] Built target _pedsim_srvs_generate_messages_check_deps_GetAgentState
[ 54%] Built target pedsim_srvs_generate_messages_nodejs
[ 63%] Built target pedsim_srvs_generate_messages_py
[ 63%] Built target pedsim_srvs_generate_messages_eus
[ 81%] Built target pedsim_srvs_generate_messages_lisp
[100%] Built target pedsim_srvs_generate_messages_cpp
[100%] Built target pedsim_srvs_generate_messages
