[  0%] Built target pedsim_msgs_generate_messages_eus
[  0%] Built target std_msgs_generate_messages_eus
[  0%] Built target std_msgs_generate_messages_py
[  0%] Built target pedsim_msgs_generate_messages_lisp
[  0%] Built target pedsim_msgs_generate_messages_py
[  0%] Built target std_msgs_generate_messages_lisp
[  0%] Built target pedsim_msgs_generate_messages_nodejs
[  0%] Built target std_msgs_generate_messages_nodejs
[  0%] Built target pedsim_msgs_generate_messages_cpp
[  0%] Built target std_msgs_generate_messages_cpp
[  0%] Built target _pedsim_srvs_generate_messages_check_deps_GetAgentState
[  0%] Built target _pedsim_srvs_generate_messages_check_deps_GetAllAgentsState
[  0%] Built target _pedsim_srvs_generate_messages_check_deps_SetAllAgentsState
[  0%] Built target _pedsim_srvs_generate_messages_check_deps_SetAgentState
[ 22%] Built target pedsim_srvs_generate_messages_eus
[ 59%] Built target pedsim_srvs_generate_messages_py
[ 63%] Built target pedsim_srvs_generate_messages_lisp
[ 81%] Built target pedsim_srvs_generate_messages_nodejs
[100%] Built target pedsim_srvs_generate_messages_cpp
[100%] Built target pedsim_srvs_generate_messages
