Linked: (/home/luigi/amr/Walter_AMR/amr_ws/devel/.private/spencer_social_relation_msgs/include/spencer_social_relation_msgs/SocialActivities.h, /home/luigi/amr/Walter_AMR/amr_ws/devel/include/spencer_social_relation_msgs/SocialActivities.h)
Linked: (/home/luigi/amr/Walter_AMR/amr_ws/devel/.private/spencer_social_relation_msgs/include/spencer_social_relation_msgs/SocialRelation.h, /home/luigi/amr/Walter_AMR/amr_ws/devel/include/spencer_social_relation_msgs/SocialRelation.h)
Linked: (/home/luigi/amr/Walter_AMR/amr_ws/devel/.private/spencer_social_relation_msgs/include/spencer_social_relation_msgs/SocialActivity.h, /home/luigi/amr/Walter_AMR/amr_ws/devel/include/spencer_social_relation_msgs/SocialActivity.h)
Linked: (/home/luigi/amr/Walter_AMR/amr_ws/devel/.private/spencer_social_relation_msgs/include/spencer_social_relation_msgs/SocialRelations.h, /home/luigi/amr/Walter_AMR/amr_ws/devel/include/spencer_social_relation_msgs/SocialRelations.h)
Linked: (/home/luigi/amr/Walter_AMR/amr_ws/devel/.private/spencer_social_relation_msgs/share/roseus/ros/spencer_social_relation_msgs/manifest.l, /home/luigi/amr/Walter_AMR/amr_ws/devel/share/roseus/ros/spencer_social_relation_msgs/manifest.l)
Linked: (/home/luigi/amr/Walter_AMR/amr_ws/devel/.private/spencer_social_relation_msgs/share/roseus/ros/spencer_social_relation_msgs/msg/SocialActivity.l, /home/luigi/amr/Walter_AMR/amr_ws/devel/share/roseus/ros/spencer_social_relation_msgs/msg/SocialActivity.l)
Linked: (/home/luigi/amr/Walter_AMR/amr_ws/devel/.private/spencer_social_relation_msgs/share/roseus/ros/spencer_social_relation_msgs/msg/SocialRelation.l, /home/luigi/amr/Walter_AMR/amr_ws/devel/share/roseus/ros/spencer_social_relation_msgs/msg/SocialRelation.l)
Linked: (/home/luigi/amr/Walter_AMR/amr_ws/devel/.private/spencer_social_relation_msgs/share/roseus/ros/spencer_social_relation_msgs/msg/SocialRelations.l, /home/luigi/amr/Walter_AMR/amr_ws/devel/share/roseus/ros/spencer_social_relation_msgs/msg/SocialRelations.l)
Linked: (/home/luigi/amr/Walter_AMR/amr_ws/devel/.private/spencer_social_relation_msgs/share/roseus/ros/spencer_social_relation_msgs/msg/SocialActivities.l, /home/luigi/amr/Walter_AMR/amr_ws/devel/share/roseus/ros/spencer_social_relation_msgs/msg/SocialActivities.l)
Linked: (/home/luigi/amr/Walter_AMR/amr_ws/devel/.private/spencer_social_relation_msgs/share/common-lisp/ros/spencer_social_relation_msgs/msg/SocialActivity.lisp, /home/luigi/amr/Walter_AMR/amr_ws/devel/share/common-lisp/ros/spencer_social_relation_msgs/msg/SocialActivity.lisp)
Linked: (/home/luigi/amr/Walter_AMR/amr_ws/devel/.private/spencer_social_relation_msgs/share/common-lisp/ros/spencer_social_relation_msgs/msg/SocialRelations.lisp, /home/luigi/amr/Walter_AMR/amr_ws/devel/share/common-lisp/ros/spencer_social_relation_msgs/msg/SocialRelations.lisp)
Linked: (/home/luigi/amr/Walter_AMR/amr_ws/devel/.private/spencer_social_relation_msgs/share/common-lisp/ros/spencer_social_relation_msgs/msg/_package.lisp, /home/luigi/amr/Walter_AMR/amr_ws/devel/share/common-lisp/ros/spencer_social_relation_msgs/msg/_package.lisp)
Linked: (/home/luigi/amr/Walter_AMR/amr_ws/devel/.private/spencer_social_relation_msgs/share/common-lisp/ros/spencer_social_relation_msgs/msg/_package_SocialActivity.lisp, /home/luigi/amr/Walter_AMR/amr_ws/devel/share/common-lisp/ros/spencer_social_relation_msgs/msg/_package_SocialActivity.lisp)
Linked: (/home/luigi/amr/Walter_AMR/amr_ws/devel/.private/spencer_social_relation_msgs/share/common-lisp/ros/spencer_social_relation_msgs/msg/SocialRelation.lisp, /home/luigi/amr/Walter_AMR/amr_ws/devel/share/common-lisp/ros/spencer_social_relation_msgs/msg/SocialRelation.lisp)
Linked: (/home/luigi/amr/Walter_AMR/amr_ws/devel/.private/spencer_social_relation_msgs/share/common-lisp/ros/spencer_social_relation_msgs/msg/_package_SocialRelation.lisp, /home/luigi/amr/Walter_AMR/amr_ws/devel/share/common-lisp/ros/spencer_social_relation_msgs/msg/_package_SocialRelation.lisp)
Linked: (/home/luigi/amr/Walter_AMR/amr_ws/devel/.private/spencer_social_relation_msgs/share/common-lisp/ros/spencer_social_relation_msgs/msg/_package_SocialActivities.lisp, /home/luigi/amr/Walter_AMR/amr_ws/devel/share/common-lisp/ros/spencer_social_relation_msgs/msg/_package_SocialActivities.lisp)
Linked: (/home/luigi/amr/Walter_AMR/amr_ws/devel/.private/spencer_social_relation_msgs/share/common-lisp/ros/spencer_social_relation_msgs/msg/spencer_social_relation_msgs-msg.asd, /home/luigi/amr/Walter_AMR/amr_ws/devel/share/common-lisp/ros/spencer_social_relation_msgs/msg/spencer_social_relation_msgs-msg.asd)
Linked: (/home/luigi/amr/Walter_AMR/amr_ws/devel/.private/spencer_social_relation_msgs/share/common-lisp/ros/spencer_social_relation_msgs/msg/SocialActivities.lisp, /home/luigi/amr/Walter_AMR/amr_ws/devel/share/common-lisp/ros/spencer_social_relation_msgs/msg/SocialActivities.lisp)
Linked: (/home/luigi/amr/Walter_AMR/amr_ws/devel/.private/spencer_social_relation_msgs/share/common-lisp/ros/spencer_social_relation_msgs/msg/_package_SocialRelations.lisp, /home/luigi/amr/Walter_AMR/amr_ws/devel/share/common-lisp/ros/spencer_social_relation_msgs/msg/_package_SocialRelations.lisp)
Linked: (/home/luigi/amr/Walter_AMR/amr_ws/devel/.private/spencer_social_relation_msgs/share/gennodejs/ros/spencer_social_relation_msgs/_index.js, /home/luigi/amr/Walter_AMR/amr_ws/devel/share/gennodejs/ros/spencer_social_relation_msgs/_index.js)
Linked: (/home/luigi/amr/Walter_AMR/amr_ws/devel/.private/spencer_social_relation_msgs/share/gennodejs/ros/spencer_social_relation_msgs/msg/SocialActivities.js, /home/luigi/amr/Walter_AMR/amr_ws/devel/share/gennodejs/ros/spencer_social_relation_msgs/msg/SocialActivities.js)
Linked: (/home/luigi/amr/Walter_AMR/amr_ws/devel/.private/spencer_social_relation_msgs/share/gennodejs/ros/spencer_social_relation_msgs/msg/SocialRelation.js, /home/luigi/amr/Walter_AMR/amr_ws/devel/share/gennodejs/ros/spencer_social_relation_msgs/msg/SocialRelation.js)
Linked: (/home/luigi/amr/Walter_AMR/amr_ws/devel/.private/spencer_social_relation_msgs/share/gennodejs/ros/spencer_social_relation_msgs/msg/_index.js, /home/luigi/amr/Walter_AMR/amr_ws/devel/share/gennodejs/ros/spencer_social_relation_msgs/msg/_index.js)
Linked: (/home/luigi/amr/Walter_AMR/amr_ws/devel/.private/spencer_social_relation_msgs/share/gennodejs/ros/spencer_social_relation_msgs/msg/SocialRelations.js, /home/luigi/amr/Walter_AMR/amr_ws/devel/share/gennodejs/ros/spencer_social_relation_msgs/msg/SocialRelations.js)
Linked: (/home/luigi/amr/Walter_AMR/amr_ws/devel/.private/spencer_social_relation_msgs/share/gennodejs/ros/spencer_social_relation_msgs/msg/SocialActivity.js, /home/luigi/amr/Walter_AMR/amr_ws/devel/share/gennodejs/ros/spencer_social_relation_msgs/msg/SocialActivity.js)
Linked: (/home/luigi/amr/Walter_AMR/amr_ws/devel/.private/spencer_social_relation_msgs/share/spencer_social_relation_msgs/cmake/spencer_social_relation_msgs-msg-extras.cmake, /home/luigi/amr/Walter_AMR/amr_ws/devel/share/spencer_social_relation_msgs/cmake/spencer_social_relation_msgs-msg-extras.cmake)
Linked: (/home/luigi/amr/Walter_AMR/amr_ws/devel/.private/spencer_social_relation_msgs/share/spencer_social_relation_msgs/cmake/spencer_social_relation_msgsConfig.cmake, /home/luigi/amr/Walter_AMR/amr_ws/devel/share/spencer_social_relation_msgs/cmake/spencer_social_relation_msgsConfig.cmake)
Linked: (/home/luigi/amr/Walter_AMR/amr_ws/devel/.private/spencer_social_relation_msgs/share/spencer_social_relation_msgs/cmake/spencer_social_relation_msgsConfig-version.cmake, /home/luigi/amr/Walter_AMR/amr_ws/devel/share/spencer_social_relation_msgs/cmake/spencer_social_relation_msgsConfig-version.cmake)
Linked: (/home/luigi/amr/Walter_AMR/amr_ws/devel/.private/spencer_social_relation_msgs/share/spencer_social_relation_msgs/cmake/spencer_social_relation_msgs-msg-paths.cmake, /home/luigi/amr/Walter_AMR/amr_ws/devel/share/spencer_social_relation_msgs/cmake/spencer_social_relation_msgs-msg-paths.cmake)
Linked: (/home/luigi/amr/Walter_AMR/amr_ws/devel/.private/spencer_social_relation_msgs/lib/python3/dist-packages/spencer_social_relation_msgs/__init__.py, /home/luigi/amr/Walter_AMR/amr_ws/devel/lib/python3/dist-packages/spencer_social_relation_msgs/__init__.py)
Linked: (/home/luigi/amr/Walter_AMR/amr_ws/devel/.private/spencer_social_relation_msgs/lib/python3/dist-packages/spencer_social_relation_msgs/msg/_SocialActivities.py, /home/luigi/amr/Walter_AMR/amr_ws/devel/lib/python3/dist-packages/spencer_social_relation_msgs/msg/_SocialActivities.py)
Linked: (/home/luigi/amr/Walter_AMR/amr_ws/devel/.private/spencer_social_relation_msgs/lib/python3/dist-packages/spencer_social_relation_msgs/msg/_SocialRelations.py, /home/luigi/amr/Walter_AMR/amr_ws/devel/lib/python3/dist-packages/spencer_social_relation_msgs/msg/_SocialRelations.py)
Linked: (/home/luigi/amr/Walter_AMR/amr_ws/devel/.private/spencer_social_relation_msgs/lib/python3/dist-packages/spencer_social_relation_msgs/msg/_SocialActivity.py, /home/luigi/amr/Walter_AMR/amr_ws/devel/lib/python3/dist-packages/spencer_social_relation_msgs/msg/_SocialActivity.py)
Linked: (/home/luigi/amr/Walter_AMR/amr_ws/devel/.private/spencer_social_relation_msgs/lib/python3/dist-packages/spencer_social_relation_msgs/msg/_SocialRelation.py, /home/luigi/amr/Walter_AMR/amr_ws/devel/lib/python3/dist-packages/spencer_social_relation_msgs/msg/_SocialRelation.py)
Linked: (/home/luigi/amr/Walter_AMR/amr_ws/devel/.private/spencer_social_relation_msgs/lib/python3/dist-packages/spencer_social_relation_msgs/msg/__init__.py, /home/luigi/amr/Walter_AMR/amr_ws/devel/lib/python3/dist-packages/spencer_social_relation_msgs/msg/__init__.py)
Linked: (/home/luigi/amr/Walter_AMR/amr_ws/devel/.private/spencer_social_relation_msgs/lib/pkgconfig/spencer_social_relation_msgs.pc, /home/luigi/amr/Walter_AMR/amr_ws/devel/lib/pkgconfig/spencer_social_relation_msgs.pc)
