Linked: (/home/luigi/amr/Walter_AMR/amr_ws/devel/.private/arlobotcar_nav/share/arlobotcar_nav/cmake/arlobotcar_navConfig-version.cmake, /home/luigi/amr/Walter_AMR/amr_ws/devel/share/arlobotcar_nav/cmake/arlobotcar_navConfig-version.cmake)
Linked: (/home/luigi/amr/Walter_AMR/amr_ws/devel/.private/arlobotcar_nav/share/arlobotcar_nav/cmake/arlobotcar_navConfig.cmake, /home/luigi/amr/Walter_AMR/amr_ws/devel/share/arlobotcar_nav/cmake/arlobotcar_navConfig.cmake)
Linked: (/home/luigi/amr/Walter_AMR/amr_ws/devel/.private/arlobotcar_nav/lib/python3/dist-packages/tutorial_files/__init__.py, /home/luigi/amr/Walter_AMR/amr_ws/devel/lib/python3/dist-packages/tutorial_files/__init__.py)
Linked: (/home/luigi/amr/Walter_AMR/amr_ws/devel/.private/arlobotcar_nav/lib/pkgconfig/arlobotcar_nav.pc, /home/luigi/amr/Walter_AMR/amr_ws/devel/lib/pkgconfig/arlobotcar_nav.pc)
Linked: (/home/luigi/amr/Walter_AMR/amr_ws/devel/.private/arlobotcar_nav/lib/arlobotcar_nav/cartographer_finisher.py, /home/luigi/amr/Walter_AMR/amr_ws/devel/lib/arlobotcar_nav/cartographer_finisher.py)
Linked: (/home/luigi/amr/Walter_AMR/amr_ws/devel/.private/arlobotcar_nav/lib/arlobotcar_nav/newtest.py, /home/luigi/amr/Walter_AMR/amr_ws/devel/lib/arlobotcar_nav/newtest.py)
Linked: (/home/luigi/amr/Walter_AMR/amr_ws/devel/.private/arlobotcar_nav/lib/arlobotcar_nav/repuesta_camara.py, /home/luigi/amr/Walter_AMR/amr_ws/devel/lib/arlobotcar_nav/repuesta_camara.py)
Linked: (/home/luigi/amr/Walter_AMR/amr_ws/devel/.private/arlobotcar_nav/lib/arlobotcar_nav/map_handler.py, /home/luigi/amr/Walter_AMR/amr_ws/devel/lib/arlobotcar_nav/map_handler.py)
Linked: (/home/luigi/amr/Walter_AMR/amr_ws/devel/.private/arlobotcar_nav/lib/arlobotcar_nav/move_base.py, /home/luigi/amr/Walter_AMR/amr_ws/devel/lib/arlobotcar_nav/move_base.py)
Linked: (/home/luigi/amr/Walter_AMR/amr_ws/devel/.private/arlobotcar_nav/lib/arlobotcar_nav/angular_plotter.py, /home/luigi/amr/Walter_AMR/amr_ws/devel/lib/arlobotcar_nav/angular_plotter.py)
Linked: (/home/luigi/amr/Walter_AMR/amr_ws/devel/.private/arlobotcar_nav/lib/arlobotcar_nav/oficial_walter.py, /home/luigi/amr/Walter_AMR/amr_ws/devel/lib/arlobotcar_nav/oficial_walter.py)
Linked: (/home/luigi/amr/Walter_AMR/amr_ws/devel/.private/arlobotcar_nav/lib/arlobotcar_nav/cmake.lock, /home/luigi/amr/Walter_AMR/amr_ws/devel/lib/arlobotcar_nav/cmake.lock)
Linked: (/home/luigi/amr/Walter_AMR/amr_ws/devel/.private/arlobotcar_nav/lib/arlobotcar_nav/graph_velocity.py, /home/luigi/amr/Walter_AMR/amr_ws/devel/lib/arlobotcar_nav/graph_velocity.py)
Linked: (/home/luigi/amr/Walter_AMR/amr_ws/devel/.private/arlobotcar_nav/lib/arlobotcar_nav/validacion.py, /home/luigi/amr/Walter_AMR/amr_ws/devel/lib/arlobotcar_nav/validacion.py)
Linked: (/home/luigi/amr/Walter_AMR/amr_ws/devel/.private/arlobotcar_nav/lib/arlobotcar_nav/view_velocity.py, /home/luigi/amr/Walter_AMR/amr_ws/devel/lib/arlobotcar_nav/view_velocity.py)
Linked: (/home/luigi/amr/Walter_AMR/amr_ws/devel/.private/arlobotcar_nav/lib/arlobotcar_nav/prueba_mover.py, /home/luigi/amr/Walter_AMR/amr_ws/devel/lib/arlobotcar_nav/prueba_mover.py)
Linked: (/home/luigi/amr/Walter_AMR/amr_ws/devel/.private/arlobotcar_nav/lib/arlobotcar_nav/mobile_cartographer_finisher.py, /home/luigi/amr/Walter_AMR/amr_ws/devel/lib/arlobotcar_nav/mobile_cartographer_finisher.py)
Linked: (/home/luigi/amr/Walter_AMR/amr_ws/devel/.private/arlobotcar_nav/lib/arlobotcar_nav/test_girar.py, /home/luigi/amr/Walter_AMR/amr_ws/devel/lib/arlobotcar_nav/test_girar.py)
Linked: (/home/luigi/amr/Walter_AMR/amr_ws/devel/.private/arlobotcar_nav/lib/arlobotcar_nav/test_feedback.py, /home/luigi/amr/Walter_AMR/amr_ws/devel/lib/arlobotcar_nav/test_feedback.py)
Linked: (/home/luigi/amr/Walter_AMR/amr_ws/devel/.private/arlobotcar_nav/lib/arlobotcar_nav/move_base_curso.py, /home/luigi/amr/Walter_AMR/amr_ws/devel/lib/arlobotcar_nav/move_base_curso.py)
Linked: (/home/luigi/amr/Walter_AMR/amr_ws/devel/.private/arlobotcar_nav/lib/arlobotcar_nav/prueba_girar.py, /home/luigi/amr/Walter_AMR/amr_ws/devel/lib/arlobotcar_nav/prueba_girar.py)
Linked: (/home/luigi/amr/Walter_AMR/amr_ws/devel/.private/arlobotcar_nav/lib/arlobotcar_nav/buscar_orientacion.py, /home/luigi/amr/Walter_AMR/amr_ws/devel/lib/arlobotcar_nav/buscar_orientacion.py)
Linked: (/home/luigi/amr/Walter_AMR/amr_ws/devel/.private/arlobotcar_nav/lib/arlobotcar_nav/bringup_topics.py, /home/luigi/amr/Walter_AMR/amr_ws/devel/lib/arlobotcar_nav/bringup_topics.py)
