Symlinking /home/luigi/amr/Walter_AMR/amr_ws/devel/share/arlobotcar_nav/cmake/arlobotcar_navConfig-version.cmake
Symlinking /home/luigi/amr/Walter_AMR/amr_ws/devel/share/arlobotcar_nav/cmake/arlobotcar_navConfig.cmake
Symlinking /home/luigi/amr/Walter_AMR/amr_ws/devel/lib/python3/dist-packages/tutorial_files/__init__.py
Symlinking /home/luigi/amr/Walter_AMR/amr_ws/devel/lib/pkgconfig/arlobotcar_nav.pc
Symlinking /home/luigi/amr/Walter_AMR/amr_ws/devel/lib/arlobotcar_nav/cartographer_finisher.py
Symlinking /home/luigi/amr/Walter_AMR/amr_ws/devel/lib/arlobotcar_nav/newtest.py
Symlinking /home/luigi/amr/Walter_AMR/amr_ws/devel/lib/arlobotcar_nav/repuesta_camara.py
Symlinking /home/luigi/amr/Walter_AMR/amr_ws/devel/lib/arlobotcar_nav/map_handler.py
Symlinking /home/luigi/amr/Walter_AMR/amr_ws/devel/lib/arlobotcar_nav/move_base.py
Symlinking /home/luigi/amr/Walter_AMR/amr_ws/devel/lib/arlobotcar_nav/angular_plotter.py
Symlinking /home/luigi/amr/Walter_AMR/amr_ws/devel/lib/arlobotcar_nav/oficial_walter.py
Symlinking /home/luigi/amr/Walter_AMR/amr_ws/devel/lib/arlobotcar_nav/cmake.lock
Symlinking /home/luigi/amr/Walter_AMR/amr_ws/devel/lib/arlobotcar_nav/graph_velocity.py
Symlinking /home/luigi/amr/Walter_AMR/amr_ws/devel/lib/arlobotcar_nav/validacion.py
Symlinking /home/luigi/amr/Walter_AMR/amr_ws/devel/lib/arlobotcar_nav/view_velocity.py
Symlinking /home/luigi/amr/Walter_AMR/amr_ws/devel/lib/arlobotcar_nav/prueba_mover.py
Symlinking /home/luigi/amr/Walter_AMR/amr_ws/devel/lib/arlobotcar_nav/mobile_cartographer_finisher.py
Symlinking /home/luigi/amr/Walter_AMR/amr_ws/devel/lib/arlobotcar_nav/test_girar.py
Symlinking /home/luigi/amr/Walter_AMR/amr_ws/devel/lib/arlobotcar_nav/test_feedback.py
Symlinking /home/luigi/amr/Walter_AMR/amr_ws/devel/lib/arlobotcar_nav/move_base_curso.py
Symlinking /home/luigi/amr/Walter_AMR/amr_ws/devel/lib/arlobotcar_nav/prueba_girar.py
Symlinking /home/luigi/amr/Walter_AMR/amr_ws/devel/lib/arlobotcar_nav/buscar_orientacion.py
Symlinking /home/luigi/amr/Walter_AMR/amr_ws/devel/lib/arlobotcar_nav/bringup_topics.py
